<?xml version="1.0" encoding="utf-8"?>
<TestRun id="3a0d00f1-d19e-4cea-8ee0-d01e6d1240e8" name="@Ryans-Mac-mini 2026-03-15 23:18:36" xmlns="http://microsoft.com/schemas/VisualStudio/TeamTest/2010">
  <Times creation="2026-03-15T23:18:36.7310410-05:00" queuing="2026-03-15T23:18:36.7310410-05:00" start="2026-03-15T23:18:36.3346480-05:00" finish="2026-03-15T23:18:37.0750220-05:00" />
  <TestSettings name="default" id="8f9768ee-1663-4ae0-9862-b56801050b2d">
    <Deployment runDeploymentRoot="_Ryans-Mac-mini_2026-03-15_23_18_36" />
  </TestSettings>
  <Results>
    <UnitTestResult executionId="af166941-cd14-4465-8f89-0265628a5d2c" testId="b913be5a-0b8d-1604-2601-c0ba3796b1cb" testName="Grouping.block with only messages inside" computerName="Ryans-Mac-mini" startTime="2026-03-15T23:18:36.8162070-05:00" endTime="2026-03-15T23:18:36.8164730-05:00" testType="13cdc9d9-ddb5-4fa4-a97d-d965ccfc6d4b" outcome="Passed" testListId="8c84fa94-04c1-424b-9868-57a2d4851a1d" relativeResultsDirectory="af166941-cd14-4465-8f89-0265628a5d2c" />
    <UnitTestResult executionId="a63e78a3-c380-4a07-995e-0cc01ae5b499" testId="06891c95-a906-0b52-5dcc-5eec28373e9f" testName="RoundTrip.Onboarding Flow.title is Onboarding Flow" computerName="Ryans-Mac-mini" duration="00:00:00.0030000" startTime="2026-03-15T23:18:36.7175950-05:00" endTime="2026-03-15T23:18:36.7246870-05:00" testType="13cdc9d9-ddb5-4fa4-a97d-d965ccfc6d4b" outcome="Passed" testListId="8c84fa94-04c1-424b-9868-57a2d4851a1d" relativeResultsDirectory="a63e78a3-c380-4a07-995e-0cc01ae5b499" />
    <UnitTestResult executionId="bf072639-5914-4a9f-b42c-fa474d3ee9a1" testId="2da6cc63-27d9-fd2b-554f-ca76a421012a" testName="Error Recovery.unsupported construct 'deactivate' produces warning and skips" computerName="Ryans-Mac-mini" startTime="2026-03-15T23:18:36.7618210-05:00" endTime="2026-03-15T23:18:36.7624390-05:00" testType="13cdc9d9-ddb5-4fa4-a97d-d965ccfc6d4b" outcome="Passed" testListId="8c84fa94-04c1-424b-9868-57a2d4851a1d" relativeResultsDirectory="bf072639-5914-4a9f-b42c-fa474d3ee9a1" />
    <UnitTestResult executionId="3dfff4be-98ac-438c-91d1-36fb4a62e761" testId="def47824-be5e-8b5f-6999-30068dabba84" testName="Parser.dashed deactivating message" computerName="Ryans-Mac-mini" startTime="2026-03-15T23:18:36.8273970-05:00" endTime="2026-03-15T23:18:36.8278520-05:00" testType="13cdc9d9-ddb5-4fa4-a97d-d965ccfc6d4b" outcome="Passed" testListId="8c84fa94-04c1-424b-9868-57a2d4851a1d" relativeResultsDirectory="3dfff4be-98ac-438c-91d1-36fb4a62e761" />
    <UnitTestResult executionId="1e1de5b7-e794-4257-83e1-0547476498a4" testId="5a38d088-7adf-77b2-ca5b-66935ce64d71" testName="Parser.whitespace only produces empty diagram" computerName="Ryans-Mac-mini" startTime="2026-03-15T23:18:36.8162460-05:00" endTime="2026-03-15T23:18:36.8164680-05:00" testType="13cdc9d9-ddb5-4fa4-a97d-d965ccfc6d4b" outcome="Passed" testListId="8c84fa94-04c1-424b-9868-57a2d4851a1d" relativeResultsDirectory="1e1de5b7-e794-4257-83e1-0547476498a4" />
    <UnitTestResult executionId="450876b3-2a1f-4b5b-afd9-44b86c7322d5" testId="130a7ffe-494e-98ab-1324-5143bedd0661" testName="Grouping.par block with simple body" computerName="Ryans-Mac-mini" startTime="2026-03-15T23:18:36.7949670-05:00" endTime="2026-03-15T23:18:36.7951300-05:00" testType="13cdc9d9-ddb5-4fa4-a97d-d965ccfc6d4b" outcome="Passed" testListId="8c84fa94-04c1-424b-9868-57a2d4851a1d" relativeResultsDirectory="450876b3-2a1f-4b5b-afd9-44b86c7322d5" />
    <UnitTestResult executionId="11be4a31-18ca-4246-9248-33375d51efed" testId="1c29bffa-025d-d129-651f-adb0582d85d1" testName="RoundTrip.Onboarding Flow.first message: Client-&gt;API solid forward" computerName="Ryans-Mac-mini" duration="00:00:00.0040000" startTime="2026-03-15T23:18:36.7177350-05:00" endTime="2026-03-15T23:18:36.7247750-05:00" testType="13cdc9d9-ddb5-4fa4-a97d-d965ccfc6d4b" outcome="Passed" testListId="8c84fa94-04c1-424b-9868-57a2d4851a1d" relativeResultsDirectory="11be4a31-18ca-4246-9248-33375d51efed" />
    <UnitTestResult executionId="171deba8-3568-411b-b873-65611db8f3b3" testId="f967c0cc-874b-dcde-4ec4-00ef911674c1" testName="GuardParser.guard with only whitespace remaining" computerName="Ryans-Mac-mini" startTime="2026-03-15T23:18:36.8710250-05:00" endTime="2026-03-15T23:18:36.8714390-05:00" testType="13cdc9d9-ddb5-4fa4-a97d-d965ccfc6d4b" outcome="Passed" testListId="8c84fa94-04c1-424b-9868-57a2d4851a1d" relativeResultsDirectory="171deba8-3568-411b-b873-65611db8f3b3" />
    <UnitTestResult executionId="5a44f218-7a39-47e6-83e7-5c711fe1dc2c" testId="a98bbba5-3ac1-a059-1e4e-a041a2eb54bc" testName="Store.DisposalLifecycle.Dispose sends OnCompleted to subscribers" computerName="Ryans-Mac-mini" duration="00:00:00.0010000" startTime="2026-03-15T23:18:37.0045120-05:00" endTime="2026-03-15T23:18:37.0059920-05:00" testType="13cdc9d9-ddb5-4fa4-a97d-d965ccfc6d4b" outcome="Passed" testListId="8c84fa94-04c1-424b-9868-57a2d4851a1d" relativeResultsDirectory="5a44f218-7a39-47e6-83e7-5c711fe1dc2c" />
    <UnitTestResult executionId="896b8b27-101b-40b6-9c95-939068806d6a" testId="cdc355aa-570a-202c-672b-95f70f72bb4e" testName="GuardParser.position with leading whitespace offset" computerName="Ryans-Mac-mini" startTime="2026-03-15T23:18:36.8821760-05:00" endTime="2026-03-15T23:18:36.8824290-05:00" testType="13cdc9d9-ddb5-4fa4-a97d-d965ccfc6d4b" outcome="Passed" testListId="8c84fa94-04c1-424b-9868-57a2d4851a1d" relativeResultsDirectory="896b8b27-101b-40b6-9c95-939068806d6a" />
    <UnitTestResult executionId="04938fcb-d6a8-48a2-8d90-9355225924b6" testId="345b7217-b119-cdc1-9e9d-c92a1514f1d4" testName="StateMachineMiddleware.Returns 403 when guard blocks with NotAllowed" computerName="Ryans-Mac-mini" duration="00:00:00.0070000" startTime="2026-03-15T23:18:36.9825770-05:00" endTime="2026-03-15T23:18:36.9901730-05:00" testType="13cdc9d9-ddb5-4fa4-a97d-d965ccfc6d4b" outcome="Passed" testListId="8c84fa94-04c1-424b-9868-57a2d4851a1d" relativeResultsDirectory="04938fcb-d6a8-48a2-8d90-9355225924b6" />
    <UnitTestResult executionId="e1e5e402-2fc0-4735-8dac-2a75f3c10b1f" testId="c9d03ea8-2a10-3a84-36fd-8d2a0014a75b" testName="RoundTrip.Edge Cases.message with no parameters" computerName="Ryans-Mac-mini" startTime="2026-03-15T23:18:36.7400330-05:00" endTime="2026-03-15T23:18:36.7403790-05:00" testType="13cdc9d9-ddb5-4fa4-a97d-d965ccfc6d4b" outcome="Passed" testListId="8c84fa94-04c1-424b-9868-57a2d4851a1d" relativeResultsDirectory="e1e5e402-2fc0-4735-8dac-2a75f3c10b1f" />
    <UnitTestResult executionId="15c4ce9e-1d55-4750-9153-a916e7b8d210" testId="1e4ab8ac-356f-ad7a-0092-1f15fbd21782" testName="Store.ObservableNotification.Unsubscribe stops notifications" computerName="Ryans-Mac-mini" duration="00:00:00.0530000" startTime="2026-03-15T23:18:36.9931620-05:00" endTime="2026-03-15T23:18:37.0466850-05:00" testType="13cdc9d9-ddb5-4fa4-a97d-d965ccfc6d4b" outcome="Passed" testListId="8c84fa94-04c1-424b-9868-57a2d4851a1d" relativeResultsDirectory="15c4ce9e-1d55-4750-9153-a916e7b8d210" />
    <UnitTestResult executionId="f2cf2dda-e596-42a7-89fa-bb90066c92d2" testId="e4b0ce44-ff51-301e-7be6-e2f5fac64334" testName="RoundTrip.Edge Cases.tabs and spaces both accepted" computerName="Ryans-Mac-mini" startTime="2026-03-15T23:18:36.7509820-05:00" endTime="2026-03-15T23:18:36.7511140-05:00" testType="13cdc9d9-ddb5-4fa4-a97d-d965ccfc6d4b" outcome="Passed" testListId="8c84fa94-04c1-424b-9868-57a2d4851a1d" relativeResultsDirectory="f2cf2dda-e596-42a7-89fa-bb90066c92d2" />
    <UnitTestResult executionId="1edcf35f-9892-4f4d-8723-eea281e748c8" testId="92b9f2e4-ea22-453a-540a-ebe7f8d860b4" testName="Multi-level statecharts.Sub-state transition: Playing XTurn -&gt; Playing OTurn" computerName="Ryans-Mac-mini" duration="00:00:00.0150000" startTime="2026-03-15T23:18:36.9607660-05:00" endTime="2026-03-15T23:18:36.9762160-05:00" testType="13cdc9d9-ddb5-4fa4-a97d-d965ccfc6d4b" outcome="Passed" testListId="8c84fa94-04c1-424b-9868-57a2d4851a1d" relativeResultsDirectory="1edcf35f-9892-4f4d-8723-eea281e748c8" />
    <UnitTestResult executionId="2f093c12-7d26-4a7c-8d56-f6ff09dfe07b" testId="d9299142-6fde-f829-2c0a-9a80448af89a" testName="Parser.US1-S2: title and autonumber directives" computerName="Ryans-Mac-mini" startTime="2026-03-15T23:18:36.8496640-05:00" endTime="2026-03-15T23:18:36.8498760-05:00" testType="13cdc9d9-ddb5-4fa4-a97d-d965ccfc6d4b" outcome="Passed" testListId="8c84fa94-04c1-424b-9868-57a2d4851a1d" relativeResultsDirectory="2f093c12-7d26-4a7c-8d56-f6ff09dfe07b" />
    <UnitTestResult executionId="57cb8799-72a4-4e22-baa1-2452b1e963f4" testId="34f88851-080d-863e-d83d-46993a781f1f" testName="RoundTrip.Tic-Tac-Toe.alt block with two branches" computerName="Ryans-Mac-mini" duration="00:00:00.0010000" startTime="2026-03-15T23:18:36.7288340-05:00" endTime="2026-03-15T23:18:36.7303880-05:00" testType="13cdc9d9-ddb5-4fa4-a97d-d965ccfc6d4b" outcome="Passed" testListId="8c84fa94-04c1-424b-9868-57a2d4851a1d" relativeResultsDirectory="57cb8799-72a4-4e22-baa1-2452b1e963f4" />
    <UnitTestResult executionId="b24472a3-a298-489a-8ab2-977686f34c14" testId="c03ef373-44ce-e018-58f2-9a431333f2d3" testName="Parser.note over participant with missing colon produces error" computerName="Ryans-Mac-mini" startTime="2026-03-15T23:18:36.8496120-05:00" endTime="2026-03-15T23:18:36.8498690-05:00" testType="13cdc9d9-ddb5-4fa4-a97d-d965ccfc6d4b" outcome="Passed" testListId="8c84fa94-04c1-424b-9868-57a2d4851a1d" relativeResultsDirectory="b24472a3-a298-489a-8ab2-977686f34c14" />
    <UnitTestResult executionId="f1f5233f-2b7e-4a46-a3ee-87cc1d559537" testId="a0b80fa0-f6f8-9573-b80e-7c1d3a90f328" testName="StatechartETagProvider.DeterministicHashing.same state and context produce same ETag" computerName="Ryans-Mac-mini" duration="00:00:00.0200000" startTime="2026-03-15T23:18:36.6917590-05:00" endTime="2026-03-15T23:18:36.7151060-05:00" testType="13cdc9d9-ddb5-4fa4-a97d-d965ccfc6d4b" outcome="Passed" testListId="8c84fa94-04c1-424b-9868-57a2d4851a1d" relativeResultsDirectory="f1f5233f-2b7e-4a46-a3ee-87cc1d559537" />
    <UnitTestResult executionId="d637b4af-4dd1-47c6-9d93-dff41d4e1f18" testId="88dac574-6069-f60a-11c6-05b351bddac6" testName="Grouping.condition text preserved on group" computerName="Ryans-Mac-mini" startTime="2026-03-15T23:18:36.7950260-05:00" endTime="2026-03-15T23:18:36.7953360-05:00" testType="13cdc9d9-ddb5-4fa4-a97d-d965ccfc6d4b" outcome="Passed" testListId="8c84fa94-04c1-424b-9868-57a2d4851a1d" relativeResultsDirectory="d637b4af-4dd1-47c6-9d93-dff41d4e1f18" />
    <UnitTestResult executionId="e8385817-353c-47c2-9951-b0c6c5e256fb" testId="64f8463b-8042-1b88-dccc-47323c368eea" testName="StateMachineMiddleware.New instance uses Initial state from machine" computerName="Ryans-Mac-mini" duration="00:00:00.0070000" startTime="2026-03-15T23:18:36.9826340-05:00" endTime="2026-03-15T23:18:36.9904350-05:00" testType="13cdc9d9-ddb5-4fa4-a97d-d965ccfc6d4b" outcome="Passed" testListId="8c84fa94-04c1-424b-9868-57a2d4851a1d" relativeResultsDirectory="e8385817-353c-47c2-9951-b0c6c5e256fb" />
    <UnitTestResult executionId="7d35338c-d589-44d4-bffa-6ba9fc1bb084" testId="f1f83eac-e3e6-c438-b51d-8281db2b4e6b" testName="GuardParser.no guard: plain text returns None" computerName="Ryans-Mac-mini" startTime="2026-03-15T23:18:36.8605230-05:00" endTime="2026-03-15T23:18:36.8608400-05:00" testType="13cdc9d9-ddb5-4fa4-a97d-d965ccfc6d4b" outcome="Passed" testListId="8c84fa94-04c1-424b-9868-57a2d4851a1d" relativeResultsDirectory="7d35338c-d589-44d4-bffa-6ba9fc1bb084" />
    <UnitTestResult executionId="1d786d2e-f13f-48fb-a259-c41b506abf0e" testId="2bbf6623-c890-2075-cb40-1d048f7b6b0a" testName="RoundTrip.Onboarding Flow.three explicit participants" computerName="Ryans-Mac-mini" duration="00:00:00.0040000" startTime="2026-03-15T23:18:36.7177170-05:00" endTime="2026-03-15T23:18:36.7248630-05:00" testType="13cdc9d9-ddb5-4fa4-a97d-d965ccfc6d4b" outcome="Passed" testListId="8c84fa94-04c1-424b-9868-57a2d4851a1d" relativeResultsDirectory="1d786d2e-f13f-48fb-a259-c41b506abf0e" />
    <UnitTestResult executionId="351a9cfa-2019-42d3-b503-4d2e7642667f" testId="9dc90e3c-f2dc-8079-6ac0-df3a3aa13329" testName="RoundTrip.Tic-Tac-Toe.title is Tic-Tac-Toe Game" computerName="Ryans-Mac-mini" duration="00:00:00.0010000" startTime="2026-03-15T23:18:36.7288010-05:00" endTime="2026-03-15T23:18:36.7301830-05:00" testType="13cdc9d9-ddb5-4fa4-a97d-d965ccfc6d4b" outcome="Passed" testListId="8c84fa94-04c1-424b-9868-57a2d4851a1d" relativeResultsDirectory="351a9cfa-2019-42d3-b503-4d2e7642667f" />
    <UnitTestResult executionId="1446ed5c-8d20-43be-be50-24f2add40abf" testId="cb0b514f-3682-246b-2a76-2e66ec65b17c" testName="Error Recovery.guard integration: note with guard only" computerName="Ryans-Mac-mini" duration="00:00:00.0080000" startTime="2026-03-15T23:18:36.7728400-05:00" endTime="2026-03-15T23:18:36.7813240-05:00" testType="13cdc9d9-ddb5-4fa4-a97d-d965ccfc6d4b" outcome="Passed" testListId="8c84fa94-04c1-424b-9868-57a2d4851a1d" relativeResultsDirectory="1446ed5c-8d20-43be-be50-24f2add40abf" />
    <UnitTestResult executionId="013850e5-2f2e-45b2-abae-32090fbd1ffc" testId="9a024872-481b-5bf2-20f5-ad19a3641044" testName="Multiple guards.All guards pass when none block" computerName="Ryans-Mac-mini" duration="00:00:00.0090000" startTime="2026-03-15T23:18:36.9607160-05:00" endTime="2026-03-15T23:18:36.9702490-05:00" testType="13cdc9d9-ddb5-4fa4-a97d-d965ccfc6d4b" outcome="Passed" testListId="8c84fa94-04c1-424b-9868-57a2d4851a1d" relativeResultsDirectory="013850e5-2f2e-45b2-abae-32090fbd1ffc" />
    <UnitTestResult executionId="33462a3e-1a37-4086-ad44-fa8db46f4a4a" testId="c89bdb5b-f8a6-7ed9-2dea-b5af0007744f" testName="GuardParser.case insensitive: GUARD" computerName="Ryans-Mac-mini" startTime="2026-03-15T23:18:36.8710720-05:00" endTime="2026-03-15T23:18:36.8713550-05:00" testType="13cdc9d9-ddb5-4fa4-a97d-d965ccfc6d4b" outcome="Passed" testListId="8c84fa94-04c1-424b-9868-57a2d4851a1d" relativeResultsDirectory="33462a3e-1a37-4086-ad44-fa8db46f4a4a" />
    <UnitTestResult executionId="8a0ce23f-f1df-4d4c-b9e2-e397f1482241" testId="5c63ece9-1ee7-c4df-4d76-5c1eba89be2d" testName="Filtered affordances.Handler discovers only GET in Won state" computerName="Ryans-Mac-mini" duration="00:00:00.0070000" startTime="2026-03-15T23:18:36.9508060-05:00" endTime="2026-03-15T23:18:36.9583460-05:00" testType="13cdc9d9-ddb5-4fa4-a97d-d965ccfc6d4b" outcome="Passed" testListId="8c84fa94-04c1-424b-9868-57a2d4851a1d" relativeResultsDirectory="8a0ce23f-f1df-4d4c-b9e2-e397f1482241" />
    <UnitTestResult executionId="db6fa68b-80b3-441a-aef5-5c1b08703b45" testId="1e221b51-96c9-e2b9-bac7-86180d610a0e" testName="Error Recovery.corrective example for missing receiver after arrow" computerName="Ryans-Mac-mini" startTime="2026-03-15T23:18:36.7617600-05:00" endTime="2026-03-15T23:18:36.7623680-05:00" testType="13cdc9d9-ddb5-4fa4-a97d-d965ccfc6d4b" outcome="Passed" testListId="8c84fa94-04c1-424b-9868-57a2d4851a1d" relativeResultsDirectory="db6fa68b-80b3-441a-aef5-5c1b08703b45" />
    <UnitTestResult executionId="a48d1431-b603-413a-b6ff-dcc1fae52e98" testId="93cbb9ae-2ae1-a3fb-3cb1-7974f3fbade4" testName="Grouping.else with condition text" computerName="Ryans-Mac-mini" startTime="2026-03-15T23:18:36.7950780-05:00" endTime="2026-03-15T23:18:36.7955930-05:00" testType="13cdc9d9-ddb5-4fa4-a97d-d965ccfc6d4b" outcome="Passed" testListId="8c84fa94-04c1-424b-9868-57a2d4851a1d" relativeResultsDirectory="a48d1431-b603-413a-b6ff-dcc1fae52e98" />
    <UnitTestResult executionId="55fdf4f3-a14f-45f4-b1a0-a3ce23491339" testId="e5ee966f-ac94-e4bf-bd22-1e9578ea16a4" testName="RoundTrip.parseWsd with null produces empty or handles gracefully" computerName="Ryans-Mac-mini" startTime="2026-03-15T23:18:36.7510140-05:00" endTime="2026-03-15T23:18:36.7516440-05:00" testType="13cdc9d9-ddb5-4fa4-a97d-d965ccfc6d4b" outcome="Passed" testListId="8c84fa94-04c1-424b-9868-57a2d4851a1d" relativeResultsDirectory="55fdf4f3-a14f-45f4-b1a0-a3ce23491339" />
    <UnitTestResult executionId="42fd34ad-1004-4c26-b579-37e1c1aec738" testId="1abb181f-b6f3-16b2-44d5-d2795ffb3de1" testName="Grouping.alt block with simple body" computerName="Ryans-Mac-mini" startTime="2026-03-15T23:18:36.7839440-05:00" endTime="2026-03-15T23:18:36.7846840-05:00" testType="13cdc9d9-ddb5-4fa4-a97d-d965ccfc6d4b" outcome="Passed" testListId="8c84fa94-04c1-424b-9868-57a2d4851a1d" relativeResultsDirectory="42fd34ad-1004-4c26-b579-37e1c1aec738" />
    <UnitTestResult executionId="baf1012b-326a-41ab-a728-bd5fa870c228" testId="76d7b5a2-a04c-61e3-cbfe-be0e1f81cb82" testName="StateMachineMiddleware.onTransition hook fires after successful transition" computerName="Ryans-Mac-mini" duration="00:00:00.0080000" startTime="2026-03-15T23:18:36.9826290-05:00" endTime="2026-03-15T23:18:36.9906560-05:00" testType="13cdc9d9-ddb5-4fa4-a97d-d965ccfc6d4b" outcome="Passed" testListId="8c84fa94-04c1-424b-9868-57a2d4851a1d" relativeResultsDirectory="baf1012b-326a-41ab-a728-bd5fa870c228" />
    <UnitTestResult executionId="9d6c6d83-9f01-40b1-983b-58eb0af8f25b" testId="a86dced6-2452-149b-3018-d34b0c9aed5a" testName="RoundTrip.Tic-Tac-Toe.messages have correct arrow styles" computerName="Ryans-Mac-mini" duration="00:00:00.0010000" startTime="2026-03-15T23:18:36.7288470-05:00" endTime="2026-03-15T23:18:36.7302200-05:00" testType="13cdc9d9-ddb5-4fa4-a97d-d965ccfc6d4b" outcome="Passed" testListId="8c84fa94-04c1-424b-9868-57a2d4851a1d" relativeResultsDirectory="9d6c6d83-9f01-40b1-983b-58eb0af8f25b" />
    <UnitTestResult executionId="76b59edb-6ca4-4f90-a6ea-4f5706db9353" testId="8fec26d1-95b3-4b3e-514e-0f5e5d843418" testName="GuardParser.multiple errors in one guard" computerName="Ryans-Mac-mini" startTime="2026-03-15T23:18:36.8821390-05:00" endTime="2026-03-15T23:18:36.8825160-05:00" testType="13cdc9d9-ddb5-4fa4-a97d-d965ccfc6d4b" outcome="Passed" testListId="8c84fa94-04c1-424b-9868-57a2d4851a1d" relativeResultsDirectory="76b59edb-6ca4-4f90-a6ea-4f5706db9353" />
    <UnitTestResult executionId="197c146b-79a4-41d5-800a-2160eb2d0b8f" testId="867d018e-bce0-3ecc-0b7c-b7e74a4a5642" testName="RoundTrip.Edge Cases.self-message works" computerName="Ryans-Mac-mini" startTime="2026-03-15T23:18:36.7399410-05:00" endTime="2026-03-15T23:18:36.7402570-05:00" testType="13cdc9d9-ddb5-4fa4-a97d-d965ccfc6d4b" outcome="Passed" testListId="8c84fa94-04c1-424b-9868-57a2d4851a1d" relativeResultsDirectory="197c146b-79a4-41d5-800a-2160eb2d0b8f" />
    <UnitTestResult executionId="0a8c955c-29a9-4391-8bb6-c9ecc8fa5cc2" testId="ed28dc50-f90e-a606-dd6c-0488c6938c2b" testName="Multi-level statecharts.Full hierarchical lifecycle with player assignment in context" computerName="Ryans-Mac-mini" duration="00:00:00.0040000" startTime="2026-03-15T23:18:36.9710470-05:00" endTime="2026-03-15T23:18:36.9762130-05:00" testType="13cdc9d9-ddb5-4fa4-a97d-d965ccfc6d4b" outcome="Passed" testListId="8c84fa94-04c1-424b-9868-57a2d4851a1d" relativeResultsDirectory="0a8c955c-29a9-4391-8bb6-c9ecc8fa5cc2" />
    <UnitTestResult executionId="2900ae81-9430-4e49-9bea-d913a505f266" testId="39e5e1f9-1f64-1c97-64e7-5e5cdf21f1a1" testName="TransitionResult.Invalid carries message" computerName="Ryans-Mac-mini" startTime="2026-03-15T23:18:37.0266240-05:00" endTime="2026-03-15T23:18:37.0273930-05:00" testType="13cdc9d9-ddb5-4fa4-a97d-d965ccfc6d4b" outcome="Passed" testListId="8c84fa94-04c1-424b-9868-57a2d4851a1d" relativeResultsDirectory="2900ae81-9430-4e49-9bea-d913a505f266" />
    <UnitTestResult executionId="a3fec181-5e26-4207-8a16-b58384c18ec4" testId="7beddd2e-0292-f6ed-480d-71b1377889f7" testName="RoundTrip.Onboarding Flow.autonumber is true" computerName="Ryans-Mac-mini" duration="00:00:00.0030000" startTime="2026-03-15T23:18:36.7176980-05:00" endTime="2026-03-15T23:18:36.7247010-05:00" testType="13cdc9d9-ddb5-4fa4-a97d-d965ccfc6d4b" outcome="Passed" testListId="8c84fa94-04c1-424b-9868-57a2d4851a1d" relativeResultsDirectory="a3fec181-5e26-4207-8a16-b58384c18ec4" />
    <UnitTestResult executionId="954f677f-b28a-435c-9abd-bce1892648d2" testId="908c6973-6c60-0598-baaa-78b0a5e70d7c" testName="Error Recovery.unsupported construct 'activate' produces warning and skips" computerName="Ryans-Mac-mini" startTime="2026-03-15T23:18:36.7617970-05:00" endTime="2026-03-15T23:18:36.7624970-05:00" testType="13cdc9d9-ddb5-4fa4-a97d-d965ccfc6d4b" outcome="Passed" testListId="8c84fa94-04c1-424b-9868-57a2d4851a1d" relativeResultsDirectory="954f677f-b28a-435c-9abd-bce1892648d2" />
    <UnitTestResult executionId="3da91c65-0ffe-4523-b98d-f3af64ff7557" testId="83613183-8c3d-baec-7a21-657e4fe4de8d" testName="Parser.explicit then implicit: participant stays explicit" computerName="Ryans-Mac-mini" startTime="2026-03-15T23:18:36.8384040-05:00" endTime="2026-03-15T23:18:36.8387940-05:00" testType="13cdc9d9-ddb5-4fa4-a97d-d965ccfc6d4b" outcome="Passed" testListId="8c84fa94-04c1-424b-9868-57a2d4851a1d" relativeResultsDirectory="3da91c65-0ffe-4523-b98d-f3af64ff7557" />
    <UnitTestResult executionId="ef2970dc-842b-401b-801a-279f5c9eb2f4" testId="6686842c-61e6-4562-9c6e-6d8edbae1e7a" testName="Store.BasicCRUD.SetState then GetState returns stored value" computerName="Ryans-Mac-mini" duration="00:00:00.0020000" startTime="2026-03-15T23:18:36.9930470-05:00" endTime="2026-03-15T23:18:36.9953980-05:00" testType="13cdc9d9-ddb5-4fa4-a97d-d965ccfc6d4b" outcome="Passed" testListId="8c84fa94-04c1-424b-9868-57a2d4851a1d" relativeResultsDirectory="ef2970dc-842b-401b-801a-279f5c9eb2f4" />
    <UnitTestResult executionId="809dc500-68d7-440b-bf54-21e6ad61139a" testId="f869e6f7-9a2a-57e3-87ad-df530e0f54d6" testName="RoundTrip.Tic-Tac-Toe.four participants" computerName="Ryans-Mac-mini" duration="00:00:00.0010000" startTime="2026-03-15T23:18:36.7288060-05:00" endTime="2026-03-15T23:18:36.7301660-05:00" testType="13cdc9d9-ddb5-4fa4-a97d-d965ccfc6d4b" outcome="Passed" testListId="8c84fa94-04c1-424b-9868-57a2d4851a1d" relativeResultsDirectory="809dc500-68d7-440b-bf54-21e6ad61139a" />
    <UnitTestResult executionId="a01b52c3-fe20-4ed7-903b-c5b73c7e5fd9" testId="8b86af69-981e-e352-5a8a-ba8bab39725a" testName="Error Recovery.error recovery inside group body" computerName="Ryans-Mac-mini" startTime="2026-03-15T23:18:36.7839110-05:00" endTime="2026-03-15T23:18:36.7845370-05:00" testType="13cdc9d9-ddb5-4fa4-a97d-d965ccfc6d4b" outcome="Passed" testListId="8c84fa94-04c1-424b-9868-57a2d4851a1d" relativeResultsDirectory="a01b52c3-fe20-4ed7-903b-c5b73c7e5fd9" />
    <UnitTestResult executionId="d502c205-ea99-41e1-a658-3dca92d4debe" testId="0d881368-67bc-17ba-abf3-ba2b0d8fddc3" testName="Store.DisposalLifecycle.Disposed store throws ObjectDisposedException on SetState" computerName="Ryans-Mac-mini" startTime="2026-03-15T23:18:37.0045260-05:00" endTime="2026-03-15T23:18:37.0055750-05:00" testType="13cdc9d9-ddb5-4fa4-a97d-d965ccfc6d4b" outcome="Passed" testListId="8c84fa94-04c1-424b-9868-57a2d4851a1d" relativeResultsDirectory="d502c205-ea99-41e1-a658-3dca92d4debe" />
    <UnitTestResult executionId="1fd33e81-e863-4b8b-b1a9-a6040475024b" testId="57606afc-01ae-12a2-4598-b27df61d6af5" testName="Guard evaluation.Context-aware guard allows when move count below limit" computerName="Ryans-Mac-mini" duration="00:00:00.0080000" startTime="2026-03-15T23:18:36.9503060-05:00" endTime="2026-03-15T23:18:36.9583500-05:00" testType="13cdc9d9-ddb5-4fa4-a97d-d965ccfc6d4b" outcome="Passed" testListId="8c84fa94-04c1-424b-9868-57a2d4851a1d" relativeResultsDirectory="1fd33e81-e863-4b8b-b1a9-a6040475024b" />
    <UnitTestResult executionId="71cd219b-b1bd-42bf-92ff-a84e09c40c2b" testId="5589f919-40ed-f468-02ae-e7eccd5c8b99" testName="RoundTrip.Edge Cases.whitespace-only lines ignored" computerName="Ryans-Mac-mini" startTime="2026-03-15T23:18:36.7399060-05:00" endTime="2026-03-15T23:18:36.7400510-05:00" testType="13cdc9d9-ddb5-4fa4-a97d-d965ccfc6d4b" outcome="Passed" testListId="8c84fa94-04c1-424b-9868-57a2d4851a1d" relativeResultsDirectory="71cd219b-b1bd-42bf-92ff-a84e09c40c2b" />
    <UnitTestResult executionId="f535deec-e620-45f4-b22c-6a87484bf2e2" testId="594a6dfe-be78-636f-c9fe-95f5c1e9707b" testName="Store.Concurrency.Concurrent GetState during SetState does not throw" computerName="Ryans-Mac-mini" duration="00:00:00.0040000" startTime="2026-03-15T23:18:37.0044590-05:00" endTime="2026-03-15T23:18:37.0090490-05:00" testType="13cdc9d9-ddb5-4fa4-a97d-d965ccfc6d4b" outcome="Passed" testListId="8c84fa94-04c1-424b-9868-57a2d4851a1d" relativeResultsDirectory="f535deec-e620-45f4-b22c-6a87484bf2e2" />
    <UnitTestResult executionId="15569bd4-402f-4a84-b4c0-df0612000bc6" testId="c62081c8-906e-f9ea-3203-b6d1272c6e91" testName="StatechartETagProvider.DeterministicHashing.string DUCase produces expected case name" computerName="Ryans-Mac-mini" duration="00:00:00.0200000" startTime="2026-03-15T23:18:36.6917960-05:00" endTime="2026-03-15T23:18:36.7147430-05:00" testType="13cdc9d9-ddb5-4fa4-a97d-d965ccfc6d4b" outcome="Passed" testListId="8c84fa94-04c1-424b-9868-57a2d4851a1d" relativeResultsDirectory="15569bd4-402f-4a84-b4c0-df0612000bc6" />
    <UnitTestResult executionId="c82d3236-231f-498f-a1ff-a610bc2f816d" testId="b6968c03-5888-e70b-24ea-58fe04112f45" testName="Guard evaluation.Guards allow GET in Won state with guarded machine" computerName="Ryans-Mac-mini" duration="00:00:00.0070000" startTime="2026-03-15T23:18:36.9502020-05:00" endTime="2026-03-15T23:18:36.9581470-05:00" testType="13cdc9d9-ddb5-4fa4-a97d-d965ccfc6d4b" outcome="Passed" testListId="8c84fa94-04c1-424b-9868-57a2d4851a1d" relativeResultsDirectory="c82d3236-231f-498f-a1ff-a610bc2f816d" />
    <UnitTestResult executionId="b9ee3d95-f867-4df6-bd79-ee8a56ed3a56" testId="863ee58b-d165-b87d-fe69-015df8855a83" testName="Store.BehaviorSubject.Subscribe to existing state emits current state immediately" computerName="Ryans-Mac-mini" duration="00:00:00.0030000" startTime="2026-03-15T23:18:36.9930840-05:00" endTime="2026-03-15T23:18:36.9961250-05:00" testType="13cdc9d9-ddb5-4fa4-a97d-d965ccfc6d4b" outcome="Passed" testListId="8c84fa94-04c1-424b-9868-57a2d4851a1d" relativeResultsDirectory="b9ee3d95-f867-4df6-bd79-ee8a56ed3a56" />
    <UnitTestResult executionId="9a1e812f-e851-4421-9b6c-d542d2a55a71" testId="1eb47d2c-79b9-58f1-0a25-0ba9ffd33cab" testName="Grouping.par with no condition" computerName="Ryans-Mac-mini" startTime="2026-03-15T23:18:36.7950610-05:00" endTime="2026-03-15T23:18:36.7953620-05:00" testType="13cdc9d9-ddb5-4fa4-a97d-d965ccfc6d4b" outcome="Passed" testListId="8c84fa94-04c1-424b-9868-57a2d4851a1d" relativeResultsDirectory="9a1e812f-e851-4421-9b6c-d542d2a55a71" />
    <UnitTestResult executionId="18715a5f-a4df-4bb7-a42c-658f03b0684c" testId="17222395-f2ff-4939-5dbc-40fd22abef86" testName="StateMachineMiddleware.Guards pass for authorized user" computerName="Ryans-Mac-mini" duration="00:00:00.0080000" startTime="2026-03-15T23:18:36.9826680-05:00" endTime="2026-03-15T23:18:36.9909520-05:00" testType="13cdc9d9-ddb5-4fa4-a97d-d965ccfc6d4b" outcome="Passed" testListId="8c84fa94-04c1-424b-9868-57a2d4851a1d" relativeResultsDirectory="18715a5f-a4df-4bb7-a42c-658f03b0684c" />
    <UnitTestResult executionId="6a447dc1-91b0-44b8-8ad7-5fa6f2314e79" testId="f980f703-db7c-c6cf-223d-3a4556685c5f" testName="Parser.duplicate participant is a no-op" computerName="Ryans-Mac-mini" startTime="2026-03-15T23:18:36.8273230-05:00" endTime="2026-03-15T23:18:36.8277350-05:00" testType="13cdc9d9-ddb5-4fa4-a97d-d965ccfc6d4b" outcome="Passed" testListId="8c84fa94-04c1-424b-9868-57a2d4851a1d" relativeResultsDirectory="6a447dc1-91b0-44b8-8ad7-5fa6f2314e79" />
    <UnitTestResult executionId="7ec88c5c-4def-4e1e-be08-9e7c0a02506f" testId="0093ffed-725a-23b1-68bc-6b6448766224" testName="RoundTrip.Edge Cases.mixed arrow styles within group" computerName="Ryans-Mac-mini" startTime="2026-03-15T23:18:36.7400020-05:00" endTime="2026-03-15T23:18:36.7404250-05:00" testType="13cdc9d9-ddb5-4fa4-a97d-d965ccfc6d4b" outcome="Passed" testListId="8c84fa94-04c1-424b-9868-57a2d4851a1d" relativeResultsDirectory="7ec88c5c-4def-4e1e-be08-9e7c0a02506f" />
    <UnitTestResult executionId="7899e78a-8b8f-45b8-846b-787d6cc2c127" testId="4c584400-2d62-8220-2d66-4f6a080574e3" testName="Guard evaluation.Spectator gets 403 in OTurn state" computerName="Ryans-Mac-mini" duration="00:00:00.0080000" startTime="2026-03-15T23:18:36.9502010-05:00" endTime="2026-03-15T23:18:36.9583210-05:00" testType="13cdc9d9-ddb5-4fa4-a97d-d965ccfc6d4b" outcome="Passed" testListId="8c84fa94-04c1-424b-9868-57a2d4851a1d" relativeResultsDirectory="7899e78a-8b8f-45b8-846b-787d6cc2c127" />
    <UnitTestResult executionId="be220130-c37f-412c-9b0c-023dfe4a6b99" testId="49b68db4-22f2-f68b-2de4-415186e28f2d" testName="Error Recovery.structured failure fields: all 5 fields populated" computerName="Ryans-Mac-mini" startTime="2026-03-15T23:18:36.7617520-05:00" endTime="2026-03-15T23:18:36.7626770-05:00" testType="13cdc9d9-ddb5-4fa4-a97d-d965ccfc6d4b" outcome="Passed" testListId="8c84fa94-04c1-424b-9868-57a2d4851a1d" relativeResultsDirectory="be220130-c37f-412c-9b0c-023dfe4a6b99" />
    <UnitTestResult executionId="490e2408-bc6b-4ce2-a03a-c67383d2e618" testId="d7e7dcb2-41a4-3f0a-f873-d22416e9d9b3" testName="Parser.note with guard text is parsed by guard parser" computerName="Ryans-Mac-mini" startTime="2026-03-15T23:18:36.8495810-05:00" endTime="2026-03-15T23:18:36.8498350-05:00" testType="13cdc9d9-ddb5-4fa4-a97d-d965ccfc6d4b" outcome="Passed" testListId="8c84fa94-04c1-424b-9868-57a2d4851a1d" relativeResultsDirectory="490e2408-bc6b-4ce2-a03a-c67383d2e618" />
    <UnitTestResult executionId="a54c82c7-80e4-4604-afc8-5f006aa28d22" testId="eb7c8125-5685-93ef-7913-08f642821295" testName="Error Recovery.unsupported construct 'theme' produces warning" computerName="Ryans-Mac-mini" startTime="2026-03-15T23:18:36.7839400-05:00" endTime="2026-03-15T23:18:36.7845440-05:00" testType="13cdc9d9-ddb5-4fa4-a97d-d965ccfc6d4b" outcome="Passed" testListId="8c84fa94-04c1-424b-9868-57a2d4851a1d" relativeResultsDirectory="a54c82c7-80e4-4604-afc8-5f006aa28d22" />
    <UnitTestResult executionId="e08454f3-4f9c-40dc-a5b3-5a5a8d6e640c" testId="332afa1f-ba49-d4e0-bca8-68189462223d" testName="Grouping.nested groups in different branches" computerName="Ryans-Mac-mini" startTime="2026-03-15T23:18:36.8051580-05:00" endTime="2026-03-15T23:18:36.8056680-05:00" testType="13cdc9d9-ddb5-4fa4-a97d-d965ccfc6d4b" outcome="Passed" testListId="8c84fa94-04c1-424b-9868-57a2d4851a1d" relativeResultsDirectory="e08454f3-4f9c-40dc-a5b3-5a5a8d6e640c" />
    <UnitTestResult executionId="0dcfc3d7-2385-472f-8a15-4551fe7a4ec8" testId="937ff85b-6de6-0285-cf6b-4c8a3a12d84b" testName="RoundTrip.Edge Cases.note positions: over, left of, right of" computerName="Ryans-Mac-mini" startTime="2026-03-15T23:18:36.7509800-05:00" endTime="2026-03-15T23:18:36.7513780-05:00" testType="13cdc9d9-ddb5-4fa4-a97d-d965ccfc6d4b" outcome="Passed" testListId="8c84fa94-04c1-424b-9868-57a2d4851a1d" relativeResultsDirectory="0dcfc3d7-2385-472f-8a15-4551fe7a4ec8" />
    <UnitTestResult executionId="d81023d0-97b2-46a2-b5d1-b91da1be9399" testId="98b457c1-374d-40fc-de40-5b78f5e95a36" testName="Parser.multiple participants preserve order" computerName="Ryans-Mac-mini" startTime="2026-03-15T23:18:36.8273440-05:00" endTime="2026-03-15T23:18:36.8277520-05:00" testType="13cdc9d9-ddb5-4fa4-a97d-d965ccfc6d4b" outcome="Passed" testListId="8c84fa94-04c1-424b-9868-57a2d4851a1d" relativeResultsDirectory="d81023d0-97b2-46a2-b5d1-b91da1be9399" />
    <UnitTestResult executionId="0acd4d93-7674-4289-a622-267e9f90b1b1" testId="c9ae1777-3fd2-b695-1877-5df72447ad7b" testName="RoundTrip.Onboarding Flow.no warnings (all participants declared)" computerName="Ryans-Mac-mini" startTime="2026-03-15T23:18:36.7241350-05:00" endTime="2026-03-15T23:18:36.7247030-05:00" testType="13cdc9d9-ddb5-4fa4-a97d-d965ccfc6d4b" outcome="Passed" testListId="8c84fa94-04c1-424b-9868-57a2d4851a1d" relativeResultsDirectory="0acd4d93-7674-4289-a622-267e9f90b1b1" />
    <UnitTestResult executionId="a60acffa-25b6-4a86-87a6-8af4ab769f9a" testId="43416ecb-f9ce-d5fb-43c9-02729874b298" testName="BlockReason.NotYourTurn can be constructed and matched" computerName="Ryans-Mac-mini" startTime="2026-03-15T23:18:37.0155720-05:00" endTime="2026-03-15T23:18:37.0158150-05:00" testType="13cdc9d9-ddb5-4fa4-a97d-d965ccfc6d4b" outcome="Passed" testListId="8c84fa94-04c1-424b-9868-57a2d4851a1d" relativeResultsDirectory="a60acffa-25b6-4a86-87a6-8af4ab769f9a" />
    <UnitTestResult executionId="c26043f3-15cd-4171-80b8-40aa461f69db" testId="6fa10540-12f3-eb5c-0cae-cd0eb4bb8700" testName="Grouping.loop block with simple body" computerName="Ryans-Mac-mini" startTime="2026-03-15T23:18:36.7842100-05:00" endTime="2026-03-15T23:18:36.7845450-05:00" testType="13cdc9d9-ddb5-4fa4-a97d-d965ccfc6d4b" outcome="Passed" testListId="8c84fa94-04c1-424b-9868-57a2d4851a1d" relativeResultsDirectory="c26043f3-15cd-4171-80b8-40aa461f69db" />
    <UnitTestResult executionId="a61a8a25-01e6-4f9e-976e-13264deebfa9" testId="e564043c-19f0-b498-30b6-45379c1f2a0b" testName="Grouping.five-level nesting" computerName="Ryans-Mac-mini" startTime="2026-03-15T23:18:36.8051270-05:00" endTime="2026-03-15T23:18:36.8057710-05:00" testType="13cdc9d9-ddb5-4fa4-a97d-d965ccfc6d4b" outcome="Passed" testListId="8c84fa94-04c1-424b-9868-57a2d4851a1d" relativeResultsDirectory="a61a8a25-01e6-4f9e-976e-13264deebfa9" />
    <UnitTestResult executionId="8409d02e-75a4-4716-906a-2d3d7d92d79b" testId="ea0eabb3-a43d-b0f7-64ff-b52fee632a41" testName="Grouping.critical block with simple body" computerName="Ryans-Mac-mini" startTime="2026-03-15T23:18:36.7949860-05:00" endTime="2026-03-15T23:18:36.7953200-05:00" testType="13cdc9d9-ddb5-4fa4-a97d-d965ccfc6d4b" outcome="Passed" testListId="8c84fa94-04c1-424b-9868-57a2d4851a1d" relativeResultsDirectory="8409d02e-75a4-4716-906a-2d3d7d92d79b" />
    <UnitTestResult executionId="99885448-4fcc-4509-ba69-acf05ccd8ab1" testId="56449e92-2b12-e677-7c77-21d358607439" testName="RoundTrip.Onboarding Flow.second note guard: auth=bearer" computerName="Ryans-Mac-mini" startTime="2026-03-15T23:18:36.7240790-05:00" endTime="2026-03-15T23:18:36.7250340-05:00" testType="13cdc9d9-ddb5-4fa4-a97d-d965ccfc6d4b" outcome="Passed" testListId="8c84fa94-04c1-424b-9868-57a2d4851a1d" relativeResultsDirectory="99885448-4fcc-4509-ba69-acf05ccd8ab1" />
    <UnitTestResult executionId="f864101f-6407-464b-9e27-16eafc7013c0" testId="dfed9445-8be1-d316-ec7d-eedbf53ba4ea" testName="Store.ActorSerialization.Concurrent SetState to same instance are serialized" computerName="Ryans-Mac-mini" duration="00:00:00.0040000" startTime="2026-03-15T23:18:37.0044680-05:00" endTime="2026-03-15T23:18:37.0090740-05:00" testType="13cdc9d9-ddb5-4fa4-a97d-d965ccfc6d4b" outcome="Passed" testListId="8c84fa94-04c1-424b-9868-57a2d4851a1d" relativeResultsDirectory="f864101f-6407-464b-9e27-16eafc7013c0" />
    <UnitTestResult executionId="11638699-9ddc-40cc-9c84-b1c24b3163d2" testId="ad8f2ddd-8a5b-705c-104f-7c710ac01b7f" testName="GuardParser.spaces around key and value" computerName="Ryans-Mac-mini" startTime="2026-03-15T23:18:36.8710470-05:00" endTime="2026-03-15T23:18:36.8713710-05:00" testType="13cdc9d9-ddb5-4fa4-a97d-d965ccfc6d4b" outcome="Passed" testListId="8c84fa94-04c1-424b-9868-57a2d4851a1d" relativeResultsDirectory="11638699-9ddc-40cc-9c84-b1c24b3163d2" />
    <UnitTestResult executionId="0f21966f-d534-4ce3-8d18-534093c09c24" testId="31b6e5fa-be88-2a5f-17a8-4c3a96610278" testName="StateMachineMiddleware.TransitionResult.Invalid returns 400 with message" computerName="Ryans-Mac-mini" duration="00:00:00.0070000" startTime="2026-03-15T23:18:36.9826880-05:00" endTime="2026-03-15T23:18:36.9906000-05:00" testType="13cdc9d9-ddb5-4fa4-a97d-d965ccfc6d4b" outcome="Passed" testListId="8c84fa94-04c1-424b-9868-57a2d4851a1d" relativeResultsDirectory="0f21966f-d534-4ce3-8d18-534093c09c24" />
    <UnitTestResult executionId="d2db7a80-ccd9-432c-8ee6-b35032b851c2" testId="700774e8-b06a-0144-c5e1-c8a5de89954a" testName="GuardParser.no guard: unrelated brackets" computerName="Ryans-Mac-mini" startTime="2026-03-15T23:18:36.8605400-05:00" endTime="2026-03-15T23:18:36.8608690-05:00" testType="13cdc9d9-ddb5-4fa4-a97d-d965ccfc6d4b" outcome="Passed" testListId="8c84fa94-04c1-424b-9868-57a2d4851a1d" relativeResultsDirectory="d2db7a80-ccd9-432c-8ee6-b35032b851c2" />
    <UnitTestResult executionId="f7a8a145-e38c-4bff-88e1-0982ca0ff9a6" testId="c2fc025e-5839-a28f-c8f5-1488d08eeb67" testName="RoundTrip.Edge Cases.all four arrow types produce correct AST" computerName="Ryans-Mac-mini" startTime="2026-03-15T23:18:36.7399920-05:00" endTime="2026-03-15T23:18:36.7404330-05:00" testType="13cdc9d9-ddb5-4fa4-a97d-d965ccfc6d4b" outcome="Passed" testListId="8c84fa94-04c1-424b-9868-57a2d4851a1d" relativeResultsDirectory="f7a8a145-e38c-4bff-88e1-0982ca0ff9a6" />
    <UnitTestResult executionId="892ed21f-4992-44a8-b68c-68e0cf849361" testId="3b0c4571-ad99-3364-3e6c-e3f60bb37770" testName="Parser.missing receiver after arrow produces error" computerName="Ryans-Mac-mini" startTime="2026-03-15T23:18:36.8384180-05:00" endTime="2026-03-15T23:18:36.8385390-05:00" testType="13cdc9d9-ddb5-4fa4-a97d-d965ccfc6d4b" outcome="Passed" testListId="8c84fa94-04c1-424b-9868-57a2d4851a1d" relativeResultsDirectory="892ed21f-4992-44a8-b68c-68e0cf849361" />
    <UnitTestResult executionId="4fdb7e2d-1c9b-42cf-b54e-7bd8264cfaef" testId="ea03f940-e95f-644f-8080-7ac6bc4f07dc" testName="Grouping.unclosed block produces error referencing opening line" computerName="Ryans-Mac-mini" duration="00:00:00.0020000" startTime="2026-03-15T23:18:36.8054140-05:00" endTime="2026-03-15T23:18:36.8077600-05:00" testType="13cdc9d9-ddb5-4fa4-a97d-d965ccfc6d4b" outcome="Passed" testListId="8c84fa94-04c1-424b-9868-57a2d4851a1d" relativeResultsDirectory="4fdb7e2d-1c9b-42cf-b54e-7bd8264cfaef" />
    <UnitTestResult executionId="53f3a93b-688d-4863-bfe4-b3eb4798357c" testId="17d9b742-3374-0f6c-8696-236ecf4cdbcc" testName="StatechartETagProvider.DeterministicHashing.ETag format is raw 32 hex char string (no quotes)" computerName="Ryans-Mac-mini" duration="00:00:00.0200000" startTime="2026-03-15T23:18:36.6917590-05:00" endTime="2026-03-15T23:18:36.7151080-05:00" testType="13cdc9d9-ddb5-4fa4-a97d-d965ccfc6d4b" outcome="Passed" testListId="8c84fa94-04c1-424b-9868-57a2d4851a1d" relativeResultsDirectory="53f3a93b-688d-4863-bfe4-b3eb4798357c" />
    <UnitTestResult executionId="ddc7043c-c78f-4ad6-b1dc-af7cdfda541c" testId="074168e3-d7fe-5ab0-cd10-797ea7da20ae" testName="Parser.note right of participant" computerName="Ryans-Mac-mini" startTime="2026-03-15T23:18:36.8495720-05:00" endTime="2026-03-15T23:18:36.8496810-05:00" testType="13cdc9d9-ddb5-4fa4-a97d-d965ccfc6d4b" outcome="Passed" testListId="8c84fa94-04c1-424b-9868-57a2d4851a1d" relativeResultsDirectory="ddc7043c-c78f-4ad6-b1dc-af7cdfda541c" />
    <UnitTestResult executionId="4935090d-a9c8-4ee4-8974-d8dd22c8032e" testId="b74d8f2d-9cf5-d90e-8b17-e5df8376912a" testName="Store.ActorSerialization.All state changes are observed (no lost updates via subscriber)" computerName="Ryans-Mac-mini" duration="00:00:00.0040000" startTime="2026-03-15T23:18:37.0044960-05:00" endTime="2026-03-15T23:18:37.0090770-05:00" testType="13cdc9d9-ddb5-4fa4-a97d-d965ccfc6d4b" outcome="Passed" testListId="8c84fa94-04c1-424b-9868-57a2d4851a1d" relativeResultsDirectory="4935090d-a9c8-4ee4-8974-d8dd22c8032e" />
    <UnitTestResult executionId="a1132b15-3bce-4ec3-a64e-bf1240eaa020" testId="2c8991b0-a0c3-fcd5-dda6-06f68edce55b" testName="Multi-level statecharts.Method availability differs per sub-state" computerName="Ryans-Mac-mini" duration="00:00:00.0040000" startTime="2026-03-15T23:18:36.9710400-05:00" endTime="2026-03-15T23:18:36.9759920-05:00" testType="13cdc9d9-ddb5-4fa4-a97d-d965ccfc6d4b" outcome="Passed" testListId="8c84fa94-04c1-424b-9868-57a2d4851a1d" relativeResultsDirectory="a1132b15-3bce-4ec3-a64e-bf1240eaa020" />
    <UnitTestResult executionId="199a4ed4-bb65-4a9e-ae1e-d4a5c82213aa" testId="342fb077-c97f-9b70-610b-70e4a54899dd" testName="Transition hooks.Store reflects state after transition" computerName="Ryans-Mac-mini" duration="00:00:00.0070000" startTime="2026-03-15T23:18:36.9503830-05:00" endTime="2026-03-15T23:18:36.9583210-05:00" testType="13cdc9d9-ddb5-4fa4-a97d-d965ccfc6d4b" outcome="Passed" testListId="8c84fa94-04c1-424b-9868-57a2d4851a1d" relativeResultsDirectory="199a4ed4-bb65-4a9e-ae1e-d4a5c82213aa" />
    <UnitTestResult executionId="b6fd7f0a-489b-459c-b4ae-c9ad17e42f6a" testId="02150b5f-c748-3419-7ceb-1b7a3aab96f3" testName="Grouping.two-level nesting: alt containing opt" computerName="Ryans-Mac-mini" startTime="2026-03-15T23:18:36.8051130-05:00" endTime="2026-03-15T23:18:36.8056190-05:00" testType="13cdc9d9-ddb5-4fa4-a97d-d965ccfc6d4b" outcome="Passed" testListId="8c84fa94-04c1-424b-9868-57a2d4851a1d" relativeResultsDirectory="b6fd7f0a-489b-459c-b4ae-c9ad17e42f6a" />
    <UnitTestResult executionId="d772a604-12d1-4178-9d29-5f45e0ddd68b" testId="c2f432dd-ded3-adf0-8235-36b97af012c3" testName="Error Recovery.corrective examples catalog: unexpected identifier includes arrow forms" computerName="Ryans-Mac-mini" startTime="2026-03-15T23:18:36.7617780-05:00" endTime="2026-03-15T23:18:36.7623500-05:00" testType="13cdc9d9-ddb5-4fa4-a97d-d965ccfc6d4b" outcome="Passed" testListId="8c84fa94-04c1-424b-9868-57a2d4851a1d" relativeResultsDirectory="d772a604-12d1-4178-9d29-5f45e0ddd68b" />
    <UnitTestResult executionId="312d34a2-357e-4048-b552-b54fbfed9c20" testId="1cfeec07-cc92-45d7-e5d4-e3b4ea1e7579" testName="Store.DisposalLifecycle.Disposed store throws ObjectDisposedException on Subscribe" computerName="Ryans-Mac-mini" startTime="2026-03-15T23:18:37.0155290-05:00" endTime="2026-03-15T23:18:37.0159240-05:00" testType="13cdc9d9-ddb5-4fa4-a97d-d965ccfc6d4b" outcome="Passed" testListId="8c84fa94-04c1-424b-9868-57a2d4851a1d" relativeResultsDirectory="312d34a2-357e-4048-b552-b54fbfed9c20" />
    <UnitTestResult executionId="8a43c29f-2fb5-4c2b-a79b-dfe3401d3e4c" testId="52e9bf23-475e-588d-edaa-51d7175b142d" testName="BlockReason.Custom carries code and message" computerName="Ryans-Mac-mini" startTime="2026-03-15T23:18:37.0155530-05:00" endTime="2026-03-15T23:18:37.0158440-05:00" testType="13cdc9d9-ddb5-4fa4-a97d-d965ccfc6d4b" outcome="Passed" testListId="8c84fa94-04c1-424b-9868-57a2d4851a1d" relativeResultsDirectory="8a43c29f-2fb5-4c2b-a79b-dfe3401d3e4c" />
    <UnitTestResult executionId="7dc9e047-fdee-425e-8174-adb8f5412c39" testId="24d3b4c5-e663-0b7d-12c4-4821e96c6321" testName="State-dependent methods.DELETE returns 405 in XTurn state" computerName="Ryans-Mac-mini" duration="00:00:00.0600000" startTime="2026-03-15T23:18:36.8823780-05:00" endTime="2026-03-15T23:18:36.9429370-05:00" testType="13cdc9d9-ddb5-4fa4-a97d-d965ccfc6d4b" outcome="Passed" testListId="8c84fa94-04c1-424b-9868-57a2d4851a1d" relativeResultsDirectory="7dc9e047-fdee-425e-8174-adb8f5412c39" />
    <UnitTestResult executionId="78e83459-178c-4060-8012-b7d11feed243" testId="544d7348-a40f-4456-b80d-0ccd8c08fa87" testName="BlockReason.NotAllowed can be constructed and matched" computerName="Ryans-Mac-mini" startTime="2026-03-15T23:18:37.0155640-05:00" endTime="2026-03-15T23:18:37.0157950-05:00" testType="13cdc9d9-ddb5-4fa4-a97d-d965ccfc6d4b" outcome="Passed" testListId="8c84fa94-04c1-424b-9868-57a2d4851a1d" relativeResultsDirectory="78e83459-178c-4060-8012-b7d11feed243" />
    <UnitTestResult executionId="75f71d11-5db3-465b-beef-4ade64a2af10" testId="10880aa6-adc3-68bd-51e7-3ca28bbd4412" testName="Parser.note left of participant" computerName="Ryans-Mac-mini" startTime="2026-03-15T23:18:36.8385350-05:00" endTime="2026-03-15T23:18:36.8388850-05:00" testType="13cdc9d9-ddb5-4fa4-a97d-d965ccfc6d4b" outcome="Passed" testListId="8c84fa94-04c1-424b-9868-57a2d4851a1d" relativeResultsDirectory="75f71d11-5db3-465b-beef-4ade64a2af10" />
    <UnitTestResult executionId="b2c26529-2f36-4f72-b329-77611057d176" testId="82aefbae-eb9d-2b4b-3bf0-4175ebfc0dc1" testName="StateMachineMiddleware.Returns 409 when guard blocks with NotYourTurn" computerName="Ryans-Mac-mini" duration="00:00:00.0070000" startTime="2026-03-15T23:18:36.9826170-05:00" endTime="2026-03-15T23:18:36.9904300-05:00" testType="13cdc9d9-ddb5-4fa4-a97d-d965ccfc6d4b" outcome="Passed" testListId="8c84fa94-04c1-424b-9868-57a2d4851a1d" relativeResultsDirectory="b2c26529-2f36-4f72-b329-77611057d176" />
    <UnitTestResult executionId="fe14e612-af7b-4419-bd89-aabc88568eb5" testId="6c33c70f-6d34-f51d-3f74-ff937562f835" testName="Store.BasicCRUD.SetState overwrites previous value" computerName="Ryans-Mac-mini" duration="00:00:00.0020000" startTime="2026-03-15T23:18:36.9930620-05:00" endTime="2026-03-15T23:18:36.9953530-05:00" testType="13cdc9d9-ddb5-4fa4-a97d-d965ccfc6d4b" outcome="Passed" testListId="8c84fa94-04c1-424b-9868-57a2d4851a1d" relativeResultsDirectory="fe14e612-af7b-4419-bd89-aabc88568eb5" />
    <UnitTestResult executionId="19c262ee-c8a2-41dc-a605-8d5b5e198f2f" testId="38adc08c-1741-3a91-aa2f-e2c32a0d08ce" testName="StateMachineMiddleware.GET without event does not trigger transition" computerName="Ryans-Mac-mini" duration="00:00:00.0020000" startTime="2026-03-15T23:18:36.9878370-05:00" endTime="2026-03-15T23:18:36.9905280-05:00" testType="13cdc9d9-ddb5-4fa4-a97d-d965ccfc6d4b" outcome="Passed" testListId="8c84fa94-04c1-424b-9868-57a2d4851a1d" relativeResultsDirectory="19c262ee-c8a2-41dc-a605-8d5b5e198f2f" />
    <UnitTestResult executionId="9f2eaed7-b8a0-4b9b-82b5-e0101942d948" testId="9983ffe6-3736-c7e7-2f9e-a96b66fbf211" testName="Grouping.ref block with simple body" computerName="Ryans-Mac-mini" startTime="2026-03-15T23:18:36.7949980-05:00" endTime="2026-03-15T23:18:36.7953340-05:00" testType="13cdc9d9-ddb5-4fa4-a97d-d965ccfc6d4b" outcome="Passed" testListId="8c84fa94-04c1-424b-9868-57a2d4851a1d" relativeResultsDirectory="9f2eaed7-b8a0-4b9b-82b5-e0101942d948" />
    <UnitTestResult executionId="c23a6c40-2206-4ce9-973b-be6ba7f4fffc" testId="628daca3-79f5-2e29-5b68-cf3bc435d700" testName="RoundTrip.Tic-Tac-Toe.parses without errors" computerName="Ryans-Mac-mini" duration="00:00:00.0010000" startTime="2026-03-15T23:18:36.7287900-05:00" endTime="2026-03-15T23:18:36.7301250-05:00" testType="13cdc9d9-ddb5-4fa4-a97d-d965ccfc6d4b" outcome="Passed" testListId="8c84fa94-04c1-424b-9868-57a2d4851a1d" relativeResultsDirectory="c23a6c40-2206-4ce9-973b-be6ba7f4fffc" />
    <UnitTestResult executionId="b3c55faf-5d8f-4514-a978-9199d59b73dc" testId="e8317f69-48df-cf44-deaa-66dcf20a21e4" testName="Transition hooks.onTransition does not fire on blocked request" computerName="Ryans-Mac-mini" duration="00:00:00.0060000" startTime="2026-03-15T23:18:36.9503730-05:00" endTime="2026-03-15T23:18:36.9566530-05:00" testType="13cdc9d9-ddb5-4fa4-a97d-d965ccfc6d4b" outcome="Passed" testListId="8c84fa94-04c1-424b-9868-57a2d4851a1d" relativeResultsDirectory="b3c55faf-5d8f-4514-a978-9199d59b73dc" />
    <UnitTestResult executionId="aea1e23b-27f7-43e9-96e4-15236c6c9470" testId="c67d0c35-55ae-cfab-9a38-b17c24bd41bd" testName="Error Recovery.error recovery: parse continues after missing participant name" computerName="Ryans-Mac-mini" startTime="2026-03-15T23:18:36.7839040-05:00" endTime="2026-03-15T23:18:36.7843230-05:00" testType="13cdc9d9-ddb5-4fa4-a97d-d965ccfc6d4b" outcome="Passed" testListId="8c84fa94-04c1-424b-9868-57a2d4851a1d" relativeResultsDirectory="aea1e23b-27f7-43e9-96e4-15236c6c9470" />
    <UnitTestResult executionId="f868628a-d2ab-4444-b522-13851d48aa38" testId="376db797-1c50-d6b9-ccff-c5914fd96e78" testName="GuardParser.US2-S2: two guard pairs in order" computerName="Ryans-Mac-mini" startTime="2026-03-15T23:18:36.8606530-05:00" endTime="2026-03-15T23:18:36.8608680-05:00" testType="13cdc9d9-ddb5-4fa4-a97d-d965ccfc6d4b" outcome="Passed" testListId="8c84fa94-04c1-424b-9868-57a2d4851a1d" relativeResultsDirectory="f868628a-d2ab-4444-b522-13851d48aa38" />
    <UnitTestResult executionId="35cb5406-a62b-4278-a73a-aa93374ecfe4" testId="45887454-db89-eb1b-e947-61e577f01d19" testName="State-dependent methods.GET allowed in Won state" computerName="Ryans-Mac-mini" duration="00:00:00.0510000" startTime="2026-03-15T23:18:36.8932260-05:00" endTime="2026-03-15T23:18:36.9442950-05:00" testType="13cdc9d9-ddb5-4fa4-a97d-d965ccfc6d4b" outcome="Passed" testListId="8c84fa94-04c1-424b-9868-57a2d4851a1d" relativeResultsDirectory="35cb5406-a62b-4278-a73a-aa93374ecfe4" />
    <UnitTestResult executionId="ce501712-aaff-483a-ac46-1ebc57aaff36" testId="4477e09b-b21e-bfe2-f42b-f102fdcd3501" testName="Grouping.empty body: keyword followed immediately by end" computerName="Ryans-Mac-mini" startTime="2026-03-15T23:18:36.8054270-05:00" endTime="2026-03-15T23:18:36.8057880-05:00" testType="13cdc9d9-ddb5-4fa4-a97d-d965ccfc6d4b" outcome="Passed" testListId="8c84fa94-04c1-424b-9868-57a2d4851a1d" relativeResultsDirectory="ce501712-aaff-483a-ac46-1ebc57aaff36" />
    <UnitTestResult executionId="7c9da292-2151-4a4d-9858-fd90411e2078" testId="3c3c739c-e8d7-cecf-5782-fdbd1b4fa119" testName="Grouping.alt with three branches" computerName="Ryans-Mac-mini" startTime="2026-03-15T23:18:36.7950620-05:00" endTime="2026-03-15T23:18:36.7956110-05:00" testType="13cdc9d9-ddb5-4fa4-a97d-d965ccfc6d4b" outcome="Passed" testListId="8c84fa94-04c1-424b-9868-57a2d4851a1d" relativeResultsDirectory="7c9da292-2151-4a4d-9858-fd90411e2078" />
    <UnitTestResult executionId="d32c2613-8e53-40a8-934e-d9176422cc49" testId="f4c4bf11-2e24-6c27-687a-cd61f588dc8d" testName="Error Recovery.US4-S2: undeclared participant produces warning" computerName="Ryans-Mac-mini" duration="00:00:00.0080000" startTime="2026-03-15T23:18:36.7728630-05:00" endTime="2026-03-15T23:18:36.7810960-05:00" testType="13cdc9d9-ddb5-4fa4-a97d-d965ccfc6d4b" outcome="Passed" testListId="8c84fa94-04c1-424b-9868-57a2d4851a1d" relativeResultsDirectory="d32c2613-8e53-40a8-934e-d9176422cc49" />
    <UnitTestResult executionId="e6960558-0703-4578-9d58-cd963f219732" testId="9b6ef532-404e-2e74-43e4-793492937dbc" testName="Parser.note over with missing participant produces error" computerName="Ryans-Mac-mini" startTime="2026-03-15T23:18:36.8496130-05:00" endTime="2026-03-15T23:18:36.8498720-05:00" testType="13cdc9d9-ddb5-4fa4-a97d-d965ccfc6d4b" outcome="Passed" testListId="8c84fa94-04c1-424b-9868-57a2d4851a1d" relativeResultsDirectory="e6960558-0703-4578-9d58-cd963f219732" />
    <UnitTestResult executionId="78e8c2ae-4c92-44c5-9f9a-d45f9c8be63a" testId="409b2ecb-c841-7079-1502-e52375c9fab9" testName="Grouping.opt block with simple body" computerName="Ryans-Mac-mini" startTime="2026-03-15T23:18:36.7842010-05:00" endTime="2026-03-15T23:18:36.7845140-05:00" testType="13cdc9d9-ddb5-4fa4-a97d-d965ccfc6d4b" outcome="Passed" testListId="8c84fa94-04c1-424b-9868-57a2d4851a1d" relativeResultsDirectory="78e8c2ae-4c92-44c5-9f9a-d45f9c8be63a" />
    <UnitTestResult executionId="b3dbb9cc-dd2b-41c4-b18e-5f42a29f2b1a" testId="c7ff8207-8a1d-55c6-2d19-351eb89ac7a1" testName="Multi-level statecharts.Guards work across nested state hierarchy" computerName="Ryans-Mac-mini" duration="00:00:00.0030000" startTime="2026-03-15T23:18:36.9710430-05:00" endTime="2026-03-15T23:18:36.9752210-05:00" testType="13cdc9d9-ddb5-4fa4-a97d-d965ccfc6d4b" outcome="Passed" testListId="8c84fa94-04c1-424b-9868-57a2d4851a1d" relativeResultsDirectory="b3dbb9cc-dd2b-41c4-b18e-5f42a29f2b1a" />
    <UnitTestResult executionId="8678fa32-843f-4119-a341-2a569236c194" testId="964f4fcc-f0b8-24ac-0876-c49c23f39830" testName="RoundTrip.Edge Cases.unicode participant names" computerName="Ryans-Mac-mini" startTime="2026-03-15T23:18:36.7288680-05:00" endTime="2026-03-15T23:18:36.7294660-05:00" testType="13cdc9d9-ddb5-4fa4-a97d-d965ccfc6d4b" outcome="Passed" testListId="8c84fa94-04c1-424b-9868-57a2d4851a1d" relativeResultsDirectory="8678fa32-843f-4119-a341-2a569236c194" />
    <UnitTestResult executionId="c19919b7-8e3f-439d-9f6e-112c08262f4d" testId="3022ac19-a745-b897-a9e5-5989a661d025" testName="Grouping.alt with two branches" computerName="Ryans-Mac-mini" startTime="2026-03-15T23:18:36.7950650-05:00" endTime="2026-03-15T23:18:36.7955680-05:00" testType="13cdc9d9-ddb5-4fa4-a97d-d965ccfc6d4b" outcome="Passed" testListId="8c84fa94-04c1-424b-9868-57a2d4851a1d" relativeResultsDirectory="c19919b7-8e3f-439d-9f6e-112c08262f4d" />
    <UnitTestResult executionId="b8e521d5-8b9b-4cf3-9553-0d95d0c76d55" testId="7622bae1-0b41-474e-dada-e3f1c35eb046" testName="Parser.message with parameters" computerName="Ryans-Mac-mini" startTime="2026-03-15T23:18:36.8274320-05:00" endTime="2026-03-15T23:18:36.8278850-05:00" testType="13cdc9d9-ddb5-4fa4-a97d-d965ccfc6d4b" outcome="Passed" testListId="8c84fa94-04c1-424b-9868-57a2d4851a1d" relativeResultsDirectory="b8e521d5-8b9b-4cf3-9553-0d95d0c76d55" />
    <UnitTestResult executionId="c7ddeeda-da4f-4983-8535-de508fcf0aba" testId="c12782e8-f629-4fcb-7270-d07f9c4aeeb4" testName="Grouping.extra end with no open group produces error" computerName="Ryans-Mac-mini" startTime="2026-03-15T23:18:36.8162330-05:00" endTime="2026-03-15T23:18:36.8164850-05:00" testType="13cdc9d9-ddb5-4fa4-a97d-d965ccfc6d4b" outcome="Passed" testListId="8c84fa94-04c1-424b-9868-57a2d4851a1d" relativeResultsDirectory="c7ddeeda-da4f-4983-8535-de508fcf0aba" />
    <UnitTestResult executionId="a266d036-dcd3-45f8-a5ea-e88709a3f3d4" testId="5c47d96b-8e11-9244-044c-e74b8349f443" testName="Error Recovery.multiple errors collected (3+)" computerName="Ryans-Mac-mini" startTime="2026-03-15T23:18:36.7510880-05:00" endTime="2026-03-15T23:18:36.7519130-05:00" testType="13cdc9d9-ddb5-4fa4-a97d-d965ccfc6d4b" outcome="Passed" testListId="8c84fa94-04c1-424b-9868-57a2d4851a1d" relativeResultsDirectory="a266d036-dcd3-45f8-a5ea-e88709a3f3d4" />
    <UnitTestResult executionId="d99cffba-17c3-4de0-b732-16cd0cb43cd2" testId="fbaa0282-1ead-9a4a-5cdd-0552235d95b2" testName="GuardParser.leading whitespace before guard" computerName="Ryans-Mac-mini" startTime="2026-03-15T23:18:36.8710410-05:00" endTime="2026-03-15T23:18:36.8713320-05:00" testType="13cdc9d9-ddb5-4fa4-a97d-d965ccfc6d4b" outcome="Passed" testListId="8c84fa94-04c1-424b-9868-57a2d4851a1d" relativeResultsDirectory="d99cffba-17c3-4de0-b732-16cd0cb43cd2" />
    <UnitTestResult executionId="c4164746-dc73-47bd-a289-6e28e47ae720" testId="9c98c2a1-c1a7-c22d-2f01-1cfbacd57d83" testName="Parser.solid forward message" computerName="Ryans-Mac-mini" startTime="2026-03-15T23:18:36.8273520-05:00" endTime="2026-03-15T23:18:36.8278550-05:00" testType="13cdc9d9-ddb5-4fa4-a97d-d965ccfc6d4b" outcome="Passed" testListId="8c84fa94-04c1-424b-9868-57a2d4851a1d" relativeResultsDirectory="c4164746-dc73-47bd-a289-6e28e47ae720" />
    <UnitTestResult executionId="224d6719-75e1-4478-ad26-598abdeb3ee6" testId="e15768a2-4684-ad14-9411-25c59d4390a7" testName="RoundTrip.Edge Cases.empty input produces empty diagram" computerName="Ryans-Mac-mini" startTime="2026-03-15T23:18:36.7293130-05:00" endTime="2026-03-15T23:18:36.7295020-05:00" testType="13cdc9d9-ddb5-4fa4-a97d-d965ccfc6d4b" outcome="Passed" testListId="8c84fa94-04c1-424b-9868-57a2d4851a1d" relativeResultsDirectory="224d6719-75e1-4478-ad26-598abdeb3ee6" />
    <UnitTestResult executionId="c87b6b1b-32c4-4030-96d6-281f2d0c4c2b" testId="4c02bcfa-94d3-58ac-8074-e119e443d1c9" testName="Multi-level statecharts.Disposed state only allows GET" computerName="Ryans-Mac-mini" duration="00:00:00.0040000" startTime="2026-03-15T23:18:36.9710400-05:00" endTime="2026-03-15T23:18:36.9754690-05:00" testType="13cdc9d9-ddb5-4fa4-a97d-d965ccfc6d4b" outcome="Passed" testListId="8c84fa94-04c1-424b-9868-57a2d4851a1d" relativeResultsDirectory="c87b6b1b-32c4-4030-96d6-281f2d0c4c2b" />
    <UnitTestResult executionId="73e035c6-4fa9-4f57-8d32-9b554d789976" testId="16c3b688-9aee-1907-650f-a1cd19319677" testName="Error Recovery.implicit participant warning has corrective suggestion" computerName="Ryans-Mac-mini" startTime="2026-03-15T23:18:36.7617860-05:00" endTime="2026-03-15T23:18:36.7623350-05:00" testType="13cdc9d9-ddb5-4fa4-a97d-d965ccfc6d4b" outcome="Passed" testListId="8c84fa94-04c1-424b-9868-57a2d4851a1d" relativeResultsDirectory="73e035c6-4fa9-4f57-8d32-9b554d789976" />
    <UnitTestResult executionId="a91bbfe4-0130-4b84-98b9-3f0170353462" testId="1b6075ea-9a97-3558-6360-b899df8e4e82" testName="StateMachineMiddleware.Non-stateful resource passes through middleware" computerName="Ryans-Mac-mini" duration="00:00:00.0030000" startTime="2026-03-15T23:18:36.9714920-05:00" endTime="2026-03-15T23:18:36.9749010-05:00" testType="13cdc9d9-ddb5-4fa4-a97d-d965ccfc6d4b" outcome="Passed" testListId="8c84fa94-04c1-424b-9868-57a2d4851a1d" relativeResultsDirectory="a91bbfe4-0130-4b84-98b9-3f0170353462" />
    <UnitTestResult executionId="d1c779cb-5936-428d-8f76-daf027727309" testId="ea1d06c5-85e6-d4d8-0901-429764ab88f2" testName="Guard evaluation.Spectator gets 403 in XTurn state" computerName="Ryans-Mac-mini" duration="00:00:00.0500000" startTime="2026-03-15T23:18:36.8932790-05:00" endTime="2026-03-15T23:18:36.9442480-05:00" testType="13cdc9d9-ddb5-4fa4-a97d-d965ccfc6d4b" outcome="Passed" testListId="8c84fa94-04c1-424b-9868-57a2d4851a1d" relativeResultsDirectory="d1c779cb-5936-428d-8f76-daf027727309" />
    <UnitTestResult executionId="f4462671-1ee5-4a51-ae31-333015bbe4ec" testId="dac8a8ae-0a38-3ec3-addf-e46058ba1418" testName="Grouping.empty branch between else and end" computerName="Ryans-Mac-mini" startTime="2026-03-15T23:18:36.8052050-05:00" endTime="2026-03-15T23:18:36.8056590-05:00" testType="13cdc9d9-ddb5-4fa4-a97d-d965ccfc6d4b" outcome="Passed" testListId="8c84fa94-04c1-424b-9868-57a2d4851a1d" relativeResultsDirectory="f4462671-1ee5-4a51-ae31-333015bbe4ec" />
    <UnitTestResult executionId="f3822d1e-f748-44c5-ae8a-6e95d3dc4038" testId="0a9c7016-cb5a-e80b-79ce-2655dc2a24c3" testName="Multiple guards.First blocking guard short-circuits evaluation" computerName="Ryans-Mac-mini" duration="00:00:00.0090000" startTime="2026-03-15T23:18:36.9607060-05:00" endTime="2026-03-15T23:18:36.9702680-05:00" testType="13cdc9d9-ddb5-4fa4-a97d-d965ccfc6d4b" outcome="Passed" testListId="8c84fa94-04c1-424b-9868-57a2d4851a1d" relativeResultsDirectory="f3822d1e-f748-44c5-ae8a-6e95d3dc4038" />
    <UnitTestResult executionId="e81ff82e-0ce0-470b-881f-c67cf2fb998b" testId="68d119b0-8fbf-1ce3-bb40-668209525b56" testName="Error Recovery.unsupported construct 'box' produces warning" computerName="Ryans-Mac-mini" startTime="2026-03-15T23:18:36.7621830-05:00" endTime="2026-03-15T23:18:36.7624410-05:00" testType="13cdc9d9-ddb5-4fa4-a97d-d965ccfc6d4b" outcome="Passed" testListId="8c84fa94-04c1-424b-9868-57a2d4851a1d" relativeResultsDirectory="e81ff82e-0ce0-470b-881f-c67cf2fb998b" />
    <UnitTestResult executionId="4c029f96-3dfe-46d5-958b-c5db8f5fdf21" testId="936758cc-fad6-acde-c0db-5596cd8671ce" testName="Error Recovery.corrective example for missing note position" computerName="Ryans-Mac-mini" startTime="2026-03-15T23:18:36.7839210-05:00" endTime="2026-03-15T23:18:36.7843470-05:00" testType="13cdc9d9-ddb5-4fa4-a97d-d965ccfc6d4b" outcome="Passed" testListId="8c84fa94-04c1-424b-9868-57a2d4851a1d" relativeResultsDirectory="4c029f96-3dfe-46d5-958b-c5db8f5fdf21" />
    <UnitTestResult executionId="8a807676-c564-4eef-b665-c698612aaa16" testId="45f680db-7385-6bff-4bdb-de2ba2a72deb" testName="Error Recovery.partial AST: valid elements before and after error preserved" computerName="Ryans-Mac-mini" duration="00:00:00.0080000" startTime="2026-03-15T23:18:36.7728240-05:00" endTime="2026-03-15T23:18:36.7810760-05:00" testType="13cdc9d9-ddb5-4fa4-a97d-d965ccfc6d4b" outcome="Passed" testListId="8c84fa94-04c1-424b-9868-57a2d4851a1d" relativeResultsDirectory="8a807676-c564-4eef-b665-c698612aaa16" />
    <UnitTestResult executionId="32338f9c-34c8-4c82-9731-febc81be528d" testId="17d5a843-9a4a-3bfc-7d04-fd6ef149ca65" testName="Store.BehaviorSubject.Subscribe to nonexistent instance emits nothing initially" computerName="Ryans-Mac-mini" duration="00:00:00.0030000" startTime="2026-03-15T23:18:36.9930860-05:00" endTime="2026-03-15T23:18:36.9961460-05:00" testType="13cdc9d9-ddb5-4fa4-a97d-d965ccfc6d4b" outcome="Passed" testListId="8c84fa94-04c1-424b-9868-57a2d4851a1d" relativeResultsDirectory="32338f9c-34c8-4c82-9731-febc81be528d" />
    <UnitTestResult executionId="60692161-c3a1-4142-8dde-fda41761d992" testId="f6a9aa0c-e0ed-fec3-c9fd-bda9ec30919f" testName="Store.BasicCRUD.Multiple instances are independent" computerName="Ryans-Mac-mini" duration="00:00:00.0020000" startTime="2026-03-15T23:18:36.9930690-05:00" endTime="2026-03-15T23:18:36.9953670-05:00" testType="13cdc9d9-ddb5-4fa4-a97d-d965ccfc6d4b" outcome="Passed" testListId="8c84fa94-04c1-424b-9868-57a2d4851a1d" relativeResultsDirectory="60692161-c3a1-4142-8dde-fda41761d992" />
    <UnitTestResult executionId="1e82ae62-05fd-4862-a97a-ef8060fa41f3" testId="cd23b561-cc2d-d22a-e300-f2bf90c4b0cc" testName="Error Recovery.guard warnings propagated to parse result" computerName="Ryans-Mac-mini" duration="00:00:00.0080000" startTime="2026-03-15T23:18:36.7728460-05:00" endTime="2026-03-15T23:18:36.7812190-05:00" testType="13cdc9d9-ddb5-4fa4-a97d-d965ccfc6d4b" outcome="Passed" testListId="8c84fa94-04c1-424b-9868-57a2d4851a1d" relativeResultsDirectory="1e82ae62-05fd-4862-a97a-ef8060fa41f3" />
    <UnitTestResult executionId="48159a04-eb7c-43bb-a379-70c5a445522c" testId="b1a3d1b6-bacd-c981-b5bf-57ec7b26050d" testName="Error Recovery.US4-S4: multiple errors collected from one input" computerName="Ryans-Mac-mini" duration="00:00:00.0070000" startTime="2026-03-15T23:18:36.7728730-05:00" endTime="2026-03-15T23:18:36.7812330-05:00" testType="13cdc9d9-ddb5-4fa4-a97d-d965ccfc6d4b" outcome="Passed" testListId="8c84fa94-04c1-424b-9868-57a2d4851a1d" relativeResultsDirectory="48159a04-eb7c-43bb-a379-70c5a445522c" />
    <UnitTestResult executionId="1c241315-34f2-423b-a14c-70fbc3a43b35" testId="28428a5d-88b3-5734-8398-8e11759cd8ca" testName="GuardParser.single pair with various key names" computerName="Ryans-Mac-mini" startTime="2026-03-15T23:18:36.8607120-05:00" endTime="2026-03-15T23:18:36.8609400-05:00" testType="13cdc9d9-ddb5-4fa4-a97d-d965ccfc6d4b" outcome="Passed" testListId="8c84fa94-04c1-424b-9868-57a2d4851a1d" relativeResultsDirectory="1c241315-34f2-423b-a14c-70fbc3a43b35" />
    <UnitTestResult executionId="337868fd-66c1-4dc5-880e-5bcd9cd6b0a0" testId="3a08574c-b3d1-ad90-49b3-af5b3278c94c" testName="State-dependent methods.POST allowed in XTurn state" computerName="Ryans-Mac-mini" duration="00:00:00.0620000" startTime="2026-03-15T23:18:36.8822010-05:00" endTime="2026-03-15T23:18:36.9445400-05:00" testType="13cdc9d9-ddb5-4fa4-a97d-d965ccfc6d4b" outcome="Passed" testListId="8c84fa94-04c1-424b-9868-57a2d4851a1d" relativeResultsDirectory="337868fd-66c1-4dc5-880e-5bcd9cd6b0a0" />
    <UnitTestResult executionId="ce90e859-601a-4cb8-898d-1e5daa54079d" testId="e08313c5-e749-f9c0-1813-ba42e1628cb2" testName="Multi-level statecharts.Top-level transition: Playing -&gt; Disposed" computerName="Ryans-Mac-mini" duration="00:00:00.0050000" startTime="2026-03-15T23:18:36.9710110-05:00" endTime="2026-03-15T23:18:36.9761270-05:00" testType="13cdc9d9-ddb5-4fa4-a97d-d965ccfc6d4b" outcome="Passed" testListId="8c84fa94-04c1-424b-9868-57a2d4851a1d" relativeResultsDirectory="ce90e859-601a-4cb8-898d-1e5daa54079d" />
    <UnitTestResult executionId="d9670f28-cdfe-46e3-99a2-5e2fade5bf3c" testId="3c704f7d-25f7-b772-2667-6ffc8cf379c9" testName="RoundTrip.Onboarding Flow.dashed messages have correct style" computerName="Ryans-Mac-mini" duration="00:00:00.0040000" startTime="2026-03-15T23:18:36.7177780-05:00" endTime="2026-03-15T23:18:36.7247650-05:00" testType="13cdc9d9-ddb5-4fa4-a97d-d965ccfc6d4b" outcome="Passed" testListId="8c84fa94-04c1-424b-9868-57a2d4851a1d" relativeResultsDirectory="d9670f28-cdfe-46e3-99a2-5e2fade5bf3c" />
    <UnitTestResult executionId="bd520066-5d19-42da-a7fb-8d6332caf36e" testId="ec112d93-9e21-653e-0629-8e25d5754f50" testName="Parser.empty input produces empty diagram" computerName="Ryans-Mac-mini" startTime="2026-03-15T23:18:36.8162370-05:00" endTime="2026-03-15T23:18:36.8164600-05:00" testType="13cdc9d9-ddb5-4fa4-a97d-d965ccfc6d4b" outcome="Passed" testListId="8c84fa94-04c1-424b-9868-57a2d4851a1d" relativeResultsDirectory="bd520066-5d19-42da-a7fb-8d6332caf36e" />
    <UnitTestResult executionId="5bb38a6f-3f70-4e40-8b3f-8166bedf2fa4" testId="b7d4f672-2cbf-8f0b-b1ba-92991cd7c404" testName="Transition hooks.onTransition fires after successful move" computerName="Ryans-Mac-mini" duration="00:00:00.0070000" startTime="2026-03-15T23:18:36.9503530-05:00" endTime="2026-03-15T23:18:36.9582940-05:00" testType="13cdc9d9-ddb5-4fa4-a97d-d965ccfc6d4b" outcome="Passed" testListId="8c84fa94-04c1-424b-9868-57a2d4851a1d" relativeResultsDirectory="5bb38a6f-3f70-4e40-8b3f-8166bedf2fa4" />
    <UnitTestResult executionId="85b9f5fd-d28c-4e85-9e79-f9f90bf33542" testId="b03a921a-87c2-450c-519b-2e09e921a854" testName="RoundTrip.Tic-Tac-Toe.second branch contains note with guard" computerName="Ryans-Mac-mini" duration="00:00:00.0010000" startTime="2026-03-15T23:18:36.7288410-05:00" endTime="2026-03-15T23:18:36.7303820-05:00" testType="13cdc9d9-ddb5-4fa4-a97d-d965ccfc6d4b" outcome="Passed" testListId="8c84fa94-04c1-424b-9868-57a2d4851a1d" relativeResultsDirectory="85b9f5fd-d28c-4e85-9e79-f9f90bf33542" />
    <UnitTestResult executionId="34b5b483-a3ca-4f8b-be45-131349de65f4" testId="c8e7c849-9e24-0266-db52-89abd602119e" testName="Error Recovery.guard errors propagated to parse result" computerName="Ryans-Mac-mini" duration="00:00:00.0080000" startTime="2026-03-15T23:18:36.7728460-05:00" endTime="2026-03-15T23:18:36.7811480-05:00" testType="13cdc9d9-ddb5-4fa4-a97d-d965ccfc6d4b" outcome="Passed" testListId="8c84fa94-04c1-424b-9868-57a2d4851a1d" relativeResultsDirectory="34b5b483-a3ca-4f8b-be45-131349de65f4" />
    <UnitTestResult executionId="f8244889-cd4b-4a62-b1a5-a59391dca4c6" testId="796ca077-3a00-36a3-8212-47b063fde107" testName="Parser.solid deactivating message" computerName="Ryans-Mac-mini" startTime="2026-03-15T23:18:36.8273870-05:00" endTime="2026-03-15T23:18:36.8278410-05:00" testType="13cdc9d9-ddb5-4fa4-a97d-d965ccfc6d4b" outcome="Passed" testListId="8c84fa94-04c1-424b-9868-57a2d4851a1d" relativeResultsDirectory="f8244889-cd4b-4a62-b1a5-a59391dca4c6" />
    <UnitTestResult executionId="2c1e6b99-143c-4ed0-bd8f-10bf32a77288" testId="eeef70a0-97b1-9db5-66ff-16386da8f83d" testName="Parser.autonumber directive" computerName="Ryans-Mac-mini" startTime="2026-03-15T23:18:36.8384440-05:00" endTime="2026-03-15T23:18:36.8387260-05:00" testType="13cdc9d9-ddb5-4fa4-a97d-d965ccfc6d4b" outcome="Passed" testListId="8c84fa94-04c1-424b-9868-57a2d4851a1d" relativeResultsDirectory="2c1e6b99-143c-4ed0-bd8f-10bf32a77288" />
    <UnitTestResult executionId="72e1f0b3-e2d6-4d1d-a7c6-89283554a0bd" testId="d7ed204b-a6d3-5ec8-a3d8-588df625090a" testName="Parser.participant with identifier alias" computerName="Ryans-Mac-mini" startTime="2026-03-15T23:18:36.8163700-05:00" endTime="2026-03-15T23:18:36.8167050-05:00" testType="13cdc9d9-ddb5-4fa4-a97d-d965ccfc6d4b" outcome="Passed" testListId="8c84fa94-04c1-424b-9868-57a2d4851a1d" relativeResultsDirectory="72e1f0b3-e2d6-4d1d-a7c6-89283554a0bd" />
    <UnitTestResult executionId="6266ab22-dc63-45f7-8351-96e058faf0a7" testId="ff415884-e1f7-040c-3097-ceefe5407e5e" testName="Multi-level statecharts.Participant guard uses context to check player assignment" computerName="Ryans-Mac-mini" duration="00:00:00.0040000" startTime="2026-03-15T23:18:36.9714790-05:00" endTime="2026-03-15T23:18:36.9755190-05:00" testType="13cdc9d9-ddb5-4fa4-a97d-d965ccfc6d4b" outcome="Passed" testListId="8c84fa94-04c1-424b-9868-57a2d4851a1d" relativeResultsDirectory="6266ab22-dc63-45f7-8351-96e058faf0a7" />
    <UnitTestResult executionId="5016a742-9d57-429e-9ae8-6ac2a43c5dcb" testId="8c15f13b-d057-2c75-218e-08a206257c03" testName="GuardParser.empty guard annotation" computerName="Ryans-Mac-mini" startTime="2026-03-15T23:18:36.8821290-05:00" endTime="2026-03-15T23:18:36.8825610-05:00" testType="13cdc9d9-ddb5-4fa4-a97d-d965ccfc6d4b" outcome="Passed" testListId="8c84fa94-04c1-424b-9868-57a2d4851a1d" relativeResultsDirectory="5016a742-9d57-429e-9ae8-6ac2a43c5dcb" />
    <UnitTestResult executionId="045e2582-7083-46f0-99a7-5c7e6027ed66" testId="ebd203fc-750f-ebf2-51a8-6dd71bb8f32d" testName="Error Recovery.guard integration: note with guard annotation is parsed" computerName="Ryans-Mac-mini" duration="00:00:00.0080000" startTime="2026-03-15T23:18:36.7728270-05:00" endTime="2026-03-15T23:18:36.7813080-05:00" testType="13cdc9d9-ddb5-4fa4-a97d-d965ccfc6d4b" outcome="Passed" testListId="8c84fa94-04c1-424b-9868-57a2d4851a1d" relativeResultsDirectory="045e2582-7083-46f0-99a7-5c7e6027ed66" />
    <UnitTestResult executionId="2d21ad79-141e-4e18-a97f-b919d9bd3b52" testId="ca164cee-4755-c80b-02cb-a95611c7364b" testName="TransitionResult.Blocked carries BlockReason" computerName="Ryans-Mac-mini" startTime="2026-03-15T23:18:37.0155930-05:00" endTime="2026-03-15T23:18:37.0166630-05:00" testType="13cdc9d9-ddb5-4fa4-a97d-d965ccfc6d4b" outcome="Passed" testListId="8c84fa94-04c1-424b-9868-57a2d4851a1d" relativeResultsDirectory="2d21ad79-141e-4e18-a97f-b919d9bd3b52" />
    <UnitTestResult executionId="86eb8b3a-770b-4861-bd15-832deb78b6a7" testId="43269f0d-88dd-de66-ffaf-23fa9086edbf" testName="Error Recovery.error limit: 60 error lines with limit 50 produces 51 errors" computerName="Ryans-Mac-mini" startTime="2026-03-15T23:18:36.7510980-05:00" endTime="2026-03-15T23:18:36.7522530-05:00" testType="13cdc9d9-ddb5-4fa4-a97d-d965ccfc6d4b" outcome="Passed" testListId="8c84fa94-04c1-424b-9868-57a2d4851a1d" relativeResultsDirectory="86eb8b3a-770b-4861-bd15-832deb78b6a7" />
    <UnitTestResult executionId="60847c70-d8cb-4bd6-9489-26422bf74e57" testId="1dd072d3-f5a8-2252-1517-df5bb54e62e7" testName="Parser.comments only produces empty diagram" computerName="Ryans-Mac-mini" startTime="2026-03-15T23:18:36.8162680-05:00" endTime="2026-03-15T23:18:36.8164790-05:00" testType="13cdc9d9-ddb5-4fa4-a97d-d965ccfc6d4b" outcome="Passed" testListId="8c84fa94-04c1-424b-9868-57a2d4851a1d" relativeResultsDirectory="60847c70-d8cb-4bd6-9489-26422bf74e57" />
    <UnitTestResult executionId="1c305647-c0d6-4c34-be4e-55762973eac8" testId="18919d14-c79f-070a-42a1-cca67623a291" testName="Multi-level statecharts.Nested DU: initial state is Playing XTurn" computerName="Ryans-Mac-mini" duration="00:00:00.0140000" startTime="2026-03-15T23:18:36.9607440-05:00" endTime="2026-03-15T23:18:36.9752240-05:00" testType="13cdc9d9-ddb5-4fa4-a97d-d965ccfc6d4b" outcome="Passed" testListId="8c84fa94-04c1-424b-9868-57a2d4851a1d" relativeResultsDirectory="1c305647-c0d6-4c34-be4e-55762973eac8" />
    <UnitTestResult executionId="fd19d8ca-3ee7-4194-83f6-49f0b2a1cd26" testId="7e50a110-6314-f793-ec27-b2f4c16ec288" testName="Store.Concurrency.100 concurrent SetState operations complete without error" computerName="Ryans-Mac-mini" duration="00:00:00.0040000" startTime="2026-03-15T23:18:37.0044480-05:00" endTime="2026-03-15T23:18:37.0093330-05:00" testType="13cdc9d9-ddb5-4fa4-a97d-d965ccfc6d4b" outcome="Passed" testListId="8c84fa94-04c1-424b-9868-57a2d4851a1d" relativeResultsDirectory="fd19d8ca-3ee7-4194-83f6-49f0b2a1cd26" />
    <UnitTestResult executionId="83b8df41-3389-48a5-bc99-eac5f6e5b4aa" testId="48fd4131-0fd8-0591-23c2-78e49c4784b6" testName="RoundTrip.Tic-Tac-Toe.first note guard: role=PlayerX, state=XTurn" computerName="Ryans-Mac-mini" duration="00:00:00.0010000" startTime="2026-03-15T23:18:36.7288130-05:00" endTime="2026-03-15T23:18:36.7301140-05:00" testType="13cdc9d9-ddb5-4fa4-a97d-d965ccfc6d4b" outcome="Passed" testListId="8c84fa94-04c1-424b-9868-57a2d4851a1d" relativeResultsDirectory="83b8df41-3389-48a5-bc99-eac5f6e5b4aa" />
    <UnitTestResult executionId="63178192-496b-406e-a659-5a847e584559" testId="b58099e0-a65a-115f-b516-619494a358b5" testName="Guard evaluation.Player X gets 409 in OTurn state" computerName="Ryans-Mac-mini" duration="00:00:00.0240000" startTime="2026-03-15T23:18:36.9195800-05:00" endTime="2026-03-15T23:18:36.9440860-05:00" testType="13cdc9d9-ddb5-4fa4-a97d-d965ccfc6d4b" outcome="Passed" testListId="8c84fa94-04c1-424b-9868-57a2d4851a1d" relativeResultsDirectory="63178192-496b-406e-a659-5a847e584559" />
    <UnitTestResult executionId="fedc9927-3fad-47af-b821-f56a0cf42666" testId="a8e17a30-422a-59fd-e2be-d625db1c284b" testName="GuardParser.empty value: key=" computerName="Ryans-Mac-mini" startTime="2026-03-15T23:18:36.8821180-05:00" endTime="2026-03-15T23:18:36.8824120-05:00" testType="13cdc9d9-ddb5-4fa4-a97d-d965ccfc6d4b" outcome="Passed" testListId="8c84fa94-04c1-424b-9868-57a2d4851a1d" relativeResultsDirectory="fedc9927-3fad-47af-b821-f56a0cf42666" />
    <UnitTestResult executionId="30469c31-8027-45db-a35f-c0d91f6a8b10" testId="54aff59c-4c43-b1d0-3624-70ec589547d2" testName="Guard.Guard evaluates ClaimsPrincipal - allowed" computerName="Ryans-Mac-mini" startTime="2026-03-15T23:18:37.0266680-05:00" endTime="2026-03-15T23:18:37.0276760-05:00" testType="13cdc9d9-ddb5-4fa4-a97d-d965ccfc6d4b" outcome="Passed" testListId="8c84fa94-04c1-424b-9868-57a2d4851a1d" relativeResultsDirectory="30469c31-8027-45db-a35f-c0d91f6a8b10" />
    <UnitTestResult executionId="cb4daf3b-4b9c-45b8-af0d-b0b19bd28dd1" testId="d6255461-eaaa-44c9-32b8-90522b7b3979" testName="Parser.dashed forward message" computerName="Ryans-Mac-mini" startTime="2026-03-15T23:18:36.8273600-05:00" endTime="2026-03-15T23:18:36.8278760-05:00" testType="13cdc9d9-ddb5-4fa4-a97d-d965ccfc6d4b" outcome="Passed" testListId="8c84fa94-04c1-424b-9868-57a2d4851a1d" relativeResultsDirectory="cb4daf3b-4b9c-45b8-af0d-b0b19bd28dd1" />
    <UnitTestResult executionId="5dbd5b21-a4fc-4cdf-bc45-685c1ba38667" testId="29d7d970-afb8-58a4-913d-2caad81b4aa6" testName="StatechartETagProvider.ProviderBehavior.returns Some ETag when store has state" computerName="Ryans-Mac-mini" duration="00:00:00.0190000" startTime="2026-03-15T23:18:36.6919670-05:00" endTime="2026-03-15T23:18:36.7136790-05:00" testType="13cdc9d9-ddb5-4fa4-a97d-d965ccfc6d4b" outcome="Passed" testListId="8c84fa94-04c1-424b-9868-57a2d4851a1d" relativeResultsDirectory="5dbd5b21-a4fc-4cdf-bc45-685c1ba38667" />
    <UnitTestResult executionId="adabc7a2-26ff-421d-8471-df7a00f75a42" testId="c67835ff-50fa-5cd0-1c12-d1bda969c639" testName="Error Recovery.skip-to-newline recovery: error on one line, valid on next" computerName="Ryans-Mac-mini" startTime="2026-03-15T23:18:36.7510530-05:00" endTime="2026-03-15T23:18:36.7520320-05:00" testType="13cdc9d9-ddb5-4fa4-a97d-d965ccfc6d4b" outcome="Passed" testListId="8c84fa94-04c1-424b-9868-57a2d4851a1d" relativeResultsDirectory="adabc7a2-26ff-421d-8471-df7a00f75a42" />
    <UnitTestResult executionId="50eb5e48-b621-40f6-bc6b-31eca65afbd4" testId="2c0c0670-ed72-2bb2-1a2b-1106297ce58a" testName="Error Recovery.note with no guard text: content unchanged, guard is None" computerName="Ryans-Mac-mini" startTime="2026-03-15T23:18:36.7810550-05:00" endTime="2026-03-15T23:18:36.7813160-05:00" testType="13cdc9d9-ddb5-4fa4-a97d-d965ccfc6d4b" outcome="Passed" testListId="8c84fa94-04c1-424b-9868-57a2d4851a1d" relativeResultsDirectory="50eb5e48-b621-40f6-bc6b-31eca65afbd4" />
    <UnitTestResult executionId="3623f4d0-1917-4470-aea0-f248b567f26b" testId="1d9f236d-ca17-81ea-136a-6f76eccc01af" testName="Guard.Guard evaluates ClaimsPrincipal - blocked" computerName="Ryans-Mac-mini" startTime="2026-03-15T23:18:37.0266710-05:00" endTime="2026-03-15T23:18:37.0276710-05:00" testType="13cdc9d9-ddb5-4fa4-a97d-d965ccfc6d4b" outcome="Passed" testListId="8c84fa94-04c1-424b-9868-57a2d4851a1d" relativeResultsDirectory="3623f4d0-1917-4470-aea0-f248b567f26b" />
    <UnitTestResult executionId="eeee3127-e6c2-4a6b-8f5a-9a3264cf9440" testId="da7935da-c2e3-1c52-8778-cd05f531ce9b" testName="Parser.US1-S4: mixed arrow types" computerName="Ryans-Mac-mini" startTime="2026-03-15T23:18:36.8497450-05:00" endTime="2026-03-15T23:18:36.8502580-05:00" testType="13cdc9d9-ddb5-4fa4-a97d-d965ccfc6d4b" outcome="Passed" testListId="8c84fa94-04c1-424b-9868-57a2d4851a1d" relativeResultsDirectory="eeee3127-e6c2-4a6b-8f5a-9a3264cf9440" />
    <UnitTestResult executionId="f22d31f1-d33e-4b39-b3d4-db0db54381c9" testId="89dc9568-7a8b-f9e8-6f68-406c61ab0941" testName="Store.ObservableNotification.Multiple subscribers all receive notifications" computerName="Ryans-Mac-mini" duration="00:00:00.0020000" startTime="2026-03-15T23:18:36.9931550-05:00" endTime="2026-03-15T23:18:36.9961310-05:00" testType="13cdc9d9-ddb5-4fa4-a97d-d965ccfc6d4b" outcome="Passed" testListId="8c84fa94-04c1-424b-9868-57a2d4851a1d" relativeResultsDirectory="f22d31f1-d33e-4b39-b3d4-db0db54381c9" />
    <UnitTestResult executionId="41fd373a-fc27-4f88-bea7-cadd7e214fd3" testId="942b455a-1c82-8b94-f26f-f82ec63ed908" testName="RoundTrip.Onboarding Flow.parses without errors" computerName="Ryans-Mac-mini" duration="00:00:00.0110000" startTime="2026-03-15T23:18:36.6997500-05:00" endTime="2026-03-15T23:18:36.7243190-05:00" testType="13cdc9d9-ddb5-4fa4-a97d-d965ccfc6d4b" outcome="Passed" testListId="8c84fa94-04c1-424b-9868-57a2d4851a1d" relativeResultsDirectory="41fd373a-fc27-4f88-bea7-cadd7e214fd3" />
    <UnitTestResult executionId="5eba1507-1fd9-49b8-b9c1-d079e32833e8" testId="dc03651f-1a51-954a-ee08-9ed3ef4ea66d" testName="GuardResult.Blocked carries BlockReason" computerName="Ryans-Mac-mini" startTime="2026-03-15T23:18:37.0155820-05:00" endTime="2026-03-15T23:18:37.0166560-05:00" testType="13cdc9d9-ddb5-4fa4-a97d-d965ccfc6d4b" outcome="Passed" testListId="8c84fa94-04c1-424b-9868-57a2d4851a1d" relativeResultsDirectory="5eba1507-1fd9-49b8-b9c1-d079e32833e8" />
    <UnitTestResult executionId="a3e26d7e-af4c-46c2-9fbe-f54e8a957382" testId="f97074ae-c4b8-bad4-4266-6099321a862e" testName="StatechartETagProvider.DeterministicHashing.different state produces different ETag" computerName="Ryans-Mac-mini" duration="00:00:00.0200000" startTime="2026-03-15T23:18:36.6917580-05:00" endTime="2026-03-15T23:18:36.7153610-05:00" testType="13cdc9d9-ddb5-4fa4-a97d-d965ccfc6d4b" outcome="Passed" testListId="8c84fa94-04c1-424b-9868-57a2d4851a1d" relativeResultsDirectory="a3e26d7e-af4c-46c2-9fbe-f54e8a957382" />
    <UnitTestResult executionId="d0a0829b-1dae-4694-86b5-ca452c42c08e" testId="32e7bd9c-cd19-0e51-ebd8-273966231b30" testName="StateMachine.StateMetadata lookup by state key" computerName="Ryans-Mac-mini" startTime="2026-03-15T23:18:37.0266690-05:00" endTime="2026-03-15T23:18:37.0271470-05:00" testType="13cdc9d9-ddb5-4fa4-a97d-d965ccfc6d4b" outcome="Passed" testListId="8c84fa94-04c1-424b-9868-57a2d4851a1d" relativeResultsDirectory="d0a0829b-1dae-4694-86b5-ca452c42c08e" />
    <UnitTestResult executionId="ab6f396f-525a-4fc3-9d6b-31ab4a9bf9c9" testId="cc310453-8623-9c33-708d-9ba7a03d6a4d" testName="Grouping.par with three parallel branches" computerName="Ryans-Mac-mini" startTime="2026-03-15T23:18:36.8050910-05:00" endTime="2026-03-15T23:18:36.8054020-05:00" testType="13cdc9d9-ddb5-4fa4-a97d-d965ccfc6d4b" outcome="Passed" testListId="8c84fa94-04c1-424b-9868-57a2d4851a1d" relativeResultsDirectory="ab6f396f-525a-4fc3-9d6b-31ab4a9bf9c9" />
    <UnitTestResult executionId="e674c491-68f3-4dd5-abe2-097ed39ea5af" testId="6a2d1069-6d2c-1d7e-7eac-a4a4e52b2147" testName="Parser.US1-S3: message parameters" computerName="Ryans-Mac-mini" startTime="2026-03-15T23:18:36.8496790-05:00" endTime="2026-03-15T23:18:36.8499230-05:00" testType="13cdc9d9-ddb5-4fa4-a97d-d965ccfc6d4b" outcome="Passed" testListId="8c84fa94-04c1-424b-9868-57a2d4851a1d" relativeResultsDirectory="e674c491-68f3-4dd5-abe2-097ed39ea5af" />
[...]
    <TestEntry testId="d7ed204b-a6d3-5ec8-a3d8-588df625090a" executionId="72e1f0b3-e2d6-4d1d-a7c6-89283554a0bd" testListId="8c84fa94-04c1-424b-9868-57a2d4851a1d" />
    <TestEntry testId="ff415884-e1f7-040c-3097-ceefe5407e5e" executionId="6266ab22-dc63-45f7-8351-96e058faf0a7" testListId="8c84fa94-04c1-424b-9868-57a2d4851a1d" />
    <TestEntry testId="8c15f13b-d057-2c75-218e-08a206257c03" executionId="5016a742-9d57-429e-9ae8-6ac2a43c5dcb" testListId="8c84fa94-04c1-424b-9868-57a2d4851a1d" />
    <TestEntry testId="ebd203fc-750f-ebf2-51a8-6dd71bb8f32d" executionId="045e2582-7083-46f0-99a7-5c7e6027ed66" testListId="8c84fa94-04c1-424b-9868-57a2d4851a1d" />
    <TestEntry testId="ca164cee-4755-c80b-02cb-a95611c7364b" executionId="2d21ad79-141e-4e18-a97f-b919d9bd3b52" testListId="8c84fa94-04c1-424b-9868-57a2d4851a1d" />
    <TestEntry testId="43269f0d-88dd-de66-ffaf-23fa9086edbf" executionId="86eb8b3a-770b-4861-bd15-832deb78b6a7" testListId="8c84fa94-04c1-424b-9868-57a2d4851a1d" />
    <TestEntry testId="1dd072d3-f5a8-2252-1517-df5bb54e62e7" executionId="60847c70-d8cb-4bd6-9489-26422bf74e57" testListId="8c84fa94-04c1-424b-9868-57a2d4851a1d" />
    <TestEntry testId="18919d14-c79f-070a-42a1-cca67623a291" executionId="1c305647-c0d6-4c34-be4e-55762973eac8" testListId="8c84fa94-04c1-424b-9868-57a2d4851a1d" />
    <TestEntry testId="7e50a110-6314-f793-ec27-b2f4c16ec288" executionId="fd19d8ca-3ee7-4194-83f6-49f0b2a1cd26" testListId="8c84fa94-04c1-424b-9868-57a2d4851a1d" />
    <TestEntry testId="48fd4131-0fd8-0591-23c2-78e49c4784b6" executionId="83b8df41-3389-48a5-bc99-eac5f6e5b4aa" testListId="8c84fa94-04c1-424b-9868-57a2d4851a1d" />
    <TestEntry testId="b58099e0-a65a-115f-b516-619494a358b5" executionId="63178192-496b-406e-a659-5a847e584559" testListId="8c84fa94-04c1-424b-9868-57a2d4851a1d" />
    <TestEntry testId="a8e17a30-422a-59fd-e2be-d625db1c284b" executionId="fedc9927-3fad-47af-b821-f56a0cf42666" testListId="8c84fa94-04c1-424b-9868-57a2d4851a1d" />
    <TestEntry testId="54aff59c-4c43-b1d0-3624-70ec589547d2" executionId="30469c31-8027-45db-a35f-c0d91f6a8b10" testListId="8c84fa94-04c1-424b-9868-57a2d4851a1d" />
    <TestEntry testId="d6255461-eaaa-44c9-32b8-90522b7b3979" executionId="cb4daf3b-4b9c-45b8-af0d-b0b19bd28dd1" testListId="8c84fa94-04c1-424b-9868-57a2d4851a1d" />
    <TestEntry testId="29d7d970-afb8-58a4-913d-2caad81b4aa6" executionId="5dbd5b21-a4fc-4cdf-bc45-685c1ba38667" testListId="8c84fa94-04c1-424b-9868-57a2d4851a1d" />
    <TestEntry testId="c67835ff-50fa-5cd0-1c12-d1bda969c639" executionId="adabc7a2-26ff-421d-8471-df7a00f75a42" testListId="8c84fa94-04c1-424b-9868-57a2d4851a1d" />
    <TestEntry testId="2c0c0670-ed72-2bb2-1a2b-1106297ce58a" executionId="50eb5e48-b621-40f6-bc6b-31eca65afbd4" testListId="8c84fa94-04c1-424b-9868-57a2d4851a1d" />
    <TestEntry testId="1d9f236d-ca17-81ea-136a-6f76eccc01af" executionId="3623f4d0-1917-4470-aea0-f248b567f26b" testListId="8c84fa94-04c1-424b-9868-57a2d4851a1d" />
    <TestEntry testId="da7935da-c2e3-1c52-8778-cd05f531ce9b" executionId="eeee3127-e6c2-4a6b-8f5a-9a3264cf9440" testListId="8c84fa94-04c1-424b-9868-57a2d4851a1d" />
    <TestEntry testId="89dc9568-7a8b-f9e8-6f68-406c61ab0941" executionId="f22d31f1-d33e-4b39-b3d4-db0db54381c9" testListId="8c84fa94-04c1-424b-9868-57a2d4851a1d" />
    <TestEntry testId="942b455a-1c82-8b94-f26f-f82ec63ed908" executionId="41fd373a-fc27-4f88-bea7-cadd7e214fd3" testListId="8c84fa94-04c1-424b-9868-57a2d4851a1d" />
    <TestEntry testId="dc03651f-1a51-954a-ee08-9ed3ef4ea66d" executionId="5eba1507-1fd9-49b8-b9c1-d079e32833e8" testListId="8c84fa94-04c1-424b-9868-57a2d4851a1d" />
    <TestEntry testId="f97074ae-c4b8-bad4-4266-6099321a862e" executionId="a3e26d7e-af4c-46c2-9fbe-f54e8a957382" testListId="8c84fa94-04c1-424b-9868-57a2d4851a1d" />
    <TestEntry testId="32e7bd9c-cd19-0e51-ebd8-273966231b30" executionId="d0a0829b-1dae-4694-86b5-ca452c42c08e" testListId="8c84fa94-04c1-424b-9868-57a2d4851a1d" />
    <TestEntry testId="cc310453-8623-9c33-708d-9ba7a03d6a4d" executionId="ab6f396f-525a-4fc3-9d6b-31ab4a9bf9c9" testListId="8c84fa94-04c1-424b-9868-57a2d4851a1d" />
    <TestEntry testId="6a2d1069-6d2c-1d7e-7eac-a4a4e52b2147" executionId="e674c491-68f3-4dd5-abe2-097ed39ea5af" testListId="8c84fa94-04c1-424b-9868-57a2d4851a1d" />
    <TestEntry testId="fc8e9b13-037d-2d01-2882-aabf090eb6e8" executionId="32b4da9c-81b0-487e-a39b-0939ebd4a0db" testListId="8c84fa94-04c1-424b-9868-57a2d4851a1d" />
    <TestEntry testId="4d2350b0-dee8-cac0-392f-7fa67ba7cee0" executionId="42964a2f-a97d-47d1-bcbd-6ae930624c87" testListId="8c84fa94-04c1-424b-9868-57a2d4851a1d" />
    <TestEntry testId="0363b902-e262-de83-9c9d-ff39e5a0aaa9" executionId="21bc76f7-710d-403f-b9ba-6f95ffeb0e35" testListId="8c84fa94-04c1-424b-9868-57a2d4851a1d" />
    <TestEntry testId="25d8d262-1112-a0bb-15a5-ef4c5811dd1f" executionId="6ad32398-6c39-4b0b-b9c1-591c08fc4442" testListId="8c84fa94-04c1-424b-9868-57a2d4851a1d" />
    <TestEntry testId="baae4ac8-e80f-f89c-e4ee-8d2346448154" executionId="c8eac229-6c49-40ed-80a8-1702d1ec7810" testListId="8c84fa94-04c1-424b-9868-57a2d4851a1d" />
    <TestEntry testId="1ad2e393-73e3-a598-889a-09c67460416f" executionId="73804755-8433-4839-844e-fdcf1854c786" testListId="8c84fa94-04c1-424b-9868-57a2d4851a1d" />
    <TestEntry testId="c55f4ad2-70d3-5391-68dd-6177494fac41" executionId="a1dec719-bc98-4bae-809a-ec1fb087da77" testListId="8c84fa94-04c1-424b-9868-57a2d4851a1d" />
    <TestEntry testId="e2bcb354-8425-d4d5-ef57-bb4868dfc75c" executionId="144889a0-2862-4f5d-b97e-bc1de0349be2" testListId="8c84fa94-04c1-424b-9868-57a2d4851a1d" />
    <TestEntry testId="ba85bc33-d046-966e-7d27-33ffa9b63ca4" executionId="a76ef022-1dfa-4a23-95f3-2612f096dd4e" testListId="8c84fa94-04c1-424b-9868-57a2d4851a1d" />
    <TestEntry testId="525323ff-14be-7803-2da7-3828a40a3e47" executionId="1839a540-fbf6-4436-88c7-3574a6a37e1f" testListId="8c84fa94-04c1-424b-9868-57a2d4851a1d" />
    <TestEntry testId="d382fd62-146e-b388-a4bb-3975abaaa226" executionId="28e8e4f7-9cd7-4333-b2aa-2c08f7ed667b" testListId="8c84fa94-04c1-424b-9868-57a2d4851a1d" />
    <TestEntry testId="df589c34-2e72-3a0e-2ed4-7dad29e12e0f" executionId="2883e478-a67e-4acb-bbeb-402dd21e4eb1" testListId="8c84fa94-04c1-424b-9868-57a2d4851a1d" />
    <TestEntry testId="d9f7ec51-2c4d-987b-9978-7a00c030b786" executionId="56fef1c0-c971-4d3a-a8d0-f73364099fbe" testListId="8c84fa94-04c1-424b-9868-57a2d4851a1d" />
    <TestEntry testId="fef1094b-68e8-760e-38d3-5901a3b27cd2" executionId="81b1ae13-f2ba-464c-bb4e-949896b99d87" testListId="8c84fa94-04c1-424b-9868-57a2d4851a1d" />
    <TestEntry testId="2c3aad7d-8782-635e-96df-6eef36811518" executionId="f8bdc905-2f5c-4e8e-8247-7d4b2aa33db0" testListId="8c84fa94-04c1-424b-9868-57a2d4851a1d" />
    <TestEntry testId="180f7760-2e62-4a30-fd53-8176cceefe60" executionId="2c0a4806-83b1-461b-90b9-d6d9e96d3826" testListId="8c84fa94-04c1-424b-9868-57a2d4851a1d" />
    <TestEntry testId="b023cbda-e8e7-1afc-ac7b-67579e418418" executionId="62c75e31-f393-4cbe-926c-d4fb6d58e437" testListId="8c84fa94-04c1-424b-9868-57a2d4851a1d" />
    <TestEntry testId="2e25029a-31eb-63c2-080b-5f4951152e21" executionId="6c61cf86-3345-45ed-856f-dd6e5db340b7" testListId="8c84fa94-04c1-424b-9868-57a2d4851a1d" />
    <TestEntry testId="cf9edfc5-5879-1a21-0559-50f22e6c73b9" executionId="dc1b553f-e545-414e-b1ff-4bf56a2b7cb9" testListId="8c84fa94-04c1-424b-9868-57a2d4851a1d" />
    <TestEntry testId="39915532-0d09-66fd-074d-c1ebd9fda1d3" executionId="fa9dca27-bfcb-4dce-b1a1-98cf11a6e4fa" testListId="8c84fa94-04c1-424b-9868-57a2d4851a1d" />
    <TestEntry testId="7f2197c8-9685-2b8f-93d0-5f8f16fb0ebd" executionId="73d82df5-e98b-4d74-a480-1bbfaa8c6766" testListId="8c84fa94-04c1-424b-9868-57a2d4851a1d" />
    <TestEntry testId="f2da5f2f-f1b7-7dc1-a7e0-cbc22cc107be" executionId="a097f361-6b63-4528-be38-668451a040fe" testListId="8c84fa94-04c1-424b-9868-57a2d4851a1d" />
    <TestEntry testId="044dfe13-e202-03c9-3b76-abeda3269518" executionId="d4786888-71a9-4722-bd36-b08ff1971e8a" testListId="8c84fa94-04c1-424b-9868-57a2d4851a1d" />
    <TestEntry testId="fc3a8874-06ff-57f7-beba-116b7bf7898d" executionId="3d324c92-50ca-4371-ab17-9e340ace1d4d" testListId="8c84fa94-04c1-424b-9868-57a2d4851a1d" />
    <TestEntry testId="a9cc8f0f-7bef-b483-1994-8a1b8bc1d73f" executionId="e5a6f4a7-40b4-4a9f-a7e6-08bdec99e31b" testListId="8c84fa94-04c1-424b-9868-57a2d4851a1d" />
    <TestEntry testId="ae3049eb-d62d-3d69-a730-6c3c1a5e5266" executionId="72009076-e3e6-4b1e-ba14-a5831789ea4d" testListId="8c84fa94-04c1-424b-9868-57a2d4851a1d" />
    <TestEntry testId="4efce0c5-8feb-0f16-342e-062338ab6adc" executionId="743a3efc-7c34-4480-be4c-8c8a7944f613" testListId="8c84fa94-04c1-424b-9868-57a2d4851a1d" />
    <TestEntry testId="4651a910-4a35-a592-e5fd-613d8731ee07" executionId="cff24acc-6175-4522-a36b-80c15f6287f5" testListId="8c84fa94-04c1-424b-9868-57a2d4851a1d" />
    <TestEntry testId="41e62669-51c6-14b6-c61a-5db1216f4563" executionId="d21b2331-d7f8-414f-a8b1-784bed39ccef" testListId="8c84fa94-04c1-424b-9868-57a2d4851a1d" />
    <TestEntry testId="c3fb7e20-2cdd-4910-b17d-a7ae67422c67" executionId="978d5810-d4db-4449-8ae1-244cced25517" testListId="8c84fa94-04c1-424b-9868-57a2d4851a1d" />
    <TestEntry testId="fff2dd2e-0d38-afa4-df75-858eae177680" executionId="3e21615e-6b10-479e-ab02-43c0bbe017ea" testListId="8c84fa94-04c1-424b-9868-57a2d4851a1d" />
    <TestEntry testId="0dc16d74-e6e9-9da7-c532-3c9bb6d96321" executionId="a120a194-11d6-4c46-a1ae-55b54e01e0f3" testListId="8c84fa94-04c1-424b-9868-57a2d4851a1d" />
    <TestEntry testId="844ecd0d-9ee2-1549-ef40-edcd01dd08c0" executionId="055fef5d-e58d-49c5-9a94-a144bb5853f3" testListId="8c84fa94-04c1-424b-9868-57a2d4851a1d" />
    <TestEntry testId="332adfed-e0f4-2d22-2d1a-15e2074c0a86" executionId="354867b8-a1ed-4854-98ba-99a83a03d3e1" testListId="8c84fa94-04c1-424b-9868-57a2d4851a1d" />
    <TestEntry testId="b2adde42-c821-c58e-2cde-01420b2d6541" executionId="366beadd-1fe6-41eb-ae61-e10250c9218a" testListId="8c84fa94-04c1-424b-9868-57a2d4851a1d" />
    <TestEntry testId="267ce907-2d75-ab3f-bf36-80b81e38eac5" executionId="7d45467b-0957-4105-890e-fc126e8fdd2c" testListId="8c84fa94-04c1-424b-9868-57a2d4851a1d" />
    <TestEntry testId="29777df7-460e-823e-5c46-a34b50826a49" executionId="9a8383cd-5689-4565-8a1f-9d9fbdc1b13c" testListId="8c84fa94-04c1-424b-9868-57a2d4851a1d" />
    <TestEntry testId="4cb10614-f93d-ee85-8505-707c6806493d" executionId="b5d5b10e-8362-4599-8564-e34560da0b11" testListId="8c84fa94-04c1-424b-9868-57a2d4851a1d" />
    <TestEntry testId="88eda959-7322-16a3-adb2-0a73d5cd2909" executionId="4f69ce1e-b929-404a-8991-3e98ed9a90dd" testListId="8c84fa94-04c1-424b-9868-57a2d4851a1d" />
    <TestEntry testId="daf7f23a-8139-7f94-fa1d-6a65e316cc96" executionId="51178077-10d1-4349-b267-e5ad31ee345c" testListId="8c84fa94-04c1-424b-9868-57a2d4851a1d" />
    <TestEntry testId="2d0b614a-528f-8cfc-3821-ae458de86e8c" executionId="c5b4594c-b95c-4d49-84de-ccf9934802f7" testListId="8c84fa94-04c1-424b-9868-57a2d4851a1d" />
    <TestEntry testId="0b4a3664-2695-c909-2935-ecc1a369f019" executionId="568996dc-ae36-4ae0-9340-2d4fce457c64" testListId="8c84fa94-04c1-424b-9868-57a2d4851a1d" />
    <TestEntry testId="9c856895-3f4b-c9b7-da94-a847764eb244" executionId="7ef36522-d197-4ce4-80e3-66915101e2d5" testListId="8c84fa94-04c1-424b-9868-57a2d4851a1d" />
    <TestEntry testId="9ba0fc45-e70c-8ce9-f071-da6ee8912c3b" executionId="c685dba6-eb46-48cf-b7cc-ee2304d1cdf5" testListId="8c84fa94-04c1-424b-9868-57a2d4851a1d" />
    <TestEntry testId="2a2988ef-841f-9df0-dce0-2856e7d0cb25" executionId="c19ef8b5-a696-4e12-876c-95f7701a93a7" testListId="8c84fa94-04c1-424b-9868-57a2d4851a1d" />
    <TestEntry testId="bbfa34b2-3062-6e86-bf19-25978e2182f2" executionId="31a2b6f6-a81c-4202-b11e-13d20bf21dc1" testListId="8c84fa94-04c1-424b-9868-57a2d4851a1d" />
    <TestEntry testId="4e70b880-b684-3db9-df8d-9a1542f08e96" executionId="dc799a98-8182-470d-ac27-04ccc859167b" testListId="8c84fa94-04c1-424b-9868-57a2d4851a1d" />
    <TestEntry testId="a5aac72f-856f-897a-2eab-c8406f17c27d" executionId="95af9faf-f79f-47da-ac55-adc56d8fb0cb" testListId="8c84fa94-04c1-424b-9868-57a2d4851a1d" />
    <TestEntry testId="b846e94d-8cef-e9aa-a0cb-729e70892af1" executionId="75feed94-be01-4f99-abd6-28b020932b40" testListId="8c84fa94-04c1-424b-9868-57a2d4851a1d" />
    <TestEntry testId="f0aff5ff-4bad-7d6c-7b74-f97d83727dea" executionId="a262dd15-3717-4545-aff4-8435f4d2495b" testListId="8c84fa94-04c1-424b-9868-57a2d4851a1d" />
    <TestEntry testId="57f4cf16-c83f-d374-87b5-d3a3f82346a0" executionId="fa5b6b54-7d6b-468b-88f6-e43684dbab4f" testListId="8c84fa94-04c1-424b-9868-57a2d4851a1d" />
    <TestEntry testId="766ffd9f-530c-60fd-70f6-4954a077ce51" executionId="48249bb4-8c0b-47a7-a194-1252086c85e2" testListId="8c84fa94-04c1-424b-9868-57a2d4851a1d" />
    <TestEntry testId="69e506f6-56c7-549b-f95a-b8675a00cce3" executionId="adbf1a42-2b67-49f7-b446-d26f3b5981ba" testListId="8c84fa94-04c1-424b-9868-57a2d4851a1d" />
    <TestEntry testId="191f784c-2bea-f761-8e84-72e5f561031b" executionId="fabf9979-531e-4662-bc21-53b17c847492" testListId="8c84fa94-04c1-424b-9868-57a2d4851a1d" />
    <TestEntry testId="9c7c508b-8478-275d-48fe-c3f92a0bb067" executionId="54f1936a-51fa-4a52-bf3f-5636d7286282" testListId="8c84fa94-04c1-424b-9868-57a2d4851a1d" />
    <TestEntry testId="84dc48c8-eb12-ed1b-8633-b35377821ea6" executionId="265ba316-bb46-4e9e-ae5a-b42e4c45855a" testListId="8c84fa94-04c1-424b-9868-57a2d4851a1d" />
    <TestEntry testId="80bdc0cf-4606-20da-150d-7329bddc3bef" executionId="d2d92450-b62f-4131-a664-5c0e68020e10" testListId="8c84fa94-04c1-424b-9868-57a2d4851a1d" />
    <TestEntry testId="c5c453e4-e10c-63e3-3bc7-0eb158e4d60b" executionId="733011f6-80b5-4cac-bd10-c6fa237fa272" testListId="8c84fa94-04c1-424b-9868-57a2d4851a1d" />
    <TestEntry testId="99eaabfb-cfac-406e-cadb-ddc0af54c372" executionId="212f050b-6c3c-49e8-8e28-06a0927a7f63" testListId="8c84fa94-04c1-424b-9868-57a2d4851a1d" />
    <TestEntry testId="ec490e1a-3892-9bf9-cfb0-7a78394b190a" executionId="d9cbd682-0a8e-4b9f-a481-d5b6bec8eade" testListId="8c84fa94-04c1-424b-9868-57a2d4851a1d" />
    <TestEntry testId="66bb07e1-e004-d79a-43bc-367f518b63ae" executionId="0db5d84c-81ba-43b7-890d-d69c4778e648" testListId="8c84fa94-04c1-424b-9868-57a2d4851a1d" />
    <TestEntry testId="149f3b0b-2ba2-ddb7-cedb-552afc9bd9a6" executionId="576de1a5-b844-4152-9119-1fa0ae20b3b6" testListId="8c84fa94-04c1-424b-9868-57a2d4851a1d" />
    <TestEntry testId="712d583f-4a8c-51fc-9e9c-0a3ee24dabce" executionId="ce931f71-915b-414c-aa73-2f0da47cff4c" testListId="8c84fa94-04c1-424b-9868-57a2d4851a1d" />
    <TestEntry testId="25611a0e-a977-c9d5-00b2-da5768737804" executionId="958755a5-ca9e-4f09-9444-71a668dcf61d" testListId="8c84fa94-04c1-424b-9868-57a2d4851a1d" />
    <TestEntry testId="d0774632-896a-fb7d-18c6-45114926db03" executionId="60f76f34-ac21-436b-9a98-7f96adac6e50" testListId="8c84fa94-04c1-424b-9868-57a2d4851a1d" />
    <TestEntry testId="481511e1-9ab8-0a6c-1276-6f005f407a25" executionId="96e3763a-9483-4ccd-896f-ca82c890ac13" testListId="8c84fa94-04c1-424b-9868-57a2d4851a1d" />
    <TestEntry testId="b12752ad-a200-582d-3eb7-934dab74eba9" executionId="4502cdd8-05c9-44bb-afce-b8e0b66b66fe" testListId="8c84fa94-04c1-424b-9868-57a2d4851a1d" />
    <TestEntry testId="f846d36d-1c12-6e3a-ab01-baf1672ca9e6" executionId="9cdfcd7d-508f-4fbd-975d-ba2368cf9303" testListId="8c84fa94-04c1-424b-9868-57a2d4851a1d" />
    <TestEntry testId="bfc0bcd9-2114-814f-96ef-384f2f4562d5" executionId="e82fca75-481b-4b1e-be2d-1cd8229ea554" testListId="8c84fa94-04c1-424b-9868-57a2d4851a1d" />
    <TestEntry testId="50650155-c725-77ed-c05a-191d90197c2f" executionId="d7ab801b-25d3-4892-9ae2-64d5f6d912e1" testListId="8c84fa94-04c1-424b-9868-57a2d4851a1d" />
    <TestEntry testId="079ff1a8-d8c0-df59-b7e7-9cefa399b16f" executionId="362cd605-2e26-4a91-873d-852b50a35f09" testListId="8c84fa94-04c1-424b-9868-57a2d4851a1d" />
    <TestEntry testId="a4486015-071d-8664-e024-e464ea06f09b" executionId="7b7a7488-413c-433f-bc2e-32ab2f696f33" testListId="8c84fa94-04c1-424b-9868-57a2d4851a1d" />
    <TestEntry testId="9e75447a-cd93-e020-96f2-9ec9564f1c03" executionId="647f92f2-0f55-487c-9913-7a09fdfebbdf" testListId="8c84fa94-04c1-424b-9868-57a2d4851a1d" />
    <TestEntry testId="ecf33ab1-6203-765b-5b6c-2d288426c4e0" executionId="61fdeadf-a04b-4fd1-860e-9b8f5895f995" testListId="8c84fa94-04c1-424b-9868-57a2d4851a1d" />
    <TestEntry testId="b5d28351-9ebf-ddd4-9c59-c1eed4956325" executionId="b5a158a2-e42c-4022-9842-98c52ba94671" testListId="8c84fa94-04c1-424b-9868-57a2d4851a1d" />
    <TestEntry testId="d4c0e79a-1a73-1c52-7e2c-26874d553cd7" executionId="3b1968ae-7894-4810-a0f4-e8762cf039ee" testListId="8c84fa94-04c1-424b-9868-57a2d4851a1d" />
    <TestEntry testId="eb96bccc-a0a0-7140-fcb2-b6613de251d9" executionId="d5eadab7-ec77-4837-802b-89a345f976fd" testListId="8c84fa94-04c1-424b-9868-57a2d4851a1d" />
    <TestEntry testId="c20d2e21-0469-609d-ba6f-2bc5deb6c23e" executionId="a527d5d4-3629-43af-9527-f35816a54726" testListId="8c84fa94-04c1-424b-9868-57a2d4851a1d" />
    <TestEntry testId="91b53ca2-2aac-4612-4b64-e81acf7da316" executionId="650720da-b210-4fcd-95fc-6fef70edb2f0" testListId="8c84fa94-04c1-424b-9868-57a2d4851a1d" />
    <TestEntry testId="e0abac45-8716-badc-b501-00419d628e0b" executionId="838db080-de89-4d9c-a16e-67a2319d1dcc" testListId="8c84fa94-04c1-424b-9868-57a2d4851a1d" />
    <TestEntry testId="b391e0c7-9d30-1a6c-644d-5d89f8e0c8ce" executionId="7784f6f9-9c37-495f-8580-ea811c6f8b41" testListId="8c84fa94-04c1-424b-9868-57a2d4851a1d" />
    <TestEntry testId="efc47a09-fca6-f0e6-7df6-c565c0c74661" executionId="715f3176-41b9-465f-abaa-cd8849632452" testListId="8c84fa94-04c1-424b-9868-57a2d4851a1d" />
    <TestEntry testId="147ba583-e9b5-cb1e-1dbb-380db0c0d0aa" executionId="0ee41632-d98a-4781-98e6-4ca1ab013154" testListId="8c84fa94-04c1-424b-9868-57a2d4851a1d" />
    <TestEntry testId="e88d4d61-0b94-96ed-1cc2-ef1f6dd5c0b4" executionId="f8746190-4cb2-4e27-a5ec-d7df695ff502" testListId="8c84fa94-04c1-424b-9868-57a2d4851a1d" />
    <TestEntry testId="17979472-512b-cba2-cc58-1e73b57bb509" executionId="49c42379-c36c-4d86-a4da-4d2a695b3615" testListId="8c84fa94-04c1-424b-9868-57a2d4851a1d" />
    <TestEntry testId="332ee27d-46c8-30f5-f6fd-0574b90271e0" executionId="6d35dc59-3ccf-4697-b51e-785a2e4b0dba" testListId="8c84fa94-04c1-424b-9868-57a2d4851a1d" />
    <TestEntry testId="6b3c2b6b-6fca-8c77-f820-2310e2c1e743" executionId="8e1eab3e-75ff-4704-be8f-b117e54ee7ef" testListId="8c84fa94-04c1-424b-9868-57a2d4851a1d" />
    <TestEntry testId="2d96ead6-59d5-d994-a331-2d431f88fa43" executionId="f7b58d6f-6bc7-4c03-95ae-f9c6dc643eb2" testListId="8c84fa94-04c1-424b-9868-57a2d4851a1d" />
    <TestEntry testId="90e8ec10-b7f7-3483-53a5-a55754e1ef7c" executionId="df060fd3-fd09-4ec0-a572-d1928ceb0ac1" testListId="8c84fa94-04c1-424b-9868-57a2d4851a1d" />
    <TestEntry testId="b9b80596-71bf-4b7d-1c84-95b97f1400ee" executionId="f651c154-e22d-43da-9c73-9ec259cdd892" testListId="8c84fa94-04c1-424b-9868-57a2d4851a1d" />
    <TestEntry testId="5cf551ef-7262-9eb0-0e63-76d01d57fde5" executionId="64fd1f06-51cc-4afe-bcba-52b91cbd31ff" testListId="8c84fa94-04c1-424b-9868-57a2d4851a1d" />
  </TestEntries>
  <TestLists>
    <TestList name="Results Not in a List" id="8c84fa94-04c1-424b-9868-57a2d4851a1d" />
    <TestList name="All Loaded Results" id="19431567-8539-422a-85d7-44ee4e166bda" />
  </TestLists>
  <ResultSummary outcome="Completed">
    <Counters total="250" executed="250" passed="250" failed="0" error="0" timeout="0" aborted="0" inconclusive="0" passedButRunAborted="0" notRunnable="0" notExecuted="0" disconnected="0" warning="0" completed="0" inProgress="0" pending="0" />
  </ResultSummary>
</TestRun>