<?xml version="1.0" encoding="utf-8"?>
<TestRun id="2f510810-2d97-4222-a2ae-dbe12245b3ce" name="@Ryans-Mac-mini 2026-03-15 23:18:42" xmlns="http://microsoft.com/schemas/VisualStudio/TeamTest/2010">
  <Times creation="2026-03-15T23:18:42.6685740-05:00" queuing="2026-03-15T23:18:42.6685740-05:00" start="2026-03-15T23:18:42.2554720-05:00" finish="2026-03-15T23:18:43.0313000-05:00" />
  <TestSettings name="default" id="ec792fee-4579-46b8-809e-f0c6a35062e4">
    <Deployment runDeploymentRoot="_Ryans-Mac-mini_2026-03-15_23_18_42" />
  </TestSettings>
  <Results>
    <UnitTestResult executionId="468d209b-d19e-48f2-81c0-e995e1e1ae0c" testId="e8317f69-48df-cf44-deaa-66dcf20a21e4" testName="Transition hooks.onTransition does not fire on blocked request" computerName="Ryans-Mac-mini" duration="00:00:00.0060000" startTime="2026-03-15T23:18:42.8904450-05:00" endTime="2026-03-15T23:18:42.8971070-05:00" testType="13cdc9d9-ddb5-4fa4-a97d-d965ccfc6d4b" outcome="Passed" testListId="8c84fa94-04c1-424b-9868-57a2d4851a1d" relativeResultsDirectory="468d209b-d19e-48f2-81c0-e995e1e1ae0c" />
    <UnitTestResult executionId="b4e5e819-4ee8-41e7-9150-d5a350f84c81" testId="1d9f236d-ca17-81ea-136a-6f76eccc01af" testName="Guard.Guard evaluates ClaimsPrincipal - blocked" computerName="Ryans-Mac-mini" startTime="2026-03-15T23:18:42.9772330-05:00" endTime="2026-03-15T23:18:42.9783210-05:00" testType="13cdc9d9-ddb5-4fa4-a97d-d965ccfc6d4b" outcome="Passed" testListId="8c84fa94-04c1-424b-9868-57a2d4851a1d" relativeResultsDirectory="b4e5e819-4ee8-41e7-9150-d5a350f84c81" />
    <UnitTestResult executionId="69dd7ee5-7036-4e55-95dd-98fcea5f066b" testId="34f88851-080d-863e-d83d-46993a781f1f" testName="RoundTrip.Tic-Tac-Toe.alt block with two branches" computerName="Ryans-Mac-mini" duration="00:00:00.0010000" startTime="2026-03-15T23:18:42.6665200-05:00" endTime="2026-03-15T23:18:42.6680420-05:00" testType="13cdc9d9-ddb5-4fa4-a97d-d965ccfc6d4b" outcome="Passed" testListId="8c84fa94-04c1-424b-9868-57a2d4851a1d" relativeResultsDirectory="69dd7ee5-7036-4e55-95dd-98fcea5f066b" />
    <UnitTestResult executionId="24dabf92-cf5f-445b-9cb0-e195bb56652c" testId="937ff85b-6de6-0285-cf6b-4c8a3a12d84b" testName="RoundTrip.Edge Cases.note positions: over, left of, right of" computerName="Ryans-Mac-mini" startTime="2026-03-15T23:18:42.6878250-05:00" endTime="2026-03-15T23:18:42.6881730-05:00" testType="13cdc9d9-ddb5-4fa4-a97d-d965ccfc6d4b" outcome="Passed" testListId="8c84fa94-04c1-424b-9868-57a2d4851a1d" relativeResultsDirectory="24dabf92-cf5f-445b-9cb0-e195bb56652c" />
    <UnitTestResult executionId="ae9345b9-e019-42e0-8c75-5e28c48f88ea" testId="c67835ff-50fa-5cd0-1c12-d1bda969c639" testName="Error Recovery.skip-to-newline recovery: error on one line, valid on next" computerName="Ryans-Mac-mini" startTime="2026-03-15T23:18:42.6879390-05:00" endTime="2026-03-15T23:18:42.6889880-05:00" testType="13cdc9d9-ddb5-4fa4-a97d-d965ccfc6d4b" outcome="Passed" testListId="8c84fa94-04c1-424b-9868-57a2d4851a1d" relativeResultsDirectory="ae9345b9-e019-42e0-8c75-5e28c48f88ea" />
    <UnitTestResult executionId="41906317-bb3e-41a9-b91a-37959e8571df" testId="98b457c1-374d-40fc-de40-5b78f5e95a36" testName="Parser.multiple participants preserve order" computerName="Ryans-Mac-mini" startTime="2026-03-15T23:18:42.7649660-05:00" endTime="2026-03-15T23:18:42.7654120-05:00" testType="13cdc9d9-ddb5-4fa4-a97d-d965ccfc6d4b" outcome="Passed" testListId="8c84fa94-04c1-424b-9868-57a2d4851a1d" relativeResultsDirectory="41906317-bb3e-41a9-b91a-37959e8571df" />
    <UnitTestResult executionId="bfe8d6ad-73c5-48b0-923d-dbfc508b6619" testId="29d7d970-afb8-58a4-913d-2caad81b4aa6" testName="StatechartETagProvider.ProviderBehavior.returns Some ETag when store has state" computerName="Ryans-Mac-mini" duration="00:00:00.0170000" startTime="2026-03-15T23:18:42.6301430-05:00" endTime="2026-03-15T23:18:42.6505630-05:00" testType="13cdc9d9-ddb5-4fa4-a97d-d965ccfc6d4b" outcome="Passed" testListId="8c84fa94-04c1-424b-9868-57a2d4851a1d" relativeResultsDirectory="bfe8d6ad-73c5-48b0-923d-dbfc508b6619" />
    <UnitTestResult executionId="7aa39b95-d4cc-49dd-bbc8-5dee1022cf02" testId="a9cc8f0f-7bef-b483-1994-8a1b8bc1d73f" testName="GuardParser.missing equals: key without value" computerName="Ryans-Mac-mini" startTime="2026-03-15T23:18:42.8205540-05:00" endTime="2026-03-15T23:18:42.8207760-05:00" testType="13cdc9d9-ddb5-4fa4-a97d-d965ccfc6d4b" outcome="Passed" testListId="8c84fa94-04c1-424b-9868-57a2d4851a1d" relativeResultsDirectory="7aa39b95-d4cc-49dd-bbc8-5dee1022cf02" />
    <UnitTestResult executionId="ede9f7f1-a4ad-4317-97e4-d1a53fd3e0ec" testId="41e62669-51c6-14b6-c61a-5db1216f4563" testName="State-dependent methods.GET allowed in XTurn state" computerName="Ryans-Mac-mini" duration="00:00:00.0620000" startTime="2026-03-15T23:18:42.8207540-05:00" endTime="2026-03-15T23:18:42.8832380-05:00" testType="13cdc9d9-ddb5-4fa4-a97d-d965ccfc6d4b" outcome="Passed" testListId="8c84fa94-04c1-424b-9868-57a2d4851a1d" relativeResultsDirectory="ede9f7f1-a4ad-4317-97e4-d1a53fd3e0ec" />
    <UnitTestResult executionId="ef4f6653-74dd-44de-ad8f-1c643cc6ae11" testId="daf7f23a-8139-7f94-fa1d-6a65e316cc96" testName="StateMachine.transition Locked + Coin = Unlocked" computerName="Ryans-Mac-mini" startTime="2026-03-15T23:18:42.9661450-05:00" endTime="2026-03-15T23:18:42.9666680-05:00" testType="13cdc9d9-ddb5-4fa4-a97d-d965ccfc6d4b" outcome="Passed" testListId="8c84fa94-04c1-424b-9868-57a2d4851a1d" relativeResultsDirectory="ef4f6653-74dd-44de-ad8f-1c643cc6ae11" />
    <UnitTestResult executionId="b6d7353c-b4a2-4480-be04-3458d00f612c" testId="1e221b51-96c9-e2b9-bac7-86180d610a0e" testName="Error Recovery.corrective example for missing receiver after arrow" computerName="Ryans-Mac-mini" startTime="2026-03-15T23:18:42.6989490-05:00" endTime="2026-03-15T23:18:42.6999500-05:00" testType="13cdc9d9-ddb5-4fa4-a97d-d965ccfc6d4b" outcome="Passed" testListId="8c84fa94-04c1-424b-9868-57a2d4851a1d" relativeResultsDirectory="b6d7353c-b4a2-4480-be04-3458d00f612c" />
    <UnitTestResult executionId="a192ba80-7d8c-4a0f-8132-5cb0c2d15a02" testId="074168e3-d7fe-5ab0-cd10-797ea7da20ae" testName="Parser.note right of participant" computerName="Ryans-Mac-mini" startTime="2026-03-15T23:18:42.7871430-05:00" endTime="2026-03-15T23:18:42.7873590-05:00" testType="13cdc9d9-ddb5-4fa4-a97d-d965ccfc6d4b" outcome="Passed" testListId="8c84fa94-04c1-424b-9868-57a2d4851a1d" relativeResultsDirectory="a192ba80-7d8c-4a0f-8132-5cb0c2d15a02" />
    <UnitTestResult executionId="13ddbf3c-08ef-4d16-a3b2-489ab163c204" testId="17979472-512b-cba2-cc58-1e73b57bb509" testName="Parser.participant with string alias" computerName="Ryans-Mac-mini" startTime="2026-03-15T23:18:42.7543540-05:00" endTime="2026-03-15T23:18:42.7545570-05:00" testType="13cdc9d9-ddb5-4fa4-a97d-d965ccfc6d4b" outcome="Passed" testListId="8c84fa94-04c1-424b-9868-57a2d4851a1d" relativeResultsDirectory="13ddbf3c-08ef-4d16-a3b2-489ab163c204" />
    <UnitTestResult executionId="9267f7b0-f3ff-4708-9e8e-a968e9e00906" testId="908c6973-6c60-0598-baaa-78b0a5e70d7c" testName="Error Recovery.unsupported construct 'activate' produces warning and skips" computerName="Ryans-Mac-mini" startTime="2026-03-15T23:18:42.6989740-05:00" endTime="2026-03-15T23:18:42.6996060-05:00" testType="13cdc9d9-ddb5-4fa4-a97d-d965ccfc6d4b" outcome="Passed" testListId="8c84fa94-04c1-424b-9868-57a2d4851a1d" relativeResultsDirectory="9267f7b0-f3ff-4708-9e8e-a968e9e00906" />
    <UnitTestResult executionId="3fe53336-a0ab-43bb-8d26-9f9e0a63f8a3" testId="28428a5d-88b3-5734-8398-8e11759cd8ca" testName="GuardParser.single pair with various key names" computerName="Ryans-Mac-mini" startTime="2026-03-15T23:18:42.7986730-05:00" endTime="2026-03-15T23:18:42.7988830-05:00" testType="13cdc9d9-ddb5-4fa4-a97d-d965ccfc6d4b" outcome="Passed" testListId="8c84fa94-04c1-424b-9868-57a2d4851a1d" relativeResultsDirectory="3fe53336-a0ab-43bb-8d26-9f9e0a63f8a3" />
    <UnitTestResult executionId="203ef899-c9ba-4aa9-9147-0f6d1c7005a2" testId="a0b80fa0-f6f8-9573-b80e-7c1d3a90f328" testName="StatechartETagProvider.DeterministicHashing.same state and context produce same ETag" computerName="Ryans-Mac-mini" duration="00:00:00.0200000" startTime="2026-03-15T23:18:42.6301290-05:00" endTime="2026-03-15T23:18:42.6531720-05:00" testType="13cdc9d9-ddb5-4fa4-a97d-d965ccfc6d4b" outcome="Passed" testListId="8c84fa94-04c1-424b-9868-57a2d4851a1d" relativeResultsDirectory="203ef899-c9ba-4aa9-9147-0f6d1c7005a2" />
    <UnitTestResult executionId="5495b3d8-4dc9-4103-b802-36c10e9dfcf5" testId="f846d36d-1c12-6e3a-ab01-baf1672ca9e6" testName="RoundTrip.parseWsd is deterministic" computerName="Ryans-Mac-mini" startTime="2026-03-15T23:18:42.6879130-05:00" endTime="2026-03-15T23:18:42.6881060-05:00" testType="13cdc9d9-ddb5-4fa4-a97d-d965ccfc6d4b" outcome="Passed" testListId="8c84fa94-04c1-424b-9868-57a2d4851a1d" relativeResultsDirectory="5495b3d8-4dc9-4103-b802-36c10e9dfcf5" />
    <UnitTestResult executionId="2cc53757-5445-4a7b-b19b-e9da839fa812" testId="7622bae1-0b41-474e-dada-e3f1c35eb046" testName="Parser.message with parameters" computerName="Ryans-Mac-mini" startTime="2026-03-15T23:18:42.7650510-05:00" endTime="2026-03-15T23:18:42.7654590-05:00" testType="13cdc9d9-ddb5-4fa4-a97d-d965ccfc6d4b" outcome="Passed" testListId="8c84fa94-04c1-424b-9868-57a2d4851a1d" relativeResultsDirectory="2cc53757-5445-4a7b-b19b-e9da839fa812" />
    <UnitTestResult executionId="c7a3a10d-71b2-4cc9-9f98-cf35e9009582" testId="25d8d262-1112-a0bb-15a5-ef4c5811dd1f" testName="RoundTrip.Edge Cases.duplicate participant declaration is no-op" computerName="Ryans-Mac-mini" startTime="2026-03-15T23:18:42.6767340-05:00" endTime="2026-03-15T23:18:42.6771210-05:00" testType="13cdc9d9-ddb5-4fa4-a97d-d965ccfc6d4b" outcome="Passed" testListId="8c84fa94-04c1-424b-9868-57a2d4851a1d" relativeResultsDirectory="c7a3a10d-71b2-4cc9-9f98-cf35e9009582" />
    <UnitTestResult executionId="759ec60b-6e2e-4940-ac9c-401f3fae7933" testId="fff2dd2e-0d38-afa4-df75-858eae177680" testName="RoundTrip.Edge Cases.message with empty parens has no parameters" computerName="Ryans-Mac-mini" startTime="2026-03-15T23:18:42.6878460-05:00" endTime="2026-03-15T23:18:42.6879540-05:00" testType="13cdc9d9-ddb5-4fa4-a97d-d965ccfc6d4b" outcome="Passed" testListId="8c84fa94-04c1-424b-9868-57a2d4851a1d" relativeResultsDirectory="759ec60b-6e2e-4940-ac9c-401f3fae7933" />
    <UnitTestResult executionId="fef0a085-762c-4a84-9ccf-7c13c04cb462" testId="f1f83eac-e3e6-c438-b51d-8281db2b4e6b" testName="GuardParser.no guard: plain text returns None" computerName="Ryans-Mac-mini" startTime="2026-03-15T23:18:42.7983400-05:00" endTime="2026-03-15T23:18:42.7987360-05:00" testType="13cdc9d9-ddb5-4fa4-a97d-d965ccfc6d4b" outcome="Passed" testListId="8c84fa94-04c1-424b-9868-57a2d4851a1d" relativeResultsDirectory="fef0a085-762c-4a84-9ccf-7c13c04cb462" />
    <UnitTestResult executionId="f19fde37-a2d6-4756-9943-031a57fe9eb7" testId="2d96ead6-59d5-d994-a331-2d431f88fa43" testName="Parser.group keyword produces GroupElement" computerName="Ryans-Mac-mini" startTime="2026-03-15T23:18:42.7872100-05:00" endTime="2026-03-15T23:18:42.7874990-05:00" testType="13cdc9d9-ddb5-4fa4-a97d-d965ccfc6d4b" outcome="Passed" testListId="8c84fa94-04c1-424b-9868-57a2d4851a1d" relativeResultsDirectory="f19fde37-a2d6-4756-9943-031a57fe9eb7" />
    <UnitTestResult executionId="a77d789d-6a2c-40c6-b3c3-c35c60f3422e" testId="93cbb9ae-2ae1-a3fb-3cb1-7974f3fbade4" testName="Grouping.else with condition text" computerName="Ryans-Mac-mini" startTime="2026-03-15T23:18:42.7319790-05:00" endTime="2026-03-15T23:18:42.7322360-05:00" testType="13cdc9d9-ddb5-4fa4-a97d-d965ccfc6d4b" outcome="Passed" testListId="8c84fa94-04c1-424b-9868-57a2d4851a1d" relativeResultsDirectory="a77d789d-6a2c-40c6-b3c3-c35c60f3422e" />
    <UnitTestResult executionId="45413235-748e-4192-92f4-8f3635b882f9" testId="1dd072d3-f5a8-2252-1517-df5bb54e62e7" testName="Parser.comments only produces empty diagram" computerName="Ryans-Mac-mini" startTime="2026-03-15T23:18:42.7539460-05:00" endTime="2026-03-15T23:18:42.7546160-05:00" testType="13cdc9d9-ddb5-4fa4-a97d-d965ccfc6d4b" outcome="Passed" testListId="8c84fa94-04c1-424b-9868-57a2d4851a1d" relativeResultsDirectory="45413235-748e-4192-92f4-8f3635b882f9" />
    <UnitTestResult executionId="a2f76fe6-669b-4353-b844-0e8d6aa77150" testId="c5c453e4-e10c-63e3-3bc7-0eb158e4d60b" testName="StateMachine.transition Unlocked + Push = Locked" computerName="Ryans-Mac-mini" startTime="2026-03-15T23:18:42.9661550-05:00" endTime="2026-03-15T23:18:42.9666670-05:00" testType="13cdc9d9-ddb5-4fa4-a97d-d965ccfc6d4b" outcome="Passed" testListId="8c84fa94-04c1-424b-9868-57a2d4851a1d" relativeResultsDirectory="a2f76fe6-669b-4353-b844-0e8d6aa77150" />
    <UnitTestResult executionId="d0f44b57-1ba8-48ed-9e7a-f6c16e82104b" testId="c8e7c849-9e24-0266-db52-89abd602119e" testName="Error Recovery.guard errors propagated to parse result" computerName="Ryans-Mac-mini" startTime="2026-03-15T23:18:42.7100370-05:00" endTime="2026-03-15T23:18:42.7184980-05:00" testType="13cdc9d9-ddb5-4fa4-a97d-d965ccfc6d4b" outcome="Passed" testListId="8c84fa94-04c1-424b-9868-57a2d4851a1d" relativeResultsDirectory="d0f44b57-1ba8-48ed-9e7a-f6c16e82104b" />
    <UnitTestResult executionId="6ca2b013-1db9-4ffe-b20b-29be7dcdd30f" testId="ea1d06c5-85e6-d4d8-0901-429764ab88f2" testName="Guard evaluation.Spectator gets 403 in XTurn state" computerName="Ryans-Mac-mini" duration="00:00:00.0510000" startTime="2026-03-15T23:18:42.8317100-05:00" endTime="2026-03-15T23:18:42.8831760-05:00" testType="13cdc9d9-ddb5-4fa4-a97d-d965ccfc6d4b" outcome="Passed" testListId="8c84fa94-04c1-424b-9868-57a2d4851a1d" relativeResultsDirectory="6ca2b013-1db9-4ffe-b20b-29be7dcdd30f" />
    <UnitTestResult executionId="c68fa1da-02e2-409d-a24a-24b9a61988dc" testId="29777df7-460e-823e-5c46-a34b50826a49" testName="Guard evaluation.Context-aware guard blocks when move count exceeds limit" computerName="Ryans-Mac-mini" duration="00:00:00.0060000" startTime="2026-03-15T23:18:42.8904150-05:00" endTime="2026-03-15T23:18:42.8971830-05:00" testType="13cdc9d9-ddb5-4fa4-a97d-d965ccfc6d4b" outcome="Passed" testListId="8c84fa94-04c1-424b-9868-57a2d4851a1d" relativeResultsDirectory="c68fa1da-02e2-409d-a24a-24b9a61988dc" />
    <UnitTestResult executionId="50ac0a41-32b9-4854-b1e8-5ca09d50774c" testId="2da6cc63-27d9-fd2b-554f-ca76a421012a" testName="Error Recovery.unsupported construct 'deactivate' produces warning and skips" computerName="Ryans-Mac-mini" startTime="2026-03-15T23:18:42.6989790-05:00" endTime="2026-03-15T23:18:42.6996110-05:00" testType="13cdc9d9-ddb5-4fa4-a97d-d965ccfc6d4b" outcome="Passed" testListId="8c84fa94-04c1-424b-9868-57a2d4851a1d" relativeResultsDirectory="50ac0a41-32b9-4854-b1e8-5ca09d50774c" />
    <UnitTestResult executionId="30334465-7fa7-42ce-a49c-2eb01ff25bf2" testId="4651a910-4a35-a592-e5fd-613d8731ee07" testName="Multi-level statecharts.Sub-state transition preserves context across levels" computerName="Ryans-Mac-mini" duration="00:00:00.0110000" startTime="2026-03-15T23:18:42.9027850-05:00" endTime="2026-03-15T23:18:42.9143750-05:00" testType="13cdc9d9-ddb5-4fa4-a97d-d965ccfc6d4b" outcome="Passed" testListId="8c84fa94-04c1-424b-9868-57a2d4851a1d" relativeResultsDirectory="30334465-7fa7-42ce-a49c-2eb01ff25bf2" />
    <UnitTestResult executionId="03171d91-004b-4c53-b9f3-7534ce20ccbe" testId="25611a0e-a977-c9d5-00b2-da5768737804" testName="StateMachine.transition Unlocked + Coin = Unlocked (idempotent)" computerName="Ryans-Mac-mini" startTime="2026-03-15T23:18:42.9661640-05:00" endTime="2026-03-15T23:18:42.9666720-05:00" testType="13cdc9d9-ddb5-4fa4-a97d-d965ccfc6d4b" outcome="Passed" testListId="8c84fa94-04c1-424b-9868-57a2d4851a1d" relativeResultsDirectory="03171d91-004b-4c53-b9f3-7534ce20ccbe" />
    <UnitTestResult executionId="2dcf0ffb-2ac9-4cf6-b81c-c211c184e3d7" testId="345b7217-b119-cdc1-9e9d-c92a1514f1d4" testName="StateMachineMiddleware.Returns 403 when guard blocks with NotAllowed" computerName="Ryans-Mac-mini" duration="00:00:00.0060000" startTime="2026-03-15T23:18:42.9223920-05:00" endTime="2026-03-15T23:18:42.9290320-05:00" testType="13cdc9d9-ddb5-4fa4-a97d-d965ccfc6d4b" outcome="Passed" testListId="8c84fa94-04c1-424b-9868-57a2d4851a1d" relativeResultsDirectory="2dcf0ffb-2ac9-4cf6-b81c-c211c184e3d7" />
    <UnitTestResult executionId="2c027321-20eb-4b1b-b1d5-e39a3729572c" testId="9c98c2a1-c1a7-c22d-2f01-1cfbacd57d83" testName="Parser.solid forward message" computerName="Ryans-Mac-mini" startTime="2026-03-15T23:18:42.7649740-05:00" endTime="2026-03-15T23:18:42.7654850-05:00" testType="13cdc9d9-ddb5-4fa4-a97d-d965ccfc6d4b" outcome="Passed" testListId="8c84fa94-04c1-424b-9868-57a2d4851a1d" relativeResultsDirectory="2c027321-20eb-4b1b-b1d5-e39a3729572c" />
    <UnitTestResult executionId="405850b9-e508-45df-aa86-fde23bcb559e" testId="cb0b514f-3682-246b-2a76-2e66ec65b17c" testName="Error Recovery.guard integration: note with guard only" computerName="Ryans-Mac-mini" startTime="2026-03-15T23:18:42.7100340-05:00" endTime="2026-03-15T23:18:42.7187130-05:00" testType="13cdc9d9-ddb5-4fa4-a97d-d965ccfc6d4b" outcome="Passed" testListId="8c84fa94-04c1-424b-9868-57a2d4851a1d" relativeResultsDirectory="405850b9-e508-45df-aa86-fde23bcb559e" />
    <UnitTestResult executionId="95caf0b9-6eb6-43b9-a693-d4f0bcce2340" testId="1e4ab8ac-356f-ad7a-0092-1f15fbd21782" testName="Store.ObservableNotification.Unsubscribe stops notifications" computerName="Ryans-Mac-mini" duration="00:00:00.0530000" startTime="2026-03-15T23:18:42.9337830-05:00" endTime="2026-03-15T23:18:42.9876630-05:00" testType="13cdc9d9-ddb5-4fa4-a97d-d965ccfc6d4b" outcome="Passed" testListId="8c84fa94-04c1-424b-9868-57a2d4851a1d" relativeResultsDirectory="95caf0b9-6eb6-43b9-a693-d4f0bcce2340" />
    <UnitTestResult executionId="c36f9560-a8b3-4f38-9068-57ff1bbfab91" testId="8c15f13b-d057-2c75-218e-08a206257c03" testName="GuardParser.empty guard annotation" computerName="Ryans-Mac-mini" startTime="2026-03-15T23:18:42.8205990-05:00" endTime="2026-03-15T23:18:42.8209270-05:00" testType="13cdc9d9-ddb5-4fa4-a97d-d965ccfc6d4b" outcome="Passed" testListId="8c84fa94-04c1-424b-9868-57a2d4851a1d" relativeResultsDirectory="c36f9560-a8b3-4f38-9068-57ff1bbfab91" />
    <UnitTestResult executionId="d522f27f-f351-44ee-a491-949c107006dd" testId="52e9bf23-475e-588d-edaa-51d7175b142d" testName="BlockReason.Custom carries code and message" computerName="Ryans-Mac-mini" startTime="2026-03-15T23:18:42.9550570-05:00" endTime="2026-03-15T23:18:42.9554960-05:00" testType="13cdc9d9-ddb5-4fa4-a97d-d965ccfc6d4b" outcome="Passed" testListId="8c84fa94-04c1-424b-9868-57a2d4851a1d" relativeResultsDirectory="d522f27f-f351-44ee-a491-949c107006dd" />
    <UnitTestResult executionId="d0cc202c-a20f-48c1-89e6-d79cb9c7d906" testId="d9f7ec51-2c4d-987b-9978-7a00c030b786" testName="Filtered affordances.Handler discovers GET and POST in XTurn state" computerName="Ryans-Mac-mini" duration="00:00:00.0060000" startTime="2026-03-15T23:18:42.8904900-05:00" endTime="2026-03-15T23:18:42.8972110-05:00" testType="13cdc9d9-ddb5-4fa4-a97d-d965ccfc6d4b" outcome="Passed" testListId="8c84fa94-04c1-424b-9868-57a2d4851a1d" relativeResultsDirectory="d0cc202c-a20f-48c1-89e6-d79cb9c7d906" />
    <UnitTestResult executionId="ae6d853c-0062-48a0-921f-31c09a3d912b" testId="936758cc-fad6-acde-c0db-5596cd8671ce" testName="Error Recovery.corrective example for missing note position" computerName="Ryans-Mac-mini" startTime="2026-03-15T23:18:42.7211140-05:00" endTime="2026-03-15T23:18:42.7214320-05:00" testType="13cdc9d9-ddb5-4fa4-a97d-d965ccfc6d4b" outcome="Passed" testListId="8c84fa94-04c1-424b-9868-57a2d4851a1d" relativeResultsDirectory="ae6d853c-0062-48a0-921f-31c09a3d912b" />
    <UnitTestResult executionId="d0820484-345e-4e24-b971-652d0b6698b4" testId="cd23b561-cc2d-d22a-e300-f2bf90c4b0cc" testName="Error Recovery.guard warnings propagated to parse result" computerName="Ryans-Mac-mini" startTime="2026-03-15T23:18:42.7100460-05:00" endTime="2026-03-15T23:18:42.7185960-05:00" testType="13cdc9d9-ddb5-4fa4-a97d-d965ccfc6d4b" outcome="Passed" testListId="8c84fa94-04c1-424b-9868-57a2d4851a1d" relativeResultsDirectory="d0820484-345e-4e24-b971-652d0b6698b4" />
    <UnitTestResult executionId="4af1cd08-e64f-4a6a-b795-2502eb4aa066" testId="39915532-0d09-66fd-074d-c1ebd9fda1d3" testName="Error Recovery.error position line and column are accurate" computerName="Ryans-Mac-mini" startTime="2026-03-15T23:18:42.7211080-05:00" endTime="2026-03-15T23:18:42.7214410-05:00" testType="13cdc9d9-ddb5-4fa4-a97d-d965ccfc6d4b" outcome="Passed" testListId="8c84fa94-04c1-424b-9868-57a2d4851a1d" relativeResultsDirectory="4af1cd08-e64f-4a6a-b795-2502eb4aa066" />
    <UnitTestResult executionId="8b060e93-9bc5-453e-a58f-a6cf864b44cd" testId="39e5e1f9-1f64-1c97-64e7-5e5cdf21f1a1" testName="TransitionResult.Invalid carries message" computerName="Ryans-Mac-mini" startTime="2026-03-15T23:18:42.9661350-05:00" endTime="2026-03-15T23:18:42.9667590-05:00" testType="13cdc9d9-ddb5-4fa4-a97d-d965ccfc6d4b" outcome="Passed" testListId="8c84fa94-04c1-424b-9868-57a2d4851a1d" relativeResultsDirectory="8b060e93-9bc5-453e-a58f-a6cf864b44cd" />
    <UnitTestResult executionId="14a07e7c-1a1b-4c1f-a87e-00035e16506b" testId="76d7b5a2-a04c-61e3-cbfe-be0e1f81cb82" testName="StateMachineMiddleware.onTransition hook fires after successful transition" computerName="Ryans-Mac-mini" duration="00:00:00.0070000" startTime="2026-03-15T23:18:42.9224280-05:00" endTime="2026-03-15T23:18:42.9295090-05:00" testType="13cdc9d9-ddb5-4fa4-a97d-d965ccfc6d4b" outcome="Passed" testListId="8c84fa94-04c1-424b-9868-57a2d4851a1d" relativeResultsDirectory="14a07e7c-1a1b-4c1f-a87e-00035e16506b" />
    <UnitTestResult executionId="7fc2b1d3-33d3-4aff-9c8e-9c798c79aee6" testId="eb7c8125-5685-93ef-7913-08f642821295" testName="Error Recovery.unsupported construct 'theme' produces warning" computerName="Ryans-Mac-mini" startTime="2026-03-15T23:18:42.7211430-05:00" endTime="2026-03-15T23:18:42.7215770-05:00" testType="13cdc9d9-ddb5-4fa4-a97d-d965ccfc6d4b" outcome="Passed" testListId="8c84fa94-04c1-424b-9868-57a2d4851a1d" relativeResultsDirectory="7fc2b1d3-33d3-4aff-9c8e-9c798c79aee6" />
    <UnitTestResult executionId="82ad539b-c87d-4ea9-bb26-edb1ca613fdd" testId="da7935da-c2e3-1c52-8778-cd05f531ce9b" testName="Parser.US1-S4: mixed arrow types" computerName="Ryans-Mac-mini" startTime="2026-03-15T23:18:42.7872530-05:00" endTime="2026-03-15T23:18:42.7875700-05:00" testType="13cdc9d9-ddb5-4fa4-a97d-d965ccfc6d4b" outcome="Passed" testListId="8c84fa94-04c1-424b-9868-57a2d4851a1d" relativeResultsDirectory="82ad539b-c87d-4ea9-bb26-edb1ca613fdd" />
    <UnitTestResult executionId="124d3830-1175-47bb-9f20-4b430859e21a" testId="a8e17a30-422a-59fd-e2be-d625db1c284b" testName="GuardParser.empty value: key=" computerName="Ryans-Mac-mini" startTime="2026-03-15T23:18:42.8205630-05:00" endTime="2026-03-15T23:18:42.8207570-05:00" testType="13cdc9d9-ddb5-4fa4-a97d-d965ccfc6d4b" outcome="Passed" testListId="8c84fa94-04c1-424b-9868-57a2d4851a1d" relativeResultsDirectory="124d3830-1175-47bb-9f20-4b430859e21a" />
    <UnitTestResult executionId="b5b90d17-28d7-4dd6-bbc0-6e496162789d" testId="1eb47d2c-79b9-58f1-0a25-0ba9ffd33cab" testName="Grouping.par with no condition" computerName="Ryans-Mac-mini" startTime="2026-03-15T23:18:42.7318910-05:00" endTime="2026-03-15T23:18:42.7321490-05:00" testType="13cdc9d9-ddb5-4fa4-a97d-d965ccfc6d4b" outcome="Passed" testListId="8c84fa94-04c1-424b-9868-57a2d4851a1d" relativeResultsDirectory="b5b90d17-28d7-4dd6-bbc0-6e496162789d" />
    <UnitTestResult executionId="99ea55d7-8d2b-4cf0-821b-2d57ac8d93de" testId="9a024872-481b-5bf2-20f5-ad19a3641044" testName="Multiple guards.All guards pass when none block" computerName="Ryans-Mac-mini" duration="00:00:00.0030000" startTime="2026-03-15T23:18:42.9010530-05:00" endTime="2026-03-15T23:18:42.9040750-05:00" testType="13cdc9d9-ddb5-4fa4-a97d-d965ccfc6d4b" outcome="Passed" testListId="8c84fa94-04c1-424b-9868-57a2d4851a1d" relativeResultsDirectory="99ea55d7-8d2b-4cf0-821b-2d57ac8d93de" />
    <UnitTestResult executionId="9471acf6-65f2-4b69-932b-a48146f0f24b" testId="69e506f6-56c7-549b-f95a-b8675a00cce3" testName="TransitionResult.Transitioned carries state and context" computerName="Ryans-Mac-mini" startTime="2026-03-15T23:18:42.9553180-05:00" endTime="2026-03-15T23:18:42.9556140-05:00" testType="13cdc9d9-ddb5-4fa4-a97d-d965ccfc6d4b" outcome="Passed" testListId="8c84fa94-04c1-424b-9868-57a2d4851a1d" relativeResultsDirectory="9471acf6-65f2-4b69-932b-a48146f0f24b" />
    <UnitTestResult executionId="601bf553-f0a6-40e1-9652-59f1e7fee34e" testId="99eaabfb-cfac-406e-cadb-ddc0af54c372" testName="RoundTrip.Edge Cases.comments are ignored" computerName="Ryans-Mac-mini" startTime="2026-03-15T23:18:42.6767230-05:00" endTime="2026-03-15T23:18:42.6769170-05:00" testType="13cdc9d9-ddb5-4fa4-a97d-d965ccfc6d4b" outcome="Passed" testListId="8c84fa94-04c1-424b-9868-57a2d4851a1d" relativeResultsDirectory="601bf553-f0a6-40e1-9652-59f1e7fee34e" />
    <UnitTestResult executionId="90256e0f-9092-4ebb-b33f-576b3d7f741f" testId="d382fd62-146e-b388-a4bb-3975abaaa226" testName="GuardParser.case insensitive: Guard" computerName="Ryans-Mac-mini" startTime="2026-03-15T23:18:42.8094390-05:00" endTime="2026-03-15T23:18:42.8098710-05:00" testType="13cdc9d9-ddb5-4fa4-a97d-d965ccfc6d4b" outcome="Passed" testListId="8c84fa94-04c1-424b-9868-57a2d4851a1d" relativeResultsDirectory="90256e0f-9092-4ebb-b33f-576b3d7f741f" />
    <UnitTestResult executionId="5d00e2a9-4c3a-42f4-bc16-32dc8c8f9e58" testId="b2adde42-c821-c58e-2cde-01420b2d6541" testName="Store.BasicCRUD.GetState returns None for unknown instance" computerName="Ryans-Mac-mini" duration="00:00:00.0010000" startTime="2026-03-15T23:18:42.9333770-05:00" endTime="2026-03-15T23:18:42.9352860-05:00" testType="13cdc9d9-ddb5-4fa4-a97d-d965ccfc6d4b" outcome="Passed" testListId="8c84fa94-04c1-424b-9868-57a2d4851a1d" relativeResultsDirectory="5d00e2a9-4c3a-42f4-bc16-32dc8c8f9e58" />
    <UnitTestResult executionId="0c7b299f-8cd4-4f95-8c48-e382226bee68" testId="84dc48c8-eb12-ed1b-8633-b35377821ea6" testName="Parser.duplicate title produces warning" computerName="Ryans-Mac-mini" startTime="2026-03-15T23:18:42.7761160-05:00" endTime="2026-03-15T23:18:42.7765490-05:00" testType="13cdc9d9-ddb5-4fa4-a97d-d965ccfc6d4b" outcome="Passed" testListId="8c84fa94-04c1-424b-9868-57a2d4851a1d" relativeResultsDirectory="0c7b299f-8cd4-4f95-8c48-e382226bee68" />
    <UnitTestResult executionId="26a856d9-ade0-4b6f-a8a8-10c9a389b745" testId="54aff59c-4c43-b1d0-3624-70ec589547d2" testName="Guard.Guard evaluates ClaimsPrincipal - allowed" computerName="Ryans-Mac-mini" startTime="2026-03-15T23:18:42.9772220-05:00" endTime="2026-03-15T23:18:42.9783140-05:00" testType="13cdc9d9-ddb5-4fa4-a97d-d965ccfc6d4b" outcome="Passed" testListId="8c84fa94-04c1-424b-9868-57a2d4851a1d" relativeResultsDirectory="26a856d9-ade0-4b6f-a8a8-10c9a389b745" />
    <UnitTestResult executionId="bebc8bed-372d-4c3a-b283-c6e6f7c4a6f2" testId="e08313c5-e749-f9c0-1813-ba42e1628cb2" testName="Multi-level statecharts.Top-level transition: Playing -&gt; Disposed" computerName="Ryans-Mac-mini" duration="00:00:00.0030000" startTime="2026-03-15T23:18:42.9114220-05:00" endTime="2026-03-15T23:18:42.9150130-05:00" testType="13cdc9d9-ddb5-4fa4-a97d-d965ccfc6d4b" outcome="Passed" testListId="8c84fa94-04c1-424b-9868-57a2d4851a1d" relativeResultsDirectory="bebc8bed-372d-4c3a-b283-c6e6f7c4a6f2" />
    <UnitTestResult executionId="42488de8-6a39-44ad-8797-5a651fd2de2b" testId="ba85bc33-d046-966e-7d27-33ffa9b63ca4" testName="Error Recovery.error limit of 1 produces 2 errors (1 real + limit message)" computerName="Ryans-Mac-mini" startTime="2026-03-15T23:18:42.6989290-05:00" endTime="2026-03-15T23:18:42.6994600-05:00" testType="13cdc9d9-ddb5-4fa4-a97d-d965ccfc6d4b" outcome="Passed" testListId="8c84fa94-04c1-424b-9868-57a2d4851a1d" relativeResultsDirectory="42488de8-6a39-44ad-8797-5a651fd2de2b" />
    <UnitTestResult executionId="2e5830d9-971f-44fe-bfe8-17bad8613b77" testId="24d3b4c5-e663-0b7d-12c4-4821e96c6321" testName="State-dependent methods.DELETE returns 405 in XTurn state" computerName="Ryans-Mac-mini" duration="00:00:00.0600000" startTime="2026-03-15T23:18:42.8208920-05:00" endTime="2026-03-15T23:18:42.8818420-05:00" testType="13cdc9d9-ddb5-4fa4-a97d-d965ccfc6d4b" outcome="Passed" testListId="8c84fa94-04c1-424b-9868-57a2d4851a1d" relativeResultsDirectory="2e5830d9-971f-44fe-bfe8-17bad8613b77" />
    <UnitTestResult executionId="8d7b028b-7133-423d-852a-a386a69219d8" testId="fc8e9b13-037d-2d01-2882-aabf090eb6e8" testName="GuardParser.guard with remaining text" computerName="Ryans-Mac-mini" startTime="2026-03-15T23:18:42.8094000-05:00" endTime="2026-03-15T23:18:42.8098940-05:00" testType="13cdc9d9-ddb5-4fa4-a97d-d965ccfc6d4b" outcome="Passed" testListId="8c84fa94-04c1-424b-9868-57a2d4851a1d" relativeResultsDirectory="8d7b028b-7133-423d-852a-a386a69219d8" />
    <UnitTestResult executionId="c642e6b6-c4cb-47c7-a764-b52dd375c5d6" testId="7e50a110-6314-f793-ec27-b2f4c16ec288" testName="Store.Concurrency.100 concurrent SetState operations complete without error" computerName="Ryans-Mac-mini" duration="00:00:00.0040000" startTime="2026-03-15T23:18:42.9439460-05:00" endTime="2026-03-15T23:18:42.9489520-05:00" testType="13cdc9d9-ddb5-4fa4-a97d-d965ccfc6d4b" outcome="Passed" testListId="8c84fa94-04c1-424b-9868-57a2d4851a1d" relativeResultsDirectory="c642e6b6-c4cb-47c7-a764-b52dd375c5d6" />
    <UnitTestResult executionId="c5dc8dd1-224e-4ea2-9322-c1c8c6f750cd" testId="49b68db4-22f2-f68b-2de4-415186e28f2d" testName="Error Recovery.structured failure fields: all 5 fields populated" computerName="Ryans-Mac-mini" startTime="2026-03-15T23:18:42.6989300-05:00" endTime="2026-03-15T23:18:42.6999810-05:00" testType="13cdc9d9-ddb5-4fa4-a97d-d965ccfc6d4b" outcome="Passed" testListId="8c84fa94-04c1-424b-9868-57a2d4851a1d" relativeResultsDirectory="c5dc8dd1-224e-4ea2-9322-c1c8c6f750cd" />
    <UnitTestResult executionId="883e79ae-d573-4fad-a76b-2209c0207d27" testId="712d583f-4a8c-51fc-9e9c-0a3ee24dabce" testName="GuardParser.case insensitive: mixed case" computerName="Ryans-Mac-mini" startTime="2026-03-15T23:18:42.8094500-05:00" endTime="2026-03-15T23:18:42.8098810-05:00" testType="13cdc9d9-ddb5-4fa4-a97d-d965ccfc6d4b" outcome="Passed" testListId="8c84fa94-04c1-424b-9868-57a2d4851a1d" relativeResultsDirectory="883e79ae-d573-4fad-a76b-2209c0207d27" />
    <UnitTestResult executionId="3ea97849-95ea-4604-984c-5ca56252ab44" testId="5c47d96b-8e11-9244-044c-e74b8349f443" testName="Error Recovery.multiple errors collected (3+)" computerName="Ryans-Mac-mini" startTime="2026-03-15T23:18:42.6879460-05:00" endTime="2026-03-15T23:18:42.6889610-05:00" testType="13cdc9d9-ddb5-4fa4-a97d-d965ccfc6d4b" outcome="Passed" testListId="8c84fa94-04c1-424b-9868-57a2d4851a1d" relativeResultsDirectory="3ea97849-95ea-4604-984c-5ca56252ab44" />
    <UnitTestResult executionId="63b88d83-b593-40bf-96c5-9c7c6a3cc4b5" testId="b7d4f672-2cbf-8f0b-b1ba-92991cd7c404" testName="Transition hooks.onTransition fires after successful move" computerName="Ryans-Mac-mini" duration="00:00:00.0060000" startTime="2026-03-15T23:18:42.8904340-05:00" endTime="2026-03-15T23:18:42.8972210-05:00" testType="13cdc9d9-ddb5-4fa4-a97d-d965ccfc6d4b" outcome="Passed" testListId="8c84fa94-04c1-424b-9868-57a2d4851a1d" relativeResultsDirectory="63b88d83-b593-40bf-96c5-9c7c6a3cc4b5" />
    <UnitTestResult executionId="242fa515-740f-488a-b688-9b56a4ce273f" testId="57f4cf16-c83f-d374-87b5-d3a3f82346a0" testName="Parser.participant with no name produces error" computerName="Ryans-Mac-mini" startTime="2026-03-15T23:18:42.7649600-05:00" endTime="2026-03-15T23:18:42.7650730-05:00" testType="13cdc9d9-ddb5-4fa4-a97d-d965ccfc6d4b" outcome="Passed" testListId="8c84fa94-04c1-424b-9868-57a2d4851a1d" relativeResultsDirectory="242fa515-740f-488a-b688-9b56a4ce273f" />
    <UnitTestResult executionId="60164a3f-aeb1-43df-8287-5417f9e05d76" testId="16c3b688-9aee-1907-650f-a1cd19319677" testName="Error Recovery.implicit participant warning has corrective suggestion" computerName="Ryans-Mac-mini" startTime="2026-03-15T23:18:42.6989690-05:00" endTime="2026-03-15T23:18:42.6995880-05:00" testType="13cdc9d9-ddb5-4fa4-a97d-d965ccfc6d4b" outcome="Passed" testListId="8c84fa94-04c1-424b-9868-57a2d4851a1d" relativeResultsDirectory="60164a3f-aeb1-43df-8287-5417f9e05d76" />
    <UnitTestResult executionId="555e1807-e04f-4bc0-8fa6-98285cf241eb" testId="0363b902-e262-de83-9c9d-ff39e5a0aaa9" testName="Guard evaluation.Player X can POST in XTurn state" computerName="Ryans-Mac-mini" duration="00:00:00.0510000" startTime="2026-03-15T23:18:42.8316980-05:00" endTime="2026-03-15T23:18:42.8836340-05:00" testType="13cdc9d9-ddb5-4fa4-a97d-d965ccfc6d4b" outcome="Passed" testListId="8c84fa94-04c1-424b-9868-57a2d4851a1d" relativeResultsDirectory="555e1807-e04f-4bc0-8fa6-98285cf241eb" />
    <UnitTestResult executionId="e9435bfa-d6f5-4463-bdd0-804086947bba" testId="9c7c508b-8478-275d-48fe-c3f92a0bb067" testName="Parser.message with no parens" computerName="Ryans-Mac-mini" startTime="2026-03-15T23:18:42.7651340-05:00" endTime="2026-03-15T23:18:42.7654690-05:00" testType="13cdc9d9-ddb5-4fa4-a97d-d965ccfc6d4b" outcome="Passed" testListId="8c84fa94-04c1-424b-9868-57a2d4851a1d" relativeResultsDirectory="e9435bfa-d6f5-4463-bdd0-804086947bba" />
    <UnitTestResult executionId="ed0a82df-4dfc-47f6-9dd9-5cd73fef46c7" testId="eb96bccc-a0a0-7140-fcb2-b6613de251d9" testName="RoundTrip.Onboarding Flow.guard on first note: auth=none" computerName="Ryans-Mac-mini" duration="00:00:00.0050000" startTime="2026-03-15T23:18:42.6553660-05:00" endTime="2026-03-15T23:18:42.6632050-05:00" testType="13cdc9d9-ddb5-4fa4-a97d-d965ccfc6d4b" outcome="Passed" testListId="8c84fa94-04c1-424b-9868-57a2d4851a1d" relativeResultsDirectory="ed0a82df-4dfc-47f6-9dd9-5cd73fef46c7" />
    <UnitTestResult executionId="35423aa4-db7c-4cba-b185-6dbbc1f2a20e" testId="9dc90e3c-f2dc-8079-6ac0-df3a3aa13329" testName="RoundTrip.Tic-Tac-Toe.title is Tic-Tac-Toe Game" computerName="Ryans-Mac-mini" duration="00:00:00.0010000" startTime="2026-03-15T23:18:42.6664500-05:00" endTime="2026-03-15T23:18:42.6677410-05:00" testType="13cdc9d9-ddb5-4fa4-a97d-d965ccfc6d4b" outcome="Passed" testListId="8c84fa94-04c1-424b-9868-57a2d4851a1d" relativeResultsDirectory="35423aa4-db7c-4cba-b185-6dbbc1f2a20e" />
    <UnitTestResult executionId="0dcc76c7-8f54-4168-a3b0-f238d6134989" testId="b846e94d-8cef-e9aa-a0cb-729e70892af1" testName="Multiple instances.Two game instances maintain independent state" computerName="Ryans-Mac-mini" duration="00:00:00.0030000" startTime="2026-03-15T23:18:42.9009370-05:00" endTime="2026-03-15T23:18:42.9044970-05:00" testType="13cdc9d9-ddb5-4fa4-a97d-d965ccfc6d4b" outcome="Passed" testListId="8c84fa94-04c1-424b-9868-57a2d4851a1d" relativeResultsDirectory="0dcc76c7-8f54-4168-a3b0-f238d6134989" />
    <UnitTestResult executionId="8a50f6e3-54c2-46b3-ab38-d066ff6242c9" testId="d9299142-6fde-f829-2c0a-9a80448af89a" testName="Parser.US1-S2: title and autonumber directives" computerName="Ryans-Mac-mini" startTime="2026-03-15T23:18:42.7872480-05:00" endTime="2026-03-15T23:18:42.7875950-05:00" testType="13cdc9d9-ddb5-4fa4-a97d-d965ccfc6d4b" outcome="Passed" testListId="8c84fa94-04c1-424b-9868-57a2d4851a1d" relativeResultsDirectory="8a50f6e3-54c2-46b3-ab38-d066ff6242c9" />
    <UnitTestResult executionId="181fb71e-d2b7-4614-a01a-c7fcac82fc6b" testId="0093ffed-725a-23b1-68bc-6b6448766224" testName="RoundTrip.Edge Cases.mixed arrow styles within group" computerName="Ryans-Mac-mini" startTime="2026-03-15T23:18:42.6768340-05:00" endTime="2026-03-15T23:18:42.6775680-05:00" testType="13cdc9d9-ddb5-4fa4-a97d-d965ccfc6d4b" outcome="Passed" testListId="8c84fa94-04c1-424b-9868-57a2d4851a1d" relativeResultsDirectory="181fb71e-d2b7-4614-a01a-c7fcac82fc6b" />
    <UnitTestResult executionId="0f70fe32-be32-44d7-9b73-e737f37db225" testId="2d0b614a-528f-8cfc-3821-ae458de86e8c" testName="GuardParser.US2-S1: single guard pair" computerName="Ryans-Mac-mini" startTime="2026-03-15T23:18:42.7983810-05:00" endTime="2026-03-15T23:18:42.7989260-05:00" testType="13cdc9d9-ddb5-4fa4-a97d-d965ccfc6d4b" outcome="Passed" testListId="8c84fa94-04c1-424b-9868-57a2d4851a1d" relativeResultsDirectory="0f70fe32-be32-44d7-9b73-e737f37db225" />
    <UnitTestResult executionId="259f673e-7e8e-4e6a-92f9-5226a261f6ca" testId="d6255461-eaaa-44c9-32b8-90522b7b3979" testName="Parser.dashed forward message" computerName="Ryans-Mac-mini" startTime="2026-03-15T23:18:42.7650030-05:00" endTime="2026-03-15T23:18:42.7655210-05:00" testType="13cdc9d9-ddb5-4fa4-a97d-d965ccfc6d4b" outcome="Passed" testListId="8c84fa94-04c1-424b-9868-57a2d4851a1d" relativeResultsDirectory="259f673e-7e8e-4e6a-92f9-5226a261f6ca" />
    <UnitTestResult executionId="ac5a0eaa-1640-433a-9ef1-9b6ac0edb96e" testId="1abb181f-b6f3-16b2-44d5-d2795ffb3de1" testName="Grouping.alt block with simple body" computerName="Ryans-Mac-mini" startTime="2026-03-15T23:18:42.7211640-05:00" endTime="2026-03-15T23:18:42.7218370-05:00" testType="13cdc9d9-ddb5-4fa4-a97d-d965ccfc6d4b" outcome="Passed" testListId="8c84fa94-04c1-424b-9868-57a2d4851a1d" relativeResultsDirectory="ac5a0eaa-1640-433a-9ef1-9b6ac0edb96e" />
    <UnitTestResult executionId="9d8ac714-acf2-45f0-9338-420bfda15db5" testId="bbfa34b2-3062-6e86-bf19-25978e2182f2" testName="GuardResult.Allowed can be constructed" computerName="Ryans-Mac-mini" startTime="2026-03-15T23:18:42.9550760-05:00" endTime="2026-03-15T23:18:42.9553780-05:00" testType="13cdc9d9-ddb5-4fa4-a97d-d965ccfc6d4b" outcome="Passed" testListId="8c84fa94-04c1-424b-9868-57a2d4851a1d" relativeResultsDirectory="9d8ac714-acf2-45f0-9338-420bfda15db5" />
    <UnitTestResult executionId="21e89095-4c2c-42bc-90d2-033bbb8d6865" testId="4cb10614-f93d-ee85-8505-707c6806493d" testName="Grouping.opt with single branch no else" computerName="Ryans-Mac-mini" startTime="2026-03-15T23:18:42.7429400-05:00" endTime="2026-03-15T23:18:42.7437250-05:00" testType="13cdc9d9-ddb5-4fa4-a97d-d965ccfc6d4b" outcome="Passed" testListId="8c84fa94-04c1-424b-9868-57a2d4851a1d" relativeResultsDirectory="21e89095-4c2c-42bc-90d2-033bbb8d6865" />
    <UnitTestResult executionId="61f3d49f-81ba-489f-a9db-d62c1101448c" testId="0a9c7016-cb5a-e80b-79ce-2655dc2a24c3" testName="Multiple guards.First blocking guard short-circuits evaluation" computerName="Ryans-Mac-mini" duration="00:00:00.0020000" startTime="2026-03-15T23:18:42.9009730-05:00" endTime="2026-03-15T23:18:42.9036910-05:00" testType="13cdc9d9-ddb5-4fa4-a97d-d965ccfc6d4b" outcome="Passed" testListId="8c84fa94-04c1-424b-9868-57a2d4851a1d" relativeResultsDirectory="61f3d49f-81ba-489f-a9db-d62c1101448c" />
    <UnitTestResult executionId="136feba6-b244-4ba9-940f-71b4ffe6620a" testId="68d119b0-8fbf-1ce3-bb40-668209525b56" testName="Error Recovery.unsupported construct 'box' produces warning" computerName="Ryans-Mac-mini" startTime="2026-03-15T23:18:42.6993270-05:00" endTime="2026-03-15T23:18:42.6996840-05:00" testType="13cdc9d9-ddb5-4fa4-a97d-d965ccfc6d4b" outcome="Passed" testListId="8c84fa94-04c1-424b-9868-57a2d4851a1d" relativeResultsDirectory="136feba6-b244-4ba9-940f-71b4ffe6620a" />
    <UnitTestResult executionId="5e9da871-2bc1-43be-a22b-1f4fef354847" testId="a98bbba5-3ac1-a059-1e4e-a041a2eb54bc" testName="Store.DisposalLifecycle.Dispose sends OnCompleted to subscribers" computerName="Ryans-Mac-mini" duration="00:00:00.0030000" startTime="2026-03-15T23:18:42.9439940-05:00" endTime="2026-03-15T23:18:42.9481820-05:00" testType="13cdc9d9-ddb5-4fa4-a97d-d965ccfc6d4b" outcome="Passed" testListId="8c84fa94-04c1-424b-9868-57a2d4851a1d" relativeResultsDirectory="5e9da871-2bc1-43be-a22b-1f4fef354847" />
    <UnitTestResult executionId="d521adea-7212-4781-988f-c4c5ec3e1463" testId="b1a3d1b6-bacd-c981-b5bf-57ec7b26050d" testName="Error Recovery.US4-S4: multiple errors collected from one input" computerName="Ryans-Mac-mini" startTime="2026-03-15T23:18:42.7100650-05:00" endTime="2026-03-15T23:18:42.7188500-05:00" testType="13cdc9d9-ddb5-4fa4-a97d-d965ccfc6d4b" outcome="Passed" testListId="8c84fa94-04c1-424b-9868-57a2d4851a1d" relativeResultsDirectory="d521adea-7212-4781-988f-c4c5ec3e1463" />
    <UnitTestResult executionId="81cb6ccf-6035-4816-8c11-4b1bc25ffd1f" testId="c67d0c35-55ae-cfab-9a38-b17c24bd41bd" testName="Error Recovery.error recovery: parse continues after missing participant name" computerName="Ryans-Mac-mini" startTime="2026-03-15T23:18:42.7210960-05:00" endTime="2026-03-15T23:18:42.7214150-05:00" testType="13cdc9d9-ddb5-4fa4-a97d-d965ccfc6d4b" outcome="Passed" testListId="8c84fa94-04c1-424b-9868-57a2d4851a1d" relativeResultsDirectory="81cb6ccf-6035-4816-8c11-4b1bc25ffd1f" />
    <UnitTestResult executionId="c6384c1c-1b49-44a9-8936-a895d069cb14" testId="baae4ac8-e80f-f89c-e4ee-8d2346448154" testName="State-dependent methods.POST returns 405 in Won state" computerName="Ryans-Mac-mini" duration="00:00:00.0510000" startTime="2026-03-15T23:18:42.8316750-05:00" endTime="2026-03-15T23:18:42.8831750-05:00" testType="13cdc9d9-ddb5-4fa4-a97d-d965ccfc6d4b" outcome="Passed" testListId="8c84fa94-04c1-424b-9868-57a2d4851a1d" relativeResultsDirectory="c6384c1c-1b49-44a9-8936-a895d069cb14" />
    <UnitTestResult executionId="f8253964-cafe-4bb6-bdb5-89aba197328a" testId="4477e09b-b21e-bfe2-f42b-f102fdcd3501" testName="Grouping.empty body: keyword followed immediately by end" computerName="Ryans-Mac-mini" startTime="2026-03-15T23:18:42.7433750-05:00" endTime="2026-03-15T23:18:42.7438510-05:00" testType="13cdc9d9-ddb5-4fa4-a97d-d965ccfc6d4b" outcome="Passed" testListId="8c84fa94-04c1-424b-9868-57a2d4851a1d" relativeResultsDirectory="f8253964-cafe-4bb6-bdb5-89aba197328a" />
    <UnitTestResult executionId="270efd6b-eb9f-4742-85f9-04d0d38c5cfa" testId="eeef70a0-97b1-9db5-66ff-16386da8f83d" testName="Parser.autonumber directive" computerName="Ryans-Mac-mini" startTime="2026-03-15T23:18:42.7760890-05:00" endTime="2026-03-15T23:18:42.7764340-05:00" testType="13cdc9d9-ddb5-4fa4-a97d-d965ccfc6d4b" outcome="Passed" testListId="8c84fa94-04c1-424b-9868-57a2d4851a1d" relativeResultsDirectory="270efd6b-eb9f-4742-85f9-04d0d38c5cfa" />
    <UnitTestResult executionId="07afc165-4a9a-4538-93da-327f91569bd1" testId="b391e0c7-9d30-1a6c-644d-5d89f8e0c8ce" testName="GuardParser.position is preserved from input" computerName="Ryans-Mac-mini" startTime="2026-03-15T23:18:42.8206150-05:00" endTime="2026-03-15T23:18:42.8209320-05:00" testType="13cdc9d9-ddb5-4fa4-a97d-d965ccfc6d4b" outcome="Passed" testListId="8c84fa94-04c1-424b-9868-57a2d4851a1d" relativeResultsDirectory="07afc165-4a9a-4538-93da-327f91569bd1" />
    <UnitTestResult executionId="5fbd4b42-4cfa-4db1-9a8c-3d9b5c709596" testId="e564043c-19f0-b498-30b6-45379c1f2a0b" testName="Grouping.five-level nesting" computerName="Ryans-Mac-mini" startTime="2026-03-15T23:18:42.7429630-05:00" endTime="2026-03-15T23:18:42.7439990-05:00" testType="13cdc9d9-ddb5-4fa4-a97d-d965ccfc6d4b" outcome="Passed" testListId="8c84fa94-04c1-424b-9868-57a2d4851a1d" relativeResultsDirectory="5fbd4b42-4cfa-4db1-9a8c-3d9b5c709596" />
    <UnitTestResult executionId="88088f8c-741a-4430-8b85-6d47a9b5579e" testId="0b4a3664-2695-c909-2935-ecc1a369f019" testName="Parser.note over participant" computerName="Ryans-Mac-mini" startTime="2026-03-15T23:18:42.7763250-05:00" endTime="2026-03-15T23:18:42.7766360-05:00" testType="13cdc9d9-ddb5-4fa4-a97d-d965ccfc6d4b" outcome="Passed" testListId="8c84fa94-04c1-424b-9868-57a2d4851a1d" relativeResultsDirectory="88088f8c-741a-4430-8b85-6d47a9b5579e" />
    <UnitTestResult executionId="97355f2a-8edc-4926-a211-d5a4d5a46b08" testId="c12782e8-f629-4fcb-7270-d07f9c4aeeb4" testName="Grouping.extra end with no open group produces error" computerName="Ryans-Mac-mini" startTime="2026-03-15T23:18:42.7539030-05:00" endTime="2026-03-15T23:18:42.7544280-05:00" testType="13cdc9d9-ddb5-4fa4-a97d-d965ccfc6d4b" outcome="Passed" testListId="8c84fa94-04c1-424b-9868-57a2d4851a1d" relativeResultsDirectory="97355f2a-8edc-4926-a211-d5a4d5a46b08" />
    <UnitTestResult executionId="861ddc75-e452-4798-9756-46e1f2090525" testId="481511e1-9ab8-0a6c-1276-6f005f407a25" testName="Grouping.messages and notes interleaved with groups" computerName="Ryans-Mac-mini" startTime="2026-03-15T23:18:42.7429890-05:00" endTime="2026-03-15T23:18:42.7440850-05:00" testType="13cdc9d9-ddb5-4fa4-a97d-d965ccfc6d4b" outcome="Passed" testListId="8c84fa94-04c1-424b-9868-57a2d4851a1d" relativeResultsDirectory="861ddc75-e452-4798-9756-46e1f2090525" />
    <UnitTestResult executionId="cd8d81dc-3650-4a2e-86f9-2e116f4ca4f7" testId="f967c0cc-874b-dcde-4ec4-00ef911674c1" testName="GuardParser.guard with only whitespace remaining" computerName="Ryans-Mac-mini" startTime="2026-03-15T23:18:42.8094120-05:00" endTime="2026-03-15T23:18:42.8100260-05:00" testType="13cdc9d9-ddb5-4fa4-a97d-d965ccfc6d4b" outcome="Passed" testListId="8c84fa94-04c1-424b-9868-57a2d4851a1d" relativeResultsDirectory="cd8d81dc-3650-4a2e-86f9-2e116f4ca4f7" />
    <UnitTestResult executionId="b7f256cc-266b-45ca-a955-0f4fb6de22e8" testId="d0774632-896a-fb7d-18c6-45114926db03" testName="Store.DisposalLifecycle.Disposed store throws ObjectDisposedException on GetState" computerName="Ryans-Mac-mini" duration="00:00:00.0020000" startTime="2026-03-15T23:18:42.9439960-05:00" endTime="2026-03-15T23:18:42.9464410-05:00" testType="13cdc9d9-ddb5-4fa4-a97d-d965ccfc6d4b" outcome="Passed" testListId="8c84fa94-04c1-424b-9868-57a2d4851a1d" relativeResultsDirectory="b7f256cc-266b-45ca-a955-0f4fb6de22e8" />
    <UnitTestResult executionId="345167b8-7e32-4628-9272-dc26abf96e49" testId="594a6dfe-be78-636f-c9fe-95f5c1e9707b" testName="Store.Concurrency.Concurrent GetState during SetState does not throw" computerName="Ryans-Mac-mini" duration="00:00:00.0040000" startTime="2026-03-15T23:18:42.9439600-05:00" endTime="2026-03-15T23:18:42.9486860-05:00" testType="13cdc9d9-ddb5-4fa4-a97d-d965ccfc6d4b" outcome="Passed" testListId="8c84fa94-04c1-424b-9868-57a2d4851a1d" relativeResultsDirectory="345167b8-7e32-4628-9272-dc26abf96e49" />
    <UnitTestResult executionId="98359828-99bb-41d9-9efa-6fb035bb2a7e" testId="376db797-1c50-d6b9-ccff-c5914fd96e78" testName="GuardParser.US2-S2: two guard pairs in order" computerName="Ryans-Mac-mini" startTime="2026-03-15T23:18:42.7983880-05:00" endTime="2026-03-15T23:18:42.7988880-05:00" testType="13cdc9d9-ddb5-4fa4-a97d-d965ccfc6d4b" outcome="Passed" testListId="8c84fa94-04c1-424b-9868-57a2d4851a1d" relativeResultsDirectory="98359828-99bb-41d9-9efa-6fb035bb2a7e" />
    <UnitTestResult executionId="b4642f56-d192-476b-8ad7-0388b436f6c9" testId="c2fc025e-5839-a28f-c8f5-1488d08eeb67" testName="RoundTrip.Edge Cases.all four arrow types produce correct AST" computerName="Ryans-Mac-mini" startTime="2026-03-15T23:18:42.6768170-05:00" endTime="2026-03-15T23:18:42.6774810-05:00" testType="13cdc9d9-ddb5-4fa4-a97d-d965ccfc6d4b" outcome="Passed" testListId="8c84fa94-04c1-424b-9868-57a2d4851a1d" relativeResultsDirectory="b4642f56-d192-476b-8ad7-0388b436f6c9" />
    <UnitTestResult executionId="f1d4a3e6-e4a1-46e2-802e-604ec9ac40d0" testId="3022ac19-a745-b897-a9e5-5989a661d025" testName="Grouping.alt with two branches" computerName="Ryans-Mac-mini" startTime="2026-03-15T23:18:42.7319020-05:00" endTime="2026-03-15T23:18:42.7322230-05:00" testType="13cdc9d9-ddb5-4fa4-a97d-d965ccfc6d4b" outcome="Passed" testListId="8c84fa94-04c1-424b-9868-57a2d4851a1d" relativeResultsDirectory="f1d4a3e6-e4a1-46e2-802e-604ec9ac40d0" />
    <UnitTestResult executionId="4e21df32-f80a-419e-9223-2beffd9fc8bb" testId="18919d14-c79f-070a-42a1-cca67623a291" testName="Multi-level statecharts.Nested DU: initial state is Playing XTurn" computerName="Ryans-Mac-mini" duration="00:00:00.0120000" startTime="2026-03-15T23:18:42.9010510-05:00" endTime="2026-03-15T23:18:42.9134110-05:00" testType="13cdc9d9-ddb5-4fa4-a97d-d965ccfc6d4b" outcome="Passed" testListId="8c84fa94-04c1-424b-9868-57a2d4851a1d" relativeResultsDirectory="4e21df32-f80a-419e-9223-2beffd9fc8bb" />
    <UnitTestResult executionId="df0cbdb3-9a9a-42a5-b6af-5165c18a2054" testId="def47824-be5e-8b5f-6999-30068dabba84" testName="Parser.dashed deactivating message" computerName="Ryans-Mac-mini" startTime="2026-03-15T23:18:42.7650530-05:00" endTime="2026-03-15T23:18:42.7654480-05:00" testType="13cdc9d9-ddb5-4fa4-a97d-d965ccfc6d4b" outcome="Passed" testListId="8c84fa94-04c1-424b-9868-57a2d4851a1d" relativeResultsDirectory="df0cbdb3-9a9a-42a5-b6af-5165c18a2054" />
    <UnitTestResult executionId="be94f120-bcd4-4193-92ea-06589fafc78c" testId="50650155-c725-77ed-c05a-191d90197c2f" testName="Error Recovery.unsupported construct 'destroy' produces warning" computerName="Ryans-Mac-mini" startTime="2026-03-15T23:18:42.6989900-05:00" endTime="2026-03-15T23:18:42.6998800-05:00" testType="13cdc9d9-ddb5-4fa4-a97d-d965ccfc6d4b" outcome="Passed" testListId="8c84fa94-04c1-424b-9868-57a2d4851a1d" relativeResultsDirectory="be94f120-bcd4-4193-92ea-06589fafc78c" />
    <UnitTestResult executionId="beaa8ae8-02fe-4b8c-b352-0d8dbb968d02" testId="31b6e5fa-be88-2a5f-17a8-4c3a96610278" testName="StateMachineMiddleware.TransitionResult.Invalid returns 400 with message" computerName="Ryans-Mac-mini" duration="00:00:00.0070000" startTime="2026-03-15T23:18:42.9224720-05:00" endTime="2026-03-15T23:18:42.9296550-05:00" testType="13cdc9d9-ddb5-4fa4-a97d-d965ccfc6d4b" outcome="Passed" testListId="8c84fa94-04c1-424b-9868-57a2d4851a1d" relativeResultsDirectory="beaa8ae8-02fe-4b8c-b352-0d8dbb968d02" />
    <UnitTestResult executionId="88dc0d58-1a02-4682-9479-9719ceff1ae9" testId="b5d28351-9ebf-ddd4-9c59-c1eed4956325" testName="Parser.implicit participant upgraded to explicit" computerName="Ryans-Mac-mini" startTime="2026-03-15T23:18:42.7983230-05:00" endTime="2026-03-15T23:18:42.7988280-05:00" testType="13cdc9d9-ddb5-4fa4-a97d-d965ccfc6d4b" outcome="Passed" testListId="8c84fa94-04c1-424b-9868-57a2d4851a1d" relativeResultsDirectory="88dc0d58-1a02-4682-9479-9719ceff1ae9" />
    <UnitTestResult executionId="6feef99a-5ad5-4386-8933-b3b3ab480fea" testId="2c3aad7d-8782-635e-96df-6eef36811518" testName="Guard evaluation.Player O can POST in OTurn state" computerName="Ryans-Mac-mini" duration="00:00:00.0510000" startTime="2026-03-15T23:18:42.8317260-05:00" endTime="2026-03-15T23:18:42.8836300-05:00" testType="13cdc9d9-ddb5-4fa4-a97d-d965ccfc6d4b" outcome="Passed" testListId="8c84fa94-04c1-424b-9868-57a2d4851a1d" relativeResultsDirectory="6feef99a-5ad5-4386-8933-b3b3ab480fea" />
    <UnitTestResult executionId="a700eaf0-e0b2-4a6f-86b8-f150ae9cfb2b" testId="079ff1a8-d8c0-df59-b7e7-9cefa399b16f" testName="Store.ActorSerialization.Subscriber notifications preserve sequential consistency" computerName="Ryans-Mac-mini" duration="00:00:00.0050000" startTime="2026-03-15T23:18:42.9439870-05:00" endTime="2026-03-15T23:18:42.9494300-05:00" testType="13cdc9d9-ddb5-4fa4-a97d-d965ccfc6d4b" outcome="Passed" testListId="8c84fa94-04c1-424b-9868-57a2d4851a1d" relativeResultsDirectory="a700eaf0-e0b2-4a6f-86b8-f150ae9cfb2b" />
    <UnitTestResult executionId="eb56d280-2e01-410a-9692-055e856d72b1" testId="525323ff-14be-7803-2da7-3828a40a3e47" testName="GuardParser.no guard: empty string returns None" computerName="Ryans-Mac-mini" startTime="2026-03-15T23:18:42.7983460-05:00" endTime="2026-03-15T23:18:42.7988330-05:00" testType="13cdc9d9-ddb5-4fa4-a97d-d965ccfc6d4b" outcome="Passed" testListId="8c84fa94-04c1-424b-9868-57a2d4851a1d" relativeResultsDirectory="eb56d280-2e01-410a-9692-055e856d72b1" />
    <UnitTestResult executionId="d61b5afe-2451-4b23-8e15-838ffa9f3132" testId="867d018e-bce0-3ecc-0b7c-b7e74a4a5642" testName="RoundTrip.Edge Cases.self-message works" computerName="Ryans-Mac-mini" startTime="2026-03-15T23:18:42.6768270-05:00" endTime="2026-03-15T23:18:42.6772050-05:00" testType="13cdc9d9-ddb5-4fa4-a97d-d965ccfc6d4b" outcome="Passed" testListId="8c84fa94-04c1-424b-9868-57a2d4851a1d" relativeResultsDirectory="d61b5afe-2451-4b23-8e15-838ffa9f3132" />
    <UnitTestResult executionId="1adf54c2-4eec-47b4-9cab-4f6329e6b06f" testId="8b86af69-981e-e352-5a8a-ba8bab39725a" testName="Error Recovery.error recovery inside group body" computerName="Ryans-Mac-mini" startTime="2026-03-15T23:18:42.7211020-05:00" endTime="2026-03-15T23:18:42.7218100-05:00" testType="13cdc9d9-ddb5-4fa4-a97d-d965ccfc6d4b" outcome="Passed" testListId="8c84fa94-04c1-424b-9868-57a2d4851a1d" relativeResultsDirectory="1adf54c2-4eec-47b4-9cab-4f6329e6b06f" />
    <UnitTestResult executionId="e7c9cfe3-e32e-425f-beae-9683bf1efb9a" testId="fef1094b-68e8-760e-38d3-5901a3b27cd2" testName="RoundTrip.Tic-Tac-Toe.no warnings" computerName="Ryans-Mac-mini" startTime="2026-03-15T23:18:42.6665650-05:00" endTime="2026-03-15T23:18:42.6678660-05:00" testType="13cdc9d9-ddb5-4fa4-a97d-d965ccfc6d4b" outcome="Passed" testListId="8c84fa94-04c1-424b-9868-57a2d4851a1d" relativeResultsDirectory="e7c9cfe3-e32e-425f-beae-9683bf1efb9a" />
    <UnitTestResult executionId="7683c435-3877-42fb-bdc2-23706f8afa22" testId="7f2197c8-9685-2b8f-93d0-5f8f16fb0ebd" testName="Parser.US1-S1: participants and solid messages" computerName="Ryans-Mac-mini" startTime="2026-03-15T23:18:42.7872920-05:00" endTime="2026-03-15T23:18:42.7875450-05:00" testType="13cdc9d9-ddb5-4fa4-a97d-d965ccfc6d4b" outcome="Passed" testListId="8c84fa94-04c1-424b-9868-57a2d4851a1d" relativeResultsDirectory="7683c435-3877-42fb-bdc2-23706f8afa22" />
    <UnitTestResult executionId="2bbedfca-678b-451c-8fe4-55acbc140579" testId="57606afc-01ae-12a2-4598-b27df61d6af5" testName="Guard evaluation.Context-aware guard allows when move count below limit" computerName="Ryans-Mac-mini" duration="00:00:00.0060000" startTime="2026-03-15T23:18:42.8904230-05:00" endTime="2026-03-15T23:18:42.8972310-05:00" testType="13cdc9d9-ddb5-4fa4-a97d-d965ccfc6d4b" outcome="Passed" testListId="8c84fa94-04c1-424b-9868-57a2d4851a1d" relativeResultsDirectory="2bbedfca-678b-451c-8fe4-55acbc140579" />
    <UnitTestResult executionId="6f063087-981c-4677-b604-a3a95dd61b7e" testId="4c02bcfa-94d3-58ac-8074-e119e443d1c9" testName="Multi-level statecharts.Disposed state only allows GET" computerName="Ryans-Mac-mini" duration="00:00:00.0030000" startTime="2026-03-15T23:18:42.9114290-05:00" endTime="2026-03-15T23:18:42.9147190-05:00" testType="13cdc9d9-ddb5-4fa4-a97d-d965ccfc6d4b" outcome="Passed" testListId="8c84fa94-04c1-424b-9868-57a2d4851a1d" relativeResultsDirectory="6f063087-981c-4677-b604-a3a95dd61b7e" />
    <UnitTestResult executionId="6be4aaaf-33d7-4be5-955c-4e3dd6c55340" testId="f6a9aa0c-e0ed-fec3-c9fd-bda9ec30919f" testName="Store.BasicCRUD.Multiple instances are independent" computerName="Ryans-Mac-mini" duration="00:00:00.0020000" startTime="2026-03-15T23:18:42.9334100-05:00" endTime="2026-03-15T23:18:42.9363120-05:00" testType="13cdc9d9-ddb5-4fa4-a97d-d965ccfc6d4b" outcome="Passed" testListId="8c84fa94-04c1-424b-9868-57a2d4851a1d" relativeResultsDirectory="6be4aaaf-33d7-4be5-955c-4e3dd6c55340" />
    <UnitTestResult executionId="26f2ef81-604a-4cd7-a53b-16ef0944e99c" testId="844ecd0d-9ee2-1549-ef40-edcd01dd08c0" testName="Guard evaluation.Player O gets 409 in XTurn state" computerName="Ryans-Mac-mini" duration="00:00:00.0510000" startTime="2026-03-15T23:18:42.8317070-05:00" endTime="2026-03-15T23:18:42.8832880-05:00" testType="13cdc9d9-ddb5-4fa4-a97d-d965ccfc6d4b" outcome="Passed" testListId="8c84fa94-04c1-424b-9868-57a2d4851a1d" relativeResultsDirectory="26f2ef81-604a-4cd7-a53b-16ef0944e99c" />
    <UnitTestResult executionId="48f00d4e-6795-4b27-8824-d9cd100de637" testId="4c584400-2d62-8220-2d66-4f6a080574e3" testName="Guard evaluation.Spectator gets 403 in OTurn state" computerName="Ryans-Mac-mini" duration="00:00:00.0060000" startTime="2026-03-15T23:18:42.8903900-05:00" endTime="2026-03-15T23:18:42.8970390-05:00" testType="13cdc9d9-ddb5-4fa4-a97d-d965ccfc6d4b" outcome="Passed" testListId="8c84fa94-04c1-424b-9868-57a2d4851a1d" relativeResultsDirectory="48f00d4e-6795-4b27-8824-d9cd100de637" />
    <UnitTestResult executionId="5fe11760-4f84-4cce-9d3a-75a4d141684b" testId="c3fb7e20-2cdd-4910-b17d-a7ae67422c67" testName="StatechartETagProvider.DeterministicHashing.different context produces different ETag" computerName="Ryans-Mac-mini" duration="00:00:00.0200000" startTime="2026-03-15T23:18:42.6301280-05:00" endTime="2026-03-15T23:18:42.6533070-05:00" testType="13cdc9d9-ddb5-4fa4-a97d-d965ccfc6d4b" outcome="Passed" testListId="8c84fa94-04c1-424b-9868-57a2d4851a1d" relativeResultsDirectory="5fe11760-4f84-4cce-9d3a-75a4d141684b" />
    <UnitTestResult executionId="5b29839c-c2c9-42a3-b8fa-ebc53e061431" testId="5589f919-40ed-f468-02ae-e7eccd5c8b99" testName="RoundTrip.Edge Cases.whitespace-only lines ignored" computerName="Ryans-Mac-mini" startTime="2026-03-15T23:18:42.6767290-05:00" endTime="2026-03-15T23:18:42.6768910-05:00" testType="13cdc9d9-ddb5-4fa4-a97d-d965ccfc6d4b" outcome="Passed" testListId="8c84fa94-04c1-424b-9868-57a2d4851a1d" relativeResultsDirectory="5b29839c-c2c9-42a3-b8fa-ebc53e061431" />
    <UnitTestResult executionId="75af2647-9cf2-4475-8383-c896ba639eee" testId="ca164cee-4755-c80b-02cb-a95611c7364b" testName="TransitionResult.Blocked carries BlockReason" computerName="Ryans-Mac-mini" startTime="2026-03-15T23:18:42.9661220-05:00" endTime="2026-03-15T23:18:42.9664600-05:00" testType="13cdc9d9-ddb5-4fa4-a97d-d965ccfc6d4b" outcome="Passed" testListId="8c84fa94-04c1-424b-9868-57a2d4851a1d" relativeResultsDirectory="75af2647-9cf2-4475-8383-c896ba639eee" />
    <UnitTestResult executionId="5fcb311e-09db-4138-9566-48f2ef190382" testId="3a08574c-b3d1-ad90-49b3-af5b3278c94c" testName="State-dependent methods.POST allowed in XTurn state" computerName="Ryans-Mac-mini" duration="00:00:00.0620000" startTime="2026-03-15T23:18:42.8206990-05:00" endTime="2026-03-15T23:18:42.8836340-05:00" testType="13cdc9d9-ddb5-4fa4-a97d-d965ccfc6d4b" outcome="Passed" testListId="8c84fa94-04c1-424b-9868-57a2d4851a1d" relativeResultsDirectory="5fcb311e-09db-4138-9566-48f2ef190382" />
    <UnitTestResult executionId="d6127405-d422-47d7-b243-575f1816b4f8" testId="e5ee966f-ac94-e4bf-bd22-1e9578ea16a4" testName="RoundTrip.parseWsd with null produces empty or handles gracefully" computerName="Ryans-Mac-mini" startTime="2026-03-15T23:18:42.6879040-05:00" endTime="2026-03-15T23:18:42.6886490-05:00" testType="13cdc9d9-ddb5-4fa4-a97d-d965ccfc6d4b" outcome="Passed" testListId="8c84fa94-04c1-424b-9868-57a2d4851a1d" relativeResultsDirectory="d6127405-d422-47d7-b243-575f1816b4f8" />
    <UnitTestResult executionId="d841e1b9-0af3-4e93-a400-68420a1057de" testId="c9d03ea8-2a10-3a84-36fd-8d2a0014a75b" testName="RoundTrip.Edge Cases.message with no parameters" computerName="Ryans-Mac-mini" startTime="2026-03-15T23:18:42.6768680-05:00" endTime="2026-03-15T23:18:42.6774000-05:00" testType="13cdc9d9-ddb5-4fa4-a97d-d965ccfc6d4b" outcome="Passed" testListId="8c84fa94-04c1-424b-9868-57a2d4851a1d" relativeResultsDirectory="d841e1b9-0af3-4e93-a400-68420a1057de" />
    <UnitTestResult executionId="53d66209-70b3-4337-971f-ee5a18ca4313" testId="efc47a09-fca6-f0e6-7df6-c565c0c74661" testName="RoundTrip.Edge Cases.title with special characters" computerName="Ryans-Mac-mini" startTime="2026-03-15T23:18:42.6878200-05:00" endTime="2026-03-15T23:18:42.6879150-05:00" testType="13cdc9d9-ddb5-4fa4-a97d-d965ccfc6d4b" outcome="Passed" testListId="8c84fa94-04c1-424b-9868-57a2d4851a1d" relativeResultsDirectory="53d66209-70b3-4337-971f-ee5a18ca4313" />
    <UnitTestResult executionId="1e864e89-398a-4c6d-bd60-424cc288b65a" testId="17222395-f2ff-4939-5dbc-40fd22abef86" testName="StateMachineMiddleware.Guards pass for authorized user" computerName="Ryans-Mac-mini" duration="00:00:00.0060000" startTime="2026-03-15T23:18:42.9224810-05:00" endTime="2026-03-15T23:18:42.9293730-05:00" testType="13cdc9d9-ddb5-4fa4-a97d-d965ccfc6d4b" outcome="Passed" testListId="8c84fa94-04c1-424b-9868-57a2d4851a1d" relativeResultsDirectory="1e864e89-398a-4c6d-bd60-424cc288b65a" />
    <UnitTestResult executionId="8c5a84b3-5bf9-416b-a1f2-48f6a12f53e6" testId="56449e92-2b12-e677-7c77-21d358607439" testName="RoundTrip.Onboarding Flow.second note guard: auth=bearer" computerName="Ryans-Mac-mini" duration="00:00:00.0010000" startTime="2026-03-15T23:18:42.6620350-05:00" endTime="2026-03-15T23:18:42.6632120-05:00" testType="13cdc9d9-ddb5-4fa4-a97d-d965ccfc6d4b" outcome="Passed" testListId="8c84fa94-04c1-424b-9868-57a2d4851a1d" relativeResultsDirectory="8c5a84b3-5bf9-416b-a1f2-48f6a12f53e6" />
    <UnitTestResult executionId="28b978be-6ca2-4f9c-ab20-7233dacf7510" testId="1cfeec07-cc92-45d7-e5d4-e3b4ea1e7579" testName="Store.DisposalLifecycle.Disposed store throws ObjectDisposedException on Subscribe" computerName="Ryans-Mac-mini" startTime="2026-03-15T23:18:42.9550380-05:00" endTime="2026-03-15T23:18:42.9557600-05:00" testType="13cdc9d9-ddb5-4fa4-a97d-d965ccfc6d4b" outcome="Passed" testListId="8c84fa94-04c1-424b-9868-57a2d4851a1d" relativeResultsDirectory="28b978be-6ca2-4f9c-ab20-7233dacf7510" />
    <UnitTestResult executionId="859c4bda-787f-4217-9ccc-8f1ae12b63bc" testId="c20d2e21-0469-609d-ba6f-2bc5deb6c23e" testName="StatechartETagProviderFactory.returns None for endpoint without StateMachineMetadata" computerName="Ryans-Mac-mini" duration="00:00:00.0110000" startTime="2026-03-15T23:18:42.6301630-05:00" endTime="2026-03-15T23:18:42.6464170-05:00" testType="13cdc9d9-ddb5-4fa4-a97d-d965ccfc6d4b" outcome="Passed" testListId="8c84fa94-04c1-424b-9868-57a2d4851a1d" relativeResultsDirectory="859c4bda-787f-4217-9ccc-8f1ae12b63bc" />
    <UnitTestResult executionId="1a200539-036f-40a6-88fd-9fb5e7ce80b3" testId="45f680db-7385-6bff-4bdb-de2ba2a72deb" testName="Error Recovery.partial AST: valid elements before and after error preserved" computerName="Ryans-Mac-mini" startTime="2026-03-15T23:18:42.7100030-05:00" endTime="2026-03-15T23:18:42.7184960-05:00" testType="13cdc9d9-ddb5-4fa4-a97d-d965ccfc6d4b" outcome="Passed" testListId="8c84fa94-04c1-424b-9868-57a2d4851a1d" relativeResultsDirectory="1a200539-036f-40a6-88fd-9fb5e7ce80b3" />
    <UnitTestResult executionId="06110dbd-e68a-42b8-9668-9518dde48a89" testId="b03a921a-87c2-450c-519b-2e09e921a854" testName="RoundTrip.Tic-Tac-Toe.second branch contains note with guard" computerName="Ryans-Mac-mini" duration="00:00:00.0010000" startTime="2026-03-15T23:18:42.6665190-05:00" endTime="2026-03-15T23:18:42.6680440-05:00" testType="13cdc9d9-ddb5-4fa4-a97d-d965ccfc6d4b" outcome="Passed" testListId="8c84fa94-04c1-424b-9868-57a2d4851a1d" relativeResultsDirectory="06110dbd-e68a-42b8-9668-9518dde48a89" />
    <UnitTestResult executionId="942b1495-e885-4d13-ac7f-dfd2a541408a" testId="332ee27d-46c8-30f5-f6fd-0574b90271e0" testName="Grouping.three-level nesting" computerName="Ryans-Mac-mini" startTime="2026-03-15T23:18:42.7429550-05:00" endTime="2026-03-15T23:18:42.7438140-05:00" testType="13cdc9d9-ddb5-4fa4-a97d-d965ccfc6d4b" outcome="Passed" testListId="8c84fa94-04c1-424b-9868-57a2d4851a1d" relativeResultsDirectory="942b1495-e885-4d13-ac7f-dfd2a541408a" />
    <UnitTestResult executionId="94b56570-f7cb-418a-8e3d-eabed4498a1e" testId="c55f4ad2-70d3-5391-68dd-6177494fac41" testName="StateMachineMiddleware.Returns 405 for disallowed method in current state" computerName="Ryans-Mac-mini" duration="00:00:00.0060000" startTime="2026-03-15T23:18:42.9223870-05:00" endTime="2026-03-15T23:18:42.9291200-05:00" testType="13cdc9d9-ddb5-4fa4-a97d-d965ccfc6d4b" outcome="Passed" testListId="8c84fa94-04c1-424b-9868-57a2d4851a1d" relativeResultsDirectory="94b56570-f7cb-418a-8e3d-eabed4498a1e" />
    <UnitTestResult executionId="b61f097d-5822-43b5-a452-7f796d9083f0" testId="cc310453-8623-9c33-708d-9ba7a03d6a4d" testName="Grouping.par with three parallel branches" computerName="Ryans-Mac-mini" startTime="2026-03-15T23:18:42.7429300-05:00" endTime="2026-03-15T23:18:42.7436850-05:00" testType="13cdc9d9-ddb5-4fa4-a97d-d965ccfc6d4b" outcome="Passed" testListId="8c84fa94-04c1-424b-9868-57a2d4851a1d" relativeResultsDirectory="b61f097d-5822-43b5-a452-7f796d9083f0" />
    <UnitTestResult executionId="2f245408-e3e0-4c2e-ad60-406f32c19e76" testId="191f784c-2bea-f761-8e84-72e5f561031b" testName="RoundTrip.Edge Cases.implicit participants registered on first use" computerName="Ryans-Mac-mini" startTime="2026-03-15T23:18:42.6767480-05:00" endTime="2026-03-15T23:18:42.6777250-05:00" testType="13cdc9d9-ddb5-4fa4-a97d-d965ccfc6d4b" outcome="Passed" testListId="8c84fa94-04c1-424b-9868-57a2d4851a1d" relativeResultsDirectory="2f245408-e3e0-4c2e-ad60-406f32c19e76" />
    <UnitTestResult executionId="79df7c62-9b33-46bb-b5c2-42e58b016689" testId="c03ef373-44ce-e018-58f2-9a431333f2d3" testName="Parser.note over participant with missing colon produces error" computerName="Ryans-Mac-mini" startTime="2026-03-15T23:18:42.7871750-05:00" endTime="2026-03-15T23:18:42.7874160-05:00" testType="13cdc9d9-ddb5-4fa4-a97d-d965ccfc6d4b" outcome="Passed" testListId="8c84fa94-04c1-424b-9868-57a2d4851a1d" relativeResultsDirectory="79df7c62-9b33-46bb-b5c2-42e58b016689" />
    <UnitTestResult executionId="2b2d2680-7f82-48e7-8163-a35ba46fc755" testId="ed28dc50-f90e-a606-dd6c-0488c6938c2b" testName="Multi-level statecharts.Full hierarchical lifecycle with player assignment in context" computerName="Ryans-Mac-mini" duration="00:00:00.0020000" startTime="2026-03-15T23:18:42.9114510-05:00" endTime="2026-03-15T23:18:42.9144990-05:00" testType="13cdc9d9-ddb5-4fa4-a97d-d965ccfc6d4b" outcome="Passed" testListId="8c84fa94-04c1-424b-9868-57a2d4851a1d" relativeResultsDirectory="2b2d2680-7f82-48e7-8163-a35ba46fc755" />
    <UnitTestResult executionId="fd36a042-bbac-4343-a158-b580e60e350d" testId="b913be5a-0b8d-1604-2601-c0ba3796b1cb" testName="Grouping.block with only messages inside" computerName="Ryans-Mac-mini" startTime="2026-03-15T23:18:42.7538870-05:00" endTime="2026-03-15T23:18:42.7545950-05:00" testType="13cdc9d9-ddb5-4fa4-a97d-d965ccfc6d4b" outcome="Passed" testListId="8c84fa94-04c1-424b-9868-57a2d4851a1d" relativeResultsDirectory="fd36a042-bbac-4343-a158-b580e60e350d" />
    <UnitTestResult executionId="d921d0ba-c630-46a2-a206-7d32add5cbc2" testId="4e70b880-b684-3db9-df8d-9a1542f08e96" testName="RoundTrip.Edge Cases.mixed Windows and Unix line endings" computerName="Ryans-Mac-mini" startTime="2026-03-15T23:18:42.6878490-05:00" endTime="2026-03-15T23:18:42.6879670-05:00" testType="13cdc9d9-ddb5-4fa4-a97d-d965ccfc6d4b" outcome="Passed" testListId="8c84fa94-04c1-424b-9868-57a2d4851a1d" relativeResultsDirectory="d921d0ba-c630-46a2-a206-7d32add5cbc2" />
    <UnitTestResult executionId="baa2cca6-70f2-4b59-87af-43ee0267f9a3" testId="147ba583-e9b5-cb1e-1dbb-380db0c0d0aa" testName="RoundTrip.Edge Cases.message with parameters" computerName="Ryans-Mac-mini" startTime="2026-03-15T23:18:42.6768570-05:00" endTime="2026-03-15T23:18:42.6772970-05:00" testType="13cdc9d9-ddb5-4fa4-a97d-d965ccfc6d4b" outcome="Passed" testListId="8c84fa94-04c1-424b-9868-57a2d4851a1d" relativeResultsDirectory="baa2cca6-70f2-4b59-87af-43ee0267f9a3" />
    <UnitTestResult executionId="acf50996-5245-42f9-a9d9-26ce700f2e3f" testId="c7ff8207-8a1d-55c6-2d19-351eb89ac7a1" testName="Multi-level statecharts.Guards work across nested state hierarchy" computerName="Ryans-Mac-mini" duration="00:00:00.0020000" startTime="2026-03-15T23:18:42.9114450-05:00" endTime="2026-03-15T23:18:42.9140330-05:00" testType="13cdc9d9-ddb5-4fa4-a97d-d965ccfc6d4b" outcome="Passed" testListId="8c84fa94-04c1-424b-9868-57a2d4851a1d" relativeResultsDirectory="acf50996-5245-42f9-a9d9-26ce700f2e3f" />
    <UnitTestResult executionId="3b95ef44-0cc3-41cb-946d-82f6771010ff" testId="b12752ad-a200-582d-3eb7-934dab74eba9" testName="GuardParser.US2-S3: regular note no guard" computerName="Ryans-Mac-mini" startTime="2026-03-15T23:18:42.8094210-05:00" endTime="2026-03-15T23:18:42.8101700-05:00" testType="13cdc9d9-ddb5-4fa4-a97d-d965ccfc6d4b" outcome="Passed" testListId="8c84fa94-04c1-424b-9868-57a2d4851a1d" relativeResultsDirectory="3b95ef44-0cc3-41cb-946d-82f6771010ff" />
    <UnitTestResult executionId="4ec0df11-a8a4-446f-a405-8f1c9d4dfe89" testId="a5aac72f-856f-897a-2eab-c8406f17c27d" testName="Grouping.mixed content in branches" computerName="Ryans-Mac-mini" startTime="2026-03-15T23:18:42.7538930-05:00" endTime="2026-03-15T23:18:42.7545630-05:00" testType="13cdc9d9-ddb5-4fa4-a97d-d965ccfc6d4b" outcome="Passed" testListId="8c84fa94-04c1-424b-9868-57a2d4851a1d" relativeResultsDirectory="4ec0df11-a8a4-446f-a405-8f1c9d4dfe89" />
    <UnitTestResult executionId="47f86c5c-7048-453d-aa83-2124c0919f5f" testId="544d7348-a40f-4456-b80d-0ccd8c08fa87" testName="BlockReason.NotAllowed can be constructed and matched" computerName="Ryans-Mac-mini" startTime="2026-03-15T23:18:42.9550640-05:00" endTime="2026-03-15T23:18:42.9553420-05:00" testType="13cdc9d9-ddb5-4fa4-a97d-d965ccfc6d4b" outcome="Passed" testListId="8c84fa94-04c1-424b-9868-57a2d4851a1d" relativeResultsDirectory="47f86c5c-7048-453d-aa83-2124c0919f5f" />
    <UnitTestResult executionId="98388ed8-4181-43e6-b982-668a7e25a073" testId="e0abac45-8716-badc-b501-00419d628e0b" testName="Store lifecycle.Full game: create, transition through states, verify final" computerName="Ryans-Mac-mini" duration="00:00:00.0060000" startTime="2026-03-15T23:18:42.8917660-05:00" endTime="2026-03-15T23:18:42.8981420-05:00" testType="13cdc9d9-ddb5-4fa4-a97d-d965ccfc6d4b" outcome="Passed" testListId="8c84fa94-04c1-424b-9868-57a2d4851a1d" relativeResultsDirectory="98388ed8-4181-43e6-b982-668a7e25a073" />
    <UnitTestResult executionId="d8b0f495-67e5-40fb-a69d-f77b4c0230c3" testId="f869e6f7-9a2a-57e3-87ad-df530e0f54d6" testName="RoundTrip.Tic-Tac-Toe.four participants" computerName="Ryans-Mac-mini" duration="00:00:00.0010000" startTime="2026-03-15T23:18:42.6664550-05:00" endTime="2026-03-15T23:18:42.6677780-05:00" testType="13cdc9d9-ddb5-4fa4-a97d-d965ccfc6d4b" outcome="Passed" testListId="8c84fa94-04c1-424b-9868-57a2d4851a1d" relativeResultsDirectory="d8b0f495-67e5-40fb-a69d-f77b4c0230c3" />
    <UnitTestResult executionId="43aef840-a75e-452e-9f89-49f447f01a91" testId="d7e7dcb2-41a4-3f0a-f873-d22416e9d9b3" testName="Parser.note with guard text is parsed by guard parser" computerName="Ryans-Mac-mini" startTime="2026-03-15T23:18:42.7871540-05:00" endTime="2026-03-15T23:18:42.7872940-05:00" testType="13cdc9d9-ddb5-4fa4-a97d-d965ccfc6d4b" outcome="Passed" testListId="8c84fa94-04c1-424b-9868-57a2d4851a1d" relativeResultsDirectory="43aef840-a75e-452e-9f89-49f447f01a91" />
    <UnitTestResult executionId="7ea871fc-b711-4611-882e-afa8b2e5fa40" testId="cf9edfc5-5879-1a21-0559-50f22e6c73b9" testName="Parser.title with no text produces empty title" computerName="Ryans-Mac-mini" startTime="2026-03-15T23:18:42.7761190-05:00" endTime="2026-03-15T23:18:42.7765050-05:00" testType="13cdc9d9-ddb5-4fa4-a97d-d965ccfc6d4b" outcome="Passed" testListId="8c84fa94-04c1-424b-9868-57a2d4851a1d" relativeResultsDirectory="7ea871fc-b711-4611-882e-afa8b2e5fa40" />
    <UnitTestResult executionId="f15010a3-5407-4a29-aae1-42cc328d723f" testId="1b6075ea-9a97-3558-6360-b899df8e4e82" testName="StateMachineMiddleware.Non-stateful resource passes through middleware" computerName="Ryans-Mac-mini" duration="00:00:00.0020000" startTime="2026-03-15T23:18:42.9130010-05:00" endTime="2026-03-15T23:18:42.9155050-05:00" testType="13cdc9d9-ddb5-4fa4-a97d-d965ccfc6d4b" outcome="Passed" testListId="8c84fa94-04c1-424b-9868-57a2d4851a1d" relativeResultsDirectory="f15010a3-5407-4a29-aae1-42cc328d723f" />
    <UnitTestResult executionId="686740d3-294b-4365-b0c3-0d2110bfa1a5" testId="149f3b0b-2ba2-ddb7-cedb-552afc9bd9a6" testName="StateMachineMiddleware.Custom BlockReason returns custom status code and message" computerName="Ryans-Mac-mini" duration="00:00:00.0040000" startTime="2026-03-15T23:18:42.9247100-05:00" endTime="2026-03-15T23:18:42.9293450-05:00" testType="13cdc9d9-ddb5-4fa4-a97d-d965ccfc6d4b" outcome="Passed" testListId="8c84fa94-04c1-424b-9868-57a2d4851a1d" relativeResultsDirectory="686740d3-294b-4365-b0c3-0d2110bfa1a5" />
    <UnitTestResult executionId="de8a414c-443f-49b5-a6c3-1d2d509d0ab2" testId="409b2ecb-c841-7079-1502-e52375c9fab9" testName="Grouping.opt block with simple body" computerName="Ryans-Mac-mini" startTime="2026-03-15T23:18:42.7211870-05:00" endTime="2026-03-15T23:18:42.7217140-05:00" testType="13cdc9d9-ddb5-4fa4-a97d-d965ccfc6d4b" outcome="Passed" testListId="8c84fa94-04c1-424b-9868-57a2d4851a1d" relativeResultsDirectory="de8a414c-443f-49b5-a6c3-1d2d509d0ab2" />
    <UnitTestResult executionId="812b97ae-2e37-4db5-9549-131a6c89314b" testId="4d2350b0-dee8-cac0-392f-7fa67ba7cee0" testName="Parser.title directive without colon" computerName="Ryans-Mac-mini" startTime="2026-03-15T23:18:42.7760840-05:00" endTime="2026-03-15T23:18:42.7764310-05:00" testType="13cdc9d9-ddb5-4fa4-a97d-d965ccfc6d4b" outcome="Passed" testListId="8c84fa94-04c1-424b-9868-57a2d4851a1d" relativeResultsDirectory="812b97ae-2e37-4db5-9549-131a6c89314b" />
    <UnitTestResult executionId="f9f62ef5-eaaa-4f0a-abd4-0088b3fd3212" testId="91b53ca2-2aac-4612-4b64-e81acf7da316" testName="Parser.implicit participants produce warnings" computerName="Ryans-Mac-mini" startTime="2026-03-15T23:18:42.7760590-05:00" endTime="2026-03-15T23:18:42.7767060-05:00" testType="13cdc9d9-ddb5-4fa4-a97d-d965ccfc6d4b" outcome="Passed" testListId="8c84fa94-04c1-424b-9868-57a2d4851a1d" relativeResultsDirectory="f9f62ef5-eaaa-4f0a-abd4-0088b3fd3212" />
    <UnitTestResult executionId="fac47e66-8f36-4841-8817-d7e2f13f3a72" testId="43269f0d-88dd-de66-ffaf-23fa9086edbf" testName="Error Recovery.error limit: 60 error lines with limit 50 produces 51 errors" computerName="Ryans-Mac-mini" duration="00:00:00.0010000" startTime="2026-03-15T23:18:42.6879490-05:00" endTime="2026-03-15T23:18:42.6892670-05:00" testType="13cdc9d9-ddb5-4fa4-a97d-d965ccfc6d4b" outcome="Passed" testListId="8c84fa94-04c1-424b-9868-57a2d4851a1d" relativeResultsDirectory="fac47e66-8f36-4841-8817-d7e2f13f3a72" />
    <UnitTestResult executionId="f0252b4e-41fe-4186-a231-ee6a4b7c8b7f" testId="9e75447a-cd93-e020-96f2-9ec9564f1c03" testName="Store.ObservableNotification.SetState notifies subscriber" computerName="Ryans-Mac-mini" duration="00:00:00.0030000" startTime="2026-03-15T23:18:42.9334310-05:00" endTime="2026-03-15T23:18:42.9367760-05:00" testType="13cdc9d9-ddb5-4fa4-a97d-d965ccfc6d4b" outcome="Passed" testListId="8c84fa94-04c1-424b-9868-57a2d4851a1d" relativeResultsDirectory="f0252b4e-41fe-4186-a231-ee6a4b7c8b7f" />
    <UnitTestResult executionId="e9278dca-81ee-4293-9b22-9da363ccfa9b" testId="cdc355aa-570a-202c-672b-95f70f72bb4e" testName="GuardParser.position with leading whitespace offset" computerName="Ryans-Mac-mini" startTime="2026-03-15T23:18:42.8206620-05:00" endTime="2026-03-15T23:18:42.8209380-05:00" testType="13cdc9d9-ddb5-4fa4-a97d-d965ccfc6d4b" outcome="Passed" testListId="8c84fa94-04c1-424b-9868-57a2d4851a1d" relativeResultsDirectory="e9278dca-81ee-4293-9b22-9da363ccfa9b" />
    <UnitTestResult executionId="471f2e42-f55a-49b5-9060-0d6c386cbbe1" testId="89dc9568-7a8b-f9e8-6f68-406c61ab0941" testName="Store.ObservableNotification.Multiple subscribers all receive notifications" computerName="Ryans-Mac-mini" duration="00:00:00.0030000" startTime="2026-03-15T23:18:42.9334620-05:00" endTime="2026-03-15T23:18:42.9368820-05:00" testType="13cdc9d9-ddb5-4fa4-a97d-d965ccfc6d4b" outcome="Passed" testListId="8c84fa94-04c1-424b-9868-57a2d4851a1d" relativeResultsDirectory="471f2e42-f55a-49b5-9060-0d6c386cbbe1" />
    <UnitTestResult executionId="6567f408-4b7e-41c9-b378-bb690c6c504d" testId="b023cbda-e8e7-1afc-ac7b-67579e418418" testName="StateMachineMiddleware.Successful handler triggers state transition" computerName="Ryans-Mac-mini" duration="00:00:00.0070000" startTime="2026-03-15T23:18:42.9224170-05:00" endTime="2026-03-15T23:18:42.9294500-05:00" testType="13cdc9d9-ddb5-4fa4-a97d-d965ccfc6d4b" outcome="Passed" testListId="8c84fa94-04c1-424b-9868-57a2d4851a1d" relativeResultsDirectory="6567f408-4b7e-41c9-b378-bb690c6c504d" />
    <UnitTestResult executionId="f544e79f-5836-4ccc-ab57-ac7d038ad1b9" testId="3c3c739c-e8d7-cecf-5782-fdbd1b4fa119" testName="Grouping.alt with three branches" computerName="Ryans-Mac-mini" startTime="2026-03-15T23:18:42.7319080-05:00" endTime="2026-03-15T23:18:42.7321510-05:00" testType="13cdc9d9-ddb5-4fa4-a97d-d965ccfc6d4b" outcome="Passed" testListId="8c84fa94-04c1-424b-9868-57a2d4851a1d" relativeResultsDirectory="f544e79f-5836-4ccc-ab57-ac7d038ad1b9" />
    <UnitTestResult executionId="6d568ac4-20d1-4ed7-89d4-58c658ec34a0" testId="6b3c2b6b-6fca-8c77-f820-2310e2c1e743" testName="Error Recovery.unsupported construct 'skinparam' produces warning" computerName="Ryans-Mac-mini" startTime="2026-03-15T23:18:42.7211380-05:00" endTime="2026-03-15T23:18:42.7215460-05:00" testType="13cdc9d9-ddb5-4fa4-a97d-d965ccfc6d4b" outcome="Passed" testListId="8c84fa94-04c1-424b-9868-57a2d4851a1d" relativeResultsDirectory="6d568ac4-20d1-4ed7-89d4-58c658ec34a0" />
    <UnitTestResult executionId="c008e2ff-cb9b-42a6-af7a-c4ae5ba5795a" testId="267ce907-2d75-ab3f-bf36-80b81e38eac5" testName="StateMachine.Initial state is Locked" computerName="Ryans-Mac-mini" startTime="2026-03-15T23:18:42.9661800-05:00" endTime="2026-03-15T23:18:42.9665370-05:00" testType="13cdc9d9-ddb5-4fa4-a97d-d965ccfc6d4b" outcome="Passed" testListId="8c84fa94-04c1-424b-9868-57a2d4851a1d" relativeResultsDirectory="c008e2ff-cb9b-42a6-af7a-c4ae5ba5795a" />
    <UnitTestResult executionId="2bb244e3-1b43-42c5-bc62-4dfa1a570e23" testId="e2bcb354-8425-d4d5-ef57-bb4868dfc75c" testName="GuardParser.US2-S4: unclosed bracket" computerName="Ryans-Mac-mini" startTime="2026-03-15T23:18:42.8097090-05:00" endTime="2026-03-15T23:18:42.8105530-05:00" testType="13cdc9d9-ddb5-4fa4-a97d-d965ccfc6d4b" outcome="Passed" testListId="8c84fa94-04c1-424b-9868-57a2d4851a1d" relativeResultsDirectory="2bb244e3-1b43-42c5-bc62-4dfa1a570e23" />
    <UnitTestResult executionId="43949aef-e087-4ef5-a69a-424af97f083e" testId="3c704f7d-25f7-b772-2667-6ffc8cf379c9" testName="RoundTrip.Onboarding Flow.dashed messages have correct style" computerName="Ryans-Mac-mini" duration="00:00:00.0040000" startTime="2026-03-15T23:18:42.6554020-05:00" endTime="2026-03-15T23:18:42.6627760-05:00" testType="13cdc9d9-ddb5-4fa4-a97d-d965ccfc6d4b" outcome="Passed" testListId="8c84fa94-04c1-424b-9868-57a2d4851a1d" relativeResultsDirectory="43949aef-e087-4ef5-a69a-424af97f083e" />
    <UnitTestResult executionId="f2b831d6-3d81-4fe6-ba11-56baf81baa60" testId="964f4fcc-f0b8-24ac-0876-c49c23f39830" testName="RoundTrip.Edge Cases.unicode participant names" computerName="Ryans-Mac-mini" startTime="2026-03-15T23:18:42.6665650-05:00" endTime="2026-03-15T23:18:42.6672130-05:00" testType="13cdc9d9-ddb5-4fa4-a97d-d965ccfc6d4b" outcome="Passed" testListId="8c84fa94-04c1-424b-9868-57a2d4851a1d" relativeResultsDirectory="f2b831d6-3d81-4fe6-ba11-56baf81baa60" />
    <UnitTestResult executionId="144ac51f-663c-4a20-a47a-d71f522d7955" testId="06891c95-a906-0b52-5dcc-5eec28373e9f" testName="RoundTrip.Onboarding Flow.title is Onboarding Flow" computerName="Ryans-Mac-mini" duration="00:00:00.0040000" startTime="2026-03-15T23:18:42.6552190-05:00" endTime="2026-03-15T23:18:42.6624770-05:00" testType="13cdc9d9-ddb5-4fa4-a97d-d965ccfc6d4b" outcome="Passed" testListId="8c84fa94-04c1-424b-9868-57a2d4851a1d" relativeResultsDirectory="144ac51f-663c-4a20-a47a-d71f522d7955" />
[...]
    <TestEntry testId="b913be5a-0b8d-1604-2601-c0ba3796b1cb" executionId="fd36a042-bbac-4343-a158-b580e60e350d" testListId="8c84fa94-04c1-424b-9868-57a2d4851a1d" />
    <TestEntry testId="4e70b880-b684-3db9-df8d-9a1542f08e96" executionId="d921d0ba-c630-46a2-a206-7d32add5cbc2" testListId="8c84fa94-04c1-424b-9868-57a2d4851a1d" />
    <TestEntry testId="147ba583-e9b5-cb1e-1dbb-380db0c0d0aa" executionId="baa2cca6-70f2-4b59-87af-43ee0267f9a3" testListId="8c84fa94-04c1-424b-9868-57a2d4851a1d" />
    <TestEntry testId="c7ff8207-8a1d-55c6-2d19-351eb89ac7a1" executionId="acf50996-5245-42f9-a9d9-26ce700f2e3f" testListId="8c84fa94-04c1-424b-9868-57a2d4851a1d" />
    <TestEntry testId="b12752ad-a200-582d-3eb7-934dab74eba9" executionId="3b95ef44-0cc3-41cb-946d-82f6771010ff" testListId="8c84fa94-04c1-424b-9868-57a2d4851a1d" />
    <TestEntry testId="a5aac72f-856f-897a-2eab-c8406f17c27d" executionId="4ec0df11-a8a4-446f-a405-8f1c9d4dfe89" testListId="8c84fa94-04c1-424b-9868-57a2d4851a1d" />
    <TestEntry testId="544d7348-a40f-4456-b80d-0ccd8c08fa87" executionId="47f86c5c-7048-453d-aa83-2124c0919f5f" testListId="8c84fa94-04c1-424b-9868-57a2d4851a1d" />
    <TestEntry testId="e0abac45-8716-badc-b501-00419d628e0b" executionId="98388ed8-4181-43e6-b982-668a7e25a073" testListId="8c84fa94-04c1-424b-9868-57a2d4851a1d" />
    <TestEntry testId="f869e6f7-9a2a-57e3-87ad-df530e0f54d6" executionId="d8b0f495-67e5-40fb-a69d-f77b4c0230c3" testListId="8c84fa94-04c1-424b-9868-57a2d4851a1d" />
    <TestEntry testId="d7e7dcb2-41a4-3f0a-f873-d22416e9d9b3" executionId="43aef840-a75e-452e-9f89-49f447f01a91" testListId="8c84fa94-04c1-424b-9868-57a2d4851a1d" />
    <TestEntry testId="cf9edfc5-5879-1a21-0559-50f22e6c73b9" executionId="7ea871fc-b711-4611-882e-afa8b2e5fa40" testListId="8c84fa94-04c1-424b-9868-57a2d4851a1d" />
    <TestEntry testId="1b6075ea-9a97-3558-6360-b899df8e4e82" executionId="f15010a3-5407-4a29-aae1-42cc328d723f" testListId="8c84fa94-04c1-424b-9868-57a2d4851a1d" />
    <TestEntry testId="149f3b0b-2ba2-ddb7-cedb-552afc9bd9a6" executionId="686740d3-294b-4365-b0c3-0d2110bfa1a5" testListId="8c84fa94-04c1-424b-9868-57a2d4851a1d" />
    <TestEntry testId="409b2ecb-c841-7079-1502-e52375c9fab9" executionId="de8a414c-443f-49b5-a6c3-1d2d509d0ab2" testListId="8c84fa94-04c1-424b-9868-57a2d4851a1d" />
    <TestEntry testId="4d2350b0-dee8-cac0-392f-7fa67ba7cee0" executionId="812b97ae-2e37-4db5-9549-131a6c89314b" testListId="8c84fa94-04c1-424b-9868-57a2d4851a1d" />
    <TestEntry testId="91b53ca2-2aac-4612-4b64-e81acf7da316" executionId="f9f62ef5-eaaa-4f0a-abd4-0088b3fd3212" testListId="8c84fa94-04c1-424b-9868-57a2d4851a1d" />
    <TestEntry testId="43269f0d-88dd-de66-ffaf-23fa9086edbf" executionId="fac47e66-8f36-4841-8817-d7e2f13f3a72" testListId="8c84fa94-04c1-424b-9868-57a2d4851a1d" />
    <TestEntry testId="9e75447a-cd93-e020-96f2-9ec9564f1c03" executionId="f0252b4e-41fe-4186-a231-ee6a4b7c8b7f" testListId="8c84fa94-04c1-424b-9868-57a2d4851a1d" />
    <TestEntry testId="cdc355aa-570a-202c-672b-95f70f72bb4e" executionId="e9278dca-81ee-4293-9b22-9da363ccfa9b" testListId="8c84fa94-04c1-424b-9868-57a2d4851a1d" />
    <TestEntry testId="89dc9568-7a8b-f9e8-6f68-406c61ab0941" executionId="471f2e42-f55a-49b5-9060-0d6c386cbbe1" testListId="8c84fa94-04c1-424b-9868-57a2d4851a1d" />
    <TestEntry testId="b023cbda-e8e7-1afc-ac7b-67579e418418" executionId="6567f408-4b7e-41c9-b378-bb690c6c504d" testListId="8c84fa94-04c1-424b-9868-57a2d4851a1d" />
    <TestEntry testId="3c3c739c-e8d7-cecf-5782-fdbd1b4fa119" executionId="f544e79f-5836-4ccc-ab57-ac7d038ad1b9" testListId="8c84fa94-04c1-424b-9868-57a2d4851a1d" />
    <TestEntry testId="6b3c2b6b-6fca-8c77-f820-2310e2c1e743" executionId="6d568ac4-20d1-4ed7-89d4-58c658ec34a0" testListId="8c84fa94-04c1-424b-9868-57a2d4851a1d" />
    <TestEntry testId="267ce907-2d75-ab3f-bf36-80b81e38eac5" executionId="c008e2ff-cb9b-42a6-af7a-c4ae5ba5795a" testListId="8c84fa94-04c1-424b-9868-57a2d4851a1d" />
    <TestEntry testId="e2bcb354-8425-d4d5-ef57-bb4868dfc75c" executionId="2bb244e3-1b43-42c5-bc62-4dfa1a570e23" testListId="8c84fa94-04c1-424b-9868-57a2d4851a1d" />
    <TestEntry testId="3c704f7d-25f7-b772-2667-6ffc8cf379c9" executionId="43949aef-e087-4ef5-a69a-424af97f083e" testListId="8c84fa94-04c1-424b-9868-57a2d4851a1d" />
    <TestEntry testId="964f4fcc-f0b8-24ac-0876-c49c23f39830" executionId="f2b831d6-3d81-4fe6-ba11-56baf81baa60" testListId="8c84fa94-04c1-424b-9868-57a2d4851a1d" />
    <TestEntry testId="06891c95-a906-0b52-5dcc-5eec28373e9f" executionId="144ac51f-663c-4a20-a47a-d71f522d7955" testListId="8c84fa94-04c1-424b-9868-57a2d4851a1d" />
    <TestEntry testId="2c8991b0-a0c3-fcd5-dda6-06f68edce55b" executionId="e5548c75-27e2-47c3-83de-8c0361da13cc" testListId="8c84fa94-04c1-424b-9868-57a2d4851a1d" />
    <TestEntry testId="45887454-db89-eb1b-e947-61e577f01d19" executionId="363466f7-3c27-466e-bc63-683794715de5" testListId="8c84fa94-04c1-424b-9868-57a2d4851a1d" />
    <TestEntry testId="64f8463b-8042-1b88-dccc-47323c368eea" executionId="eb69abcb-e73c-4436-ab8b-7f9449cc30f9" testListId="8c84fa94-04c1-424b-9868-57a2d4851a1d" />
    <TestEntry testId="ea0eabb3-a43d-b0f7-64ff-b52fee632a41" executionId="483ef2ff-481c-40c4-afb2-fe57d9c283ff" testListId="8c84fa94-04c1-424b-9868-57a2d4851a1d" />
    <TestEntry testId="342fb077-c97f-9b70-610b-70e4a54899dd" executionId="57329083-4630-4372-8f4b-6d70249e5d75" testListId="8c84fa94-04c1-424b-9868-57a2d4851a1d" />
    <TestEntry testId="bfc0bcd9-2114-814f-96ef-384f2f4562d5" executionId="00c62966-fd12-4b87-b90b-a9df448f0183" testListId="8c84fa94-04c1-424b-9868-57a2d4851a1d" />
    <TestEntry testId="ff415884-e1f7-040c-3097-ceefe5407e5e" executionId="386ba875-c17e-44d2-85bd-6445e0aec84c" testListId="8c84fa94-04c1-424b-9868-57a2d4851a1d" />
    <TestEntry testId="ebd203fc-750f-ebf2-51a8-6dd71bb8f32d" executionId="a3661534-1700-41ca-b91e-3919f7dd8152" testListId="8c84fa94-04c1-424b-9868-57a2d4851a1d" />
    <TestEntry testId="f0aff5ff-4bad-7d6c-7b74-f97d83727dea" executionId="726eea74-3e46-43c4-bff7-acf0177de664" testListId="8c84fa94-04c1-424b-9868-57a2d4851a1d" />
    <TestEntry testId="5cf551ef-7262-9eb0-0e63-76d01d57fde5" executionId="b70400df-098a-4a8d-8f33-b0cfb84b0c3a" testListId="8c84fa94-04c1-424b-9868-57a2d4851a1d" />
    <TestEntry testId="ad8f2ddd-8a5b-705c-104f-7c710ac01b7f" executionId="5bcdd10a-26a0-4d3d-b93b-b4a6523a6178" testListId="8c84fa94-04c1-424b-9868-57a2d4851a1d" />
    <TestEntry testId="5a38d088-7adf-77b2-ca5b-66935ce64d71" executionId="0c8eddc9-8da5-4a47-a2d3-5e2737a625d4" testListId="8c84fa94-04c1-424b-9868-57a2d4851a1d" />
    <TestEntry testId="17d9b742-3374-0f6c-8696-236ecf4cdbcc" executionId="8d124122-a23f-4f9f-b7eb-d5d826b201e2" testListId="8c84fa94-04c1-424b-9868-57a2d4851a1d" />
    <TestEntry testId="942b455a-1c82-8b94-f26f-f82ec63ed908" executionId="4ae8e4bc-ca21-4e9c-8ace-bd92d5ae784d" testListId="8c84fa94-04c1-424b-9868-57a2d4851a1d" />
    <TestEntry testId="c9ae1777-3fd2-b695-1877-5df72447ad7b" executionId="d02245eb-3cbc-48bb-ab0a-4a180e925a7a" testListId="8c84fa94-04c1-424b-9868-57a2d4851a1d" />
    <TestEntry testId="2bbf6623-c890-2075-cb40-1d048f7b6b0a" executionId="affee90e-f94b-4b3a-b794-5f7b9cded46f" testListId="8c84fa94-04c1-424b-9868-57a2d4851a1d" />
    <TestEntry testId="10880aa6-adc3-68bd-51e7-3ca28bbd4412" executionId="c8a0a383-d3a8-4292-bb74-10b61a55cf33" testListId="8c84fa94-04c1-424b-9868-57a2d4851a1d" />
    <TestEntry testId="628daca3-79f5-2e29-5b68-cf3bc435d700" executionId="b53518c2-2cd9-483b-8314-22cb8664b3ce" testListId="8c84fa94-04c1-424b-9868-57a2d4851a1d" />
    <TestEntry testId="b6968c03-5888-e70b-24ea-58fe04112f45" executionId="b759a3e2-6e99-4ef0-aa2e-2828291dd765" testListId="8c84fa94-04c1-424b-9868-57a2d4851a1d" />
    <TestEntry testId="2a2988ef-841f-9df0-dce0-2856e7d0cb25" executionId="4212769e-07af-41a5-af7c-7670b4ae31d1" testListId="8c84fa94-04c1-424b-9868-57a2d4851a1d" />
    <TestEntry testId="48fd4131-0fd8-0591-23c2-78e49c4784b6" executionId="d732aa7e-2b35-4fad-92a6-51c94bda5d40" testListId="8c84fa94-04c1-424b-9868-57a2d4851a1d" />
    <TestEntry testId="b9b80596-71bf-4b7d-1c84-95b97f1400ee" executionId="a0c9074c-b7d0-44c7-a432-044912a16462" testListId="8c84fa94-04c1-424b-9868-57a2d4851a1d" />
    <TestEntry testId="6686842c-61e6-4562-9c6e-6d8edbae1e7a" executionId="d165bcd6-5280-4922-b13a-60a696fd7fa2" testListId="8c84fa94-04c1-424b-9868-57a2d4851a1d" />
    <TestEntry testId="1c29bffa-025d-d129-651f-adb0582d85d1" executionId="ea366ba3-263e-4e61-b25e-cb18762324c1" testListId="8c84fa94-04c1-424b-9868-57a2d4851a1d" />
    <TestEntry testId="9983ffe6-3736-c7e7-2f9e-a96b66fbf211" executionId="018b2b75-a3df-4eae-a6e5-a3438092f838" testListId="8c84fa94-04c1-424b-9868-57a2d4851a1d" />
    <TestEntry testId="43416ecb-f9ce-d5fb-43c9-02729874b298" executionId="a14576ac-209a-4838-9bc8-dbc919c71d5f" testListId="8c84fa94-04c1-424b-9868-57a2d4851a1d" />
    <TestEntry testId="17d5a843-9a4a-3bfc-7d04-fd6ef149ca65" executionId="dc043372-59eb-4be7-92a7-ff754f2256d6" testListId="8c84fa94-04c1-424b-9868-57a2d4851a1d" />
    <TestEntry testId="c2f432dd-ded3-adf0-8235-36b97af012c3" executionId="9205a192-8e4b-458f-942c-a13f12737d04" testListId="8c84fa94-04c1-424b-9868-57a2d4851a1d" />
    <TestEntry testId="ec112d93-9e21-653e-0629-8e25d5754f50" executionId="6653f054-1db9-4daa-a012-d1c010f4b721" testListId="8c84fa94-04c1-424b-9868-57a2d4851a1d" />
    <TestEntry testId="92b9f2e4-ea22-453a-540a-ebe7f8d860b4" executionId="e0f83d0c-5451-41eb-b5d7-6c072496bc1c" testListId="8c84fa94-04c1-424b-9868-57a2d4851a1d" />
    <TestEntry testId="2e25029a-31eb-63c2-080b-5f4951152e21" executionId="7038c13f-7bf5-43aa-822e-ab7f39b3c034" testListId="8c84fa94-04c1-424b-9868-57a2d4851a1d" />
    <TestEntry testId="0dc16d74-e6e9-9da7-c532-3c9bb6d96321" executionId="2bde6381-9f9d-4248-849b-62b448fe8342" testListId="8c84fa94-04c1-424b-9868-57a2d4851a1d" />
    <TestEntry testId="6fa10540-12f3-eb5c-0cae-cd0eb4bb8700" executionId="8efa3f70-2427-402a-ab5a-7ed3b385f0a8" testListId="8c84fa94-04c1-424b-9868-57a2d4851a1d" />
    <TestEntry testId="e4b0ce44-ff51-301e-7be6-e2f5fac64334" executionId="4ac84f6d-50a4-4130-8b7f-2a1faa154fc9" testListId="8c84fa94-04c1-424b-9868-57a2d4851a1d" />
    <TestEntry testId="ec490e1a-3892-9bf9-cfb0-7a78394b190a" executionId="c33fd34c-da48-4ba1-911f-cc7f26ddbb1e" testListId="8c84fa94-04c1-424b-9868-57a2d4851a1d" />
    <TestEntry testId="0d881368-67bc-17ba-abf3-ba2b0d8fddc3" executionId="0439dc14-0ebb-488a-afba-203f297cacf2" testListId="8c84fa94-04c1-424b-9868-57a2d4851a1d" />
    <TestEntry testId="6c33c70f-6d34-f51d-3f74-ff937562f835" executionId="15ed7945-a9a5-422e-961d-0b46b7d78c31" testListId="8c84fa94-04c1-424b-9868-57a2d4851a1d" />
    <TestEntry testId="8fec26d1-95b3-4b3e-514e-0f5e5d843418" executionId="ef415436-a152-4cf0-982b-c37ca85f656e" testListId="8c84fa94-04c1-424b-9868-57a2d4851a1d" />
    <TestEntry testId="9b6ef532-404e-2e74-43e4-793492937dbc" executionId="7dce4a1f-010f-4a74-852f-c194883453c7" testListId="8c84fa94-04c1-424b-9868-57a2d4851a1d" />
    <TestEntry testId="f97074ae-c4b8-bad4-4266-6099321a862e" executionId="b6e361ee-5a61-45bd-96d8-50b5c01d967f" testListId="8c84fa94-04c1-424b-9868-57a2d4851a1d" />
    <TestEntry testId="1ad2e393-73e3-a598-889a-09c67460416f" executionId="b094126c-39f7-4cd3-94d7-f2b4bab73e52" testListId="8c84fa94-04c1-424b-9868-57a2d4851a1d" />
    <TestEntry testId="fbaa0282-1ead-9a4a-5cdd-0552235d95b2" executionId="4d351579-895c-4b38-9ffb-8cc6c01e014b" testListId="8c84fa94-04c1-424b-9868-57a2d4851a1d" />
    <TestEntry testId="b58099e0-a65a-115f-b516-619494a358b5" executionId="4ece553a-17b5-4675-8e01-e693c40d38bd" testListId="8c84fa94-04c1-424b-9868-57a2d4851a1d" />
    <TestEntry testId="700774e8-b06a-0144-c5e1-c8a5de89954a" executionId="255b1e18-8b49-41c0-bb09-aaeee680157f" testListId="8c84fa94-04c1-424b-9868-57a2d4851a1d" />
    <TestEntry testId="d4c0e79a-1a73-1c52-7e2c-26874d553cd7" executionId="aa5f5bff-1c1b-43fb-93c8-3f96acdd74db" testListId="8c84fa94-04c1-424b-9868-57a2d4851a1d" />
    <TestEntry testId="180f7760-2e62-4a30-fd53-8176cceefe60" executionId="cf164dcf-0db4-453b-920e-b791edc66d97" testListId="8c84fa94-04c1-424b-9868-57a2d4851a1d" />
    <TestEntry testId="c89bdb5b-f8a6-7ed9-2dea-b5af0007744f" executionId="05972ea7-56d9-4171-9dbe-696c6e0af108" testListId="8c84fa94-04c1-424b-9868-57a2d4851a1d" />
    <TestEntry testId="a86dced6-2452-149b-3018-d34b0c9aed5a" executionId="ad1d8607-ecbc-4263-97e7-cbea809f0535" testListId="8c84fa94-04c1-424b-9868-57a2d4851a1d" />
    <TestEntry testId="4efce0c5-8feb-0f16-342e-062338ab6adc" executionId="dfd2296e-e213-409e-a098-9f1c2de18c9a" testListId="8c84fa94-04c1-424b-9868-57a2d4851a1d" />
    <TestEntry testId="dfed9445-8be1-d316-ec7d-eedbf53ba4ea" executionId="39c945c2-cce0-4edf-8ab4-f6958790dd6c" testListId="8c84fa94-04c1-424b-9868-57a2d4851a1d" />
    <TestEntry testId="130a7ffe-494e-98ab-1324-5143bedd0661" executionId="d34d5c36-7f67-4db0-8d89-b544ca294a29" testListId="8c84fa94-04c1-424b-9868-57a2d4851a1d" />
    <TestEntry testId="ecf33ab1-6203-765b-5b6c-2d288426c4e0" executionId="002bed14-e5d3-41b5-a909-733c797b1673" testListId="8c84fa94-04c1-424b-9868-57a2d4851a1d" />
    <TestEntry testId="df589c34-2e72-3a0e-2ed4-7dad29e12e0f" executionId="3d60e44e-9a5a-43c0-9f13-6274c8de0847" testListId="8c84fa94-04c1-424b-9868-57a2d4851a1d" />
    <TestEntry testId="863ee58b-d165-b87d-fe69-015df8855a83" executionId="a668f6cd-4832-4c51-9dc6-408c17477b35" testListId="8c84fa94-04c1-424b-9868-57a2d4851a1d" />
    <TestEntry testId="ea03f940-e95f-644f-8080-7ac6bc4f07dc" executionId="7203e929-99e7-4f83-8643-40ef7bb62371" testListId="8c84fa94-04c1-424b-9868-57a2d4851a1d" />
    <TestEntry testId="b74d8f2d-9cf5-d90e-8b17-e5df8376912a" executionId="60df216a-3771-4f7e-98fd-6ce7822cffb5" testListId="8c84fa94-04c1-424b-9868-57a2d4851a1d" />
    <TestEntry testId="82aefbae-eb9d-2b4b-3bf0-4175ebfc0dc1" executionId="b5c1b1bb-4049-4e31-9f81-63bc4c429087" testListId="8c84fa94-04c1-424b-9868-57a2d4851a1d" />
    <TestEntry testId="ae3049eb-d62d-3d69-a730-6c3c1a5e5266" executionId="f51a0d8a-4a93-4feb-adf6-dc199d2ba443" testListId="8c84fa94-04c1-424b-9868-57a2d4851a1d" />
    <TestEntry testId="02150b5f-c748-3419-7ceb-1b7a3aab96f3" executionId="91dae7a8-57a6-4ce3-b7e1-ee3a2b98920d" testListId="8c84fa94-04c1-424b-9868-57a2d4851a1d" />
    <TestEntry testId="796ca077-3a00-36a3-8212-47b063fde107" executionId="d6a76b29-a278-4de6-bbeb-d5c4cfb96fc0" testListId="8c84fa94-04c1-424b-9868-57a2d4851a1d" />
    <TestEntry testId="dc03651f-1a51-954a-ee08-9ed3ef4ea66d" executionId="617b75d1-dc8d-4d12-8ea0-4e396f758602" testListId="8c84fa94-04c1-424b-9868-57a2d4851a1d" />
    <TestEntry testId="38adc08c-1741-3a91-aa2f-e2c32a0d08ce" executionId="e99996fe-1eaa-4184-b5e6-3ddedc0c3c33" testListId="8c84fa94-04c1-424b-9868-57a2d4851a1d" />
    <TestEntry testId="766ffd9f-530c-60fd-70f6-4954a077ce51" executionId="19e81a04-49b6-4d51-98ed-b5bdb6244d03" testListId="8c84fa94-04c1-424b-9868-57a2d4851a1d" />
    <TestEntry testId="d7ed204b-a6d3-5ec8-a3d8-588df625090a" executionId="5d16b285-13eb-44a4-a227-5bc0a5e5a23e" testListId="8c84fa94-04c1-424b-9868-57a2d4851a1d" />
    <TestEntry testId="9c856895-3f4b-c9b7-da94-a847764eb244" executionId="e2133a09-4057-44e2-b68c-51a5be586e3f" testListId="8c84fa94-04c1-424b-9868-57a2d4851a1d" />
    <TestEntry testId="5c63ece9-1ee7-c4df-4d76-5c1eba89be2d" executionId="5e72748c-dccd-48ae-bebf-4f49440948f6" testListId="8c84fa94-04c1-424b-9868-57a2d4851a1d" />
    <TestEntry testId="c62081c8-906e-f9ea-3203-b6d1272c6e91" executionId="452cf624-fe3c-4bea-bed7-641d28cb3a30" testListId="8c84fa94-04c1-424b-9868-57a2d4851a1d" />
    <TestEntry testId="2c0c0670-ed72-2bb2-1a2b-1106297ce58a" executionId="9becdaa7-1e7e-4675-b4ad-03634e69955e" testListId="8c84fa94-04c1-424b-9868-57a2d4851a1d" />
    <TestEntry testId="e88d4d61-0b94-96ed-1cc2-ef1f6dd5c0b4" executionId="ecffc106-db01-4032-a851-7a23bd07b65a" testListId="8c84fa94-04c1-424b-9868-57a2d4851a1d" />
    <TestEntry testId="fc3a8874-06ff-57f7-beba-116b7bf7898d" executionId="d54f1384-ba42-4faf-8597-8071d3c40883" testListId="8c84fa94-04c1-424b-9868-57a2d4851a1d" />
    <TestEntry testId="66bb07e1-e004-d79a-43bc-367f518b63ae" executionId="e11874f7-e1cf-443e-8def-2898401b0a41" testListId="8c84fa94-04c1-424b-9868-57a2d4851a1d" />
    <TestEntry testId="80bdc0cf-4606-20da-150d-7329bddc3bef" executionId="826b5fe6-7492-4f82-85a4-17674d46035c" testListId="8c84fa94-04c1-424b-9868-57a2d4851a1d" />
    <TestEntry testId="9ba0fc45-e70c-8ce9-f071-da6ee8912c3b" executionId="13f8716b-5fa1-4888-971b-bc0695f1d057" testListId="8c84fa94-04c1-424b-9868-57a2d4851a1d" />
    <TestEntry testId="88eda959-7322-16a3-adb2-0a73d5cd2909" executionId="232eb4d4-d602-4bb7-a263-f0b7eb48a6b2" testListId="8c84fa94-04c1-424b-9868-57a2d4851a1d" />
    <TestEntry testId="332adfed-e0f4-2d22-2d1a-15e2074c0a86" executionId="8819222d-bee9-462c-badb-05e4f9a9926e" testListId="8c84fa94-04c1-424b-9868-57a2d4851a1d" />
    <TestEntry testId="e15768a2-4684-ad14-9411-25c59d4390a7" executionId="59c7d98e-b123-4c9c-a049-b7480d2a683c" testListId="8c84fa94-04c1-424b-9868-57a2d4851a1d" />
    <TestEntry testId="83613183-8c3d-baec-7a21-657e4fe4de8d" executionId="9d70a713-71a9-4724-9556-9f1c3168b35f" testListId="8c84fa94-04c1-424b-9868-57a2d4851a1d" />
    <TestEntry testId="dac8a8ae-0a38-3ec3-addf-e46058ba1418" executionId="e23e3523-f9c5-496f-8b07-77e9b68805c5" testListId="8c84fa94-04c1-424b-9868-57a2d4851a1d" />
    <TestEntry testId="a4486015-071d-8664-e024-e464ea06f09b" executionId="9cd3c8b6-8d7f-452c-8fc5-dcbdf41c4fc1" testListId="8c84fa94-04c1-424b-9868-57a2d4851a1d" />
    <TestEntry testId="044dfe13-e202-03c9-3b76-abeda3269518" executionId="cc9dcb69-d328-4608-8dc8-a64640356dc0" testListId="8c84fa94-04c1-424b-9868-57a2d4851a1d" />
    <TestEntry testId="32e7bd9c-cd19-0e51-ebd8-273966231b30" executionId="fd075600-293b-4fd7-8997-c6bb72f85eaf" testListId="8c84fa94-04c1-424b-9868-57a2d4851a1d" />
    <TestEntry testId="7beddd2e-0292-f6ed-480d-71b1377889f7" executionId="21385a5c-ad69-4acd-b593-03e5cc720f15" testListId="8c84fa94-04c1-424b-9868-57a2d4851a1d" />
    <TestEntry testId="88dac574-6069-f60a-11c6-05b351bddac6" executionId="e4d4d1f0-2999-496e-a60a-c4e0eeb5f141" testListId="8c84fa94-04c1-424b-9868-57a2d4851a1d" />
    <TestEntry testId="332afa1f-ba49-d4e0-bca8-68189462223d" executionId="8068cf8e-7d6c-4208-999d-8aad77c66a48" testListId="8c84fa94-04c1-424b-9868-57a2d4851a1d" />
    <TestEntry testId="f980f703-db7c-c6cf-223d-3a4556685c5f" executionId="e390dff6-b495-4cdc-a44e-e92416b7aa8f" testListId="8c84fa94-04c1-424b-9868-57a2d4851a1d" />
    <TestEntry testId="6a2d1069-6d2c-1d7e-7eac-a4a4e52b2147" executionId="1092d428-6e2f-423a-8216-4de51025dd2f" testListId="8c84fa94-04c1-424b-9868-57a2d4851a1d" />
    <TestEntry testId="f4c4bf11-2e24-6c27-687a-cd61f588dc8d" executionId="8b451249-bf0e-44cb-9a42-b7d736b3d1dc" testListId="8c84fa94-04c1-424b-9868-57a2d4851a1d" />
    <TestEntry testId="90e8ec10-b7f7-3483-53a5-a55754e1ef7c" executionId="b16c1b43-c96d-49ea-b223-9b534e99426c" testListId="8c84fa94-04c1-424b-9868-57a2d4851a1d" />
    <TestEntry testId="f2da5f2f-f1b7-7dc1-a7e0-cbc22cc107be" executionId="af68644e-a8a0-45f0-9c74-1c1ec2297011" testListId="8c84fa94-04c1-424b-9868-57a2d4851a1d" />
    <TestEntry testId="3b0c4571-ad99-3364-3e6c-e3f60bb37770" executionId="74d82d56-d23d-4455-8287-c7edd1af44f6" testListId="8c84fa94-04c1-424b-9868-57a2d4851a1d" />
  </TestEntries>
  <TestLists>
    <TestList name="Results Not in a List" id="8c84fa94-04c1-424b-9868-57a2d4851a1d" />
    <TestList name="All Loaded Results" id="19431567-8539-422a-85d7-44ee4e166bda" />
  </TestLists>
  <ResultSummary outcome="Failed">
    <Counters total="250" executed="250" passed="249" failed="1" error="0" timeout="0" aborted="0" inconclusive="0" passedButRunAborted="0" notRunnable="0" notExecuted="0" disconnected="0" warning="0" completed="0" inProgress="0" pending="0" />
  </ResultSummary>
</TestRun>